# BEAST v1.10.4 Prerelease #bc6cbd9
# Generated Sun May 03 08:21:27 CEST 2020 [seed=1588486884994]
# Nextstrain_200420_3.xml
state	location.rates.Belgium.other	location.rates.other.Belgium	location.indicators.Belgium.other	location.indicators.other.Belgium	location.nonZeroRates
0	1.0	1.0	1.0	1.0	2.0
1000	0.33677823227535864	2.3994604176940024	1.0	1.0	2.0
2000	0.6366831213337276	2.5713986920538403	1.0	1.0	2.0
3000	0.13311087521585688	0.5411920307728831	1.0	1.0	2.0
4000	0.47036106609324674	2.348233874988386	1.0	1.0	2.0
5000	0.11390281622074923	0.4610888134069021	1.0	1.0	2.0
6000	0.2624014691487611	0.8001744824508871	1.0	1.0	2.0
7000	0.1307313348325549	0.8242512390171338	1.0	1.0	2.0
8000	0.26424120475065443	0.9144254866208803	1.0	1.0	2.0
9000	0.3656612963836058	1.553941494869692	1.0	1.0	2.0
10000	0.3261264823826912	0.664322835159994	1.0	1.0	2.0
11000	0.19521730972912352	0.8377790735687884	1.0	1.0	2.0
12000	0.024065098159513368	0.09472033050168518	1.0	1.0	2.0
13000	0.0525115033174936	0.2707066137602118	1.0	1.0	2.0
14000	0.3748511592746408	1.0861132959371638	1.0	1.0	2.0
15000	0.24563849004805147	0.7726884682038789	1.0	1.0	2.0
16000	0.9078602149826369	2.3751553978245816	1.0	1.0	2.0
17000	0.6618028256092086	1.6533544908118485	1.0	1.0	2.0
18000	0.13673704878960408	0.4433614488151655	1.0	1.0	2.0
19000	0.6794018974445202	1.7334267715823142	1.0	1.0	2.0
20000	0.20899541991399004	0.6677095070260349	1.0	1.0	2.0
21000	0.07749925393735874	0.297019934356022	1.0	1.0	2.0
22000	0.06734906807553646	0.22469627673362338	1.0	1.0	2.0
23000	0.12230031887605615	0.3890770887638586	1.0	1.0	2.0
24000	0.36112673046917826	1.9457678587281715	1.0	1.0	2.0
25000	0.2765674198263149	1.1962274087264126	1.0	1.0	2.0
26000	0.22502685687430474	1.2086133307032636	1.0	1.0	2.0
27000	0.052896060091828435	0.33366987183380564	1.0	1.0	2.0
28000	0.06406662888804068	0.2691286282001672	1.0	1.0	2.0
29000	0.5674948689812797	1.6511642252542384	1.0	1.0	2.0
30000	0.12884143315031354	0.5550116957258964	1.0	1.0	2.0
31000	0.31087246870982044	1.418296472443893	1.0	1.0	2.0
32000	0.20158235037970712	1.020892470173251	1.0	1.0	2.0
33000	0.035853878757973245	0.1443657246327629	1.0	1.0	2.0
34000	0.3965203360232971	2.6601434655206426	1.0	1.0	2.0
35000	0.34683618666014115	1.2799356196390828	1.0	1.0	2.0
36000	0.07041915221324252	0.2190919906662461	1.0	1.0	2.0
37000	0.8261144312323762	2.4797439499028533	1.0	1.0	2.0
38000	0.4270610689117159	1.7211893977441202	1.0	1.0	2.0
39000	0.22652194580245144	1.1399010836500965	1.0	1.0	2.0
40000	0.25006480311395834	0.8056988792146648	1.0	1.0	2.0
41000	0.611405084786921	2.099965638497565	1.0	1.0	2.0
42000	0.5278075217652334	1.5713313381626366	1.0	1.0	2.0
43000	0.1719928088472849	0.7822329992674042	1.0	1.0	2.0
44000	0.21553152133510214	1.428738412545828	1.0	1.0	2.0
45000	0.104311397169486	0.3511459186348834	1.0	1.0	2.0
46000	0.15961297032565247	0.6460548355165956	1.0	1.0	2.0
47000	0.4329764875225348	1.4590681876442997	1.0	1.0	2.0
48000	0.23047208380756634	1.0473977129301257	1.0	1.0	2.0
49000	0.12492474738463116	0.753975564699431	1.0	1.0	2.0
50000	0.17701062379539104	0.47753292168087064	1.0	1.0	2.0
51000	0.06103518768166539	0.19984171570181689	1.0	1.0	2.0
52000	0.23525669232526789	0.7721423591162858	1.0	1.0	2.0
53000	0.20939466150314523	1.1351945852514058	1.0	1.0	2.0
54000	0.10483014914673869	0.5366431296817996	1.0	1.0	2.0
55000	0.44588360990399967	1.9856864791750721	1.0	1.0	2.0
56000	0.23654897061886274	1.0223334140204727	1.0	1.0	2.0
57000	0.5923508084557546	2.556666220087985	1.0	1.0	2.0
58000	0.8074938153592758	2.893336807788651	1.0	1.0	2.0
59000	0.06276239499680905	0.3576558675158376	1.0	1.0	2.0
60000	0.15636773856459546	0.3851799687740623	1.0	1.0	2.0
61000	0.2717293630645666	0.9956578639007516	1.0	1.0	2.0
62000	0.3338702753385923	0.7446722108485367	1.0	1.0	2.0
63000	0.2086619581385104	0.788654858511634	1.0	1.0	2.0
64000	0.4814691944252047	2.1076673907666073	1.0	1.0	2.0
65000	0.1286839249322725	0.5821558617385485	1.0	1.0	2.0
66000	0.31883967255178863	1.2796619951874109	1.0	1.0	2.0
67000	0.8901272049977533	3.1366989514082806	1.0	1.0	2.0
68000	0.12989367340991134	0.671573759360325	1.0	1.0	2.0
69000	0.607089843250745	1.3657903072456663	1.0	1.0	2.0
70000	0.23050198452858237	1.2802148442033199	1.0	1.0	2.0
71000	0.3778037763549837	1.3797194346936354	1.0	1.0	2.0
72000	0.3170935123814462	1.402447462911615	1.0	1.0	2.0
73000	0.10455974954642684	0.4246948330985397	1.0	1.0	2.0
74000	0.18491072527044736	0.9721595501719515	1.0	1.0	2.0
75000	0.4636084587490957	1.0967364206854457	1.0	1.0	2.0
76000	0.41846563378359247	1.9524853698759757	1.0	1.0	2.0
77000	0.47462135159461233	1.789833098939629	1.0	1.0	2.0
78000	0.0999227085109935	0.5365752895949681	1.0	1.0	2.0
79000	0.13415594543482975	0.5531378770620075	1.0	1.0	2.0
80000	0.9988171780539	3.106163819914372	1.0	1.0	2.0
81000	0.2053491210044228	0.5983509056939452	1.0	1.0	2.0
82000	0.20490746823956915	0.6902033137453052	1.0	1.0	2.0
83000	0.26686306372700125	0.7059021379093079	1.0	1.0	2.0
84000	0.2502055503951035	0.6589140230754731	1.0	1.0	2.0
85000	0.5366507716697764	1.4180414053025425	1.0	1.0	2.0
86000	1.253926269309743	2.830083813558473	1.0	1.0	2.0
87000	0.4850442155307732	2.501906850704892	1.0	1.0	2.0
88000	0.17310783834154278	1.1838759420327747	1.0	1.0	2.0
89000	1.6284138299169877	4.616727680795397	1.0	1.0	2.0
90000	0.12271061301423776	0.5008087615490632	1.0	1.0	2.0
91000	0.1195535222515972	0.6858779095007849	1.0	1.0	2.0
92000	0.10788666187171363	0.30688349948899507	1.0	1.0	2.0
93000	1.0839578229352391	3.363293054319397	1.0	1.0	2.0
94000	0.2536900684082535	0.6964273303043418	1.0	1.0	2.0
95000	0.4289848518985379	1.377728482480927	1.0	1.0	2.0
96000	0.5646861647043225	2.2245863079170296	1.0	1.0	2.0
97000	0.05343209539800242	0.21670444542986167	1.0	1.0	2.0
98000	0.16687062765522212	0.9564275884215054	1.0	1.0	2.0
99000	0.5961897380124688	3.294493628497321	1.0	1.0	2.0
100000	0.1718061221974005	1.0318979505127448	1.0	1.0	2.0
101000	0.43860383224514504	1.7352928368000478	1.0	1.0	2.0
102000	0.3309269533511582	1.179799802842713	1.0	1.0	2.0
103000	0.2297062540211414	0.9619822878686834	1.0	1.0	2.0
104000	0.2488780531264311	1.3228454453692633	1.0	1.0	2.0
105000	0.07784778830178254	0.6076247051009671	1.0	1.0	2.0
106000	0.4196111645310478	1.1767039907044654	1.0	1.0	2.0
107000	0.47995173695685905	1.714446541351257	1.0	1.0	2.0
108000	0.1729563177232964	0.6328299791281712	1.0	1.0	2.0
109000	0.3657239454053524	1.2136745250564576	1.0	1.0	2.0
110000	0.1115673470851905	0.7629787012188359	1.0	1.0	2.0
111000	0.04761793712641006	0.19801163267454217	1.0	1.0	2.0
112000	1.1562511735407708	2.572204811027481	1.0	1.0	2.0
113000	0.3042219755299558	1.9384101667195885	1.0	1.0	2.0
114000	0.043600069156772586	0.38263696375469186	1.0	1.0	2.0
115000	1.5276577441330392	4.3019430281330555	1.0	1.0	2.0
116000	1.2588467118271138	5.095848136163599	1.0	1.0	2.0
117000	0.09273473244400082	0.43081325410571747	1.0	1.0	2.0
118000	0.2120751498633999	1.662471027125596	1.0	1.0	2.0
119000	0.3740896380277375	0.8618718316898074	1.0	1.0	2.0
120000	0.3465543462430059	1.3075738696267702	1.0	1.0	2.0
121000	0.06903021595591159	0.4153786928255515	1.0	1.0	2.0
122000	0.6193225679154368	2.2585046460094276	1.0	1.0	2.0
123000	0.17751522757214175	0.7172849431851058	1.0	1.0	2.0
124000	0.6178075875631845	3.0886281434578047	1.0	1.0	2.0
125000	0.6035186362966355	1.5177834734646936	1.0	1.0	2.0
126000	0.26410226054312685	0.6092312958647859	1.0	1.0	2.0
127000	0.5577496272989302	2.40239385173179	1.0	1.0	2.0
128000	0.5463830084658087	1.4504359283125001	1.0	1.0	2.0
129000	0.8967892091149586	4.318101209923033	1.0	1.0	2.0
130000	0.39134482891149497	1.0150064864532318	1.0	1.0	2.0
131000	0.1212688790901396	0.5863686630741588	1.0	1.0	2.0
132000	0.3170379789040506	0.703247085088085	1.0	1.0	2.0
133000	0.06805332082746592	0.23230494217719636	1.0	1.0	2.0
134000	0.08589373946572766	0.35842850279258565	1.0	1.0	2.0
135000	0.6232905149134312	2.430854438309562	1.0	1.0	2.0
136000	1.167720899978657	4.328603163401761	1.0	1.0	2.0
137000	0.19125651690513754	0.5575775566978551	1.0	1.0	2.0
138000	0.36826045934044654	1.2518882120240757	1.0	1.0	2.0
139000	0.3730327073699799	1.0054263472825422	1.0	1.0	2.0
140000	0.17592975638991346	0.9181052132674596	1.0	1.0	2.0
141000	0.3323985963603914	1.1613979570202195	1.0	1.0	2.0
142000	0.5177578805578293	2.0985324675772876	1.0	1.0	2.0
143000	0.04466421839689659	0.17869836865042713	1.0	1.0	2.0
144000	0.4426275196420784	1.4389025226554852	1.0	1.0	2.0
145000	0.35606745977144383	1.3130362833356075	1.0	1.0	2.0
146000	0.6391986826766382	2.320576825856507	1.0	1.0	2.0
147000	0.18907717401009091	0.7950393026339857	1.0	1.0	2.0
148000	0.775057816204369	3.154821421726261	1.0	1.0	2.0
149000	0.33109873159119807	3.456828787537717	1.0	1.0	2.0
150000	0.6097735224287275	2.2958733628778525	1.0	1.0	2.0
151000	0.1278560341852656	0.4285706897394293	1.0	1.0	2.0
152000	0.5470734755944621	2.8667981746817777	1.0	1.0	2.0
153000	0.5031727140551832	1.8741724446603685	1.0	1.0	2.0
154000	0.42293869662594263	1.6817664117423865	1.0	1.0	2.0
155000	0.5113803384482325	1.3385186752741214	1.0	1.0	2.0
156000	0.575773435479398	2.145874003949365	1.0	1.0	2.0
157000	0.0928710179042491	0.7639000280616507	1.0	1.0	2.0
158000	0.6132712178055323	2.3518708264520947	1.0	1.0	2.0
159000	0.2100511404052991	1.3665056078112847	1.0	1.0	2.0
160000	0.2971897170014516	1.2938194092094024	1.0	1.0	2.0
161000	0.5768874974196704	1.4059110196323954	1.0	1.0	2.0
162000	0.09330266130000824	0.6301510152656751	1.0	1.0	2.0
163000	0.09511867012051901	0.5996028519561527	1.0	1.0	2.0
164000	0.36315587060066995	1.2650483247560542	1.0	1.0	2.0
165000	0.14197187773085224	0.5546774724439683	1.0	1.0	2.0
166000	1.0101419566521161	2.2090421283599735	1.0	1.0	2.0
167000	0.3684568218431453	2.1592501745031867	1.0	1.0	2.0
168000	0.1387553557886572	0.314483938358084	1.0	1.0	2.0
169000	0.6152023922019311	1.4109292175680883	1.0	1.0	2.0
170000	0.44734401805468205	1.8739199804023308	1.0	1.0	2.0
171000	0.19285609255106892	1.221435369146255	1.0	1.0	2.0
172000	0.12841529388729894	0.6224928794620698	1.0	1.0	2.0
173000	0.7558224990351466	2.6158572423067397	1.0	1.0	2.0
174000	0.34683398647585	1.1473878588237678	1.0	1.0	2.0
175000	0.0771647445886294	0.2203476547182546	1.0	1.0	2.0
176000	0.1924750223496895	0.9769601664131239	1.0	1.0	2.0
177000	0.24167662623876104	1.0652231474117058	1.0	1.0	2.0
178000	0.46015098836436036	3.093754207555933	1.0	1.0	2.0
179000	0.452418773338169	2.524928672081403	1.0	1.0	2.0
180000	0.13320153855926725	0.4668770116198585	1.0	1.0	2.0
181000	0.4953299126632959	2.155242406806924	1.0	1.0	2.0
182000	0.2435431141704402	0.9226783481061344	1.0	1.0	2.0
183000	0.22842655131243964	1.0677892675749232	1.0	1.0	2.0
184000	0.36083451397962985	1.1295442066377515	1.0	1.0	2.0
185000	0.08482316930383905	0.3584270047039546	1.0	1.0	2.0
186000	0.38280226350168367	1.2061596712225784	1.0	1.0	2.0
187000	0.28204174907015006	0.9648472482902624	1.0	1.0	2.0
188000	0.059128068610652666	0.24102000885218705	1.0	1.0	2.0
189000	0.3029911894859383	0.8257518108216821	1.0	1.0	2.0
190000	0.28325366196523327	0.9606970224683538	1.0	1.0	2.0
191000	0.7384506790360532	3.4468717648935994	1.0	1.0	2.0
192000	0.216820004294274	1.2208330750818166	1.0	1.0	2.0
193000	0.4728858274369774	1.6171247502114534	1.0	1.0	2.0
194000	0.6045055444950339	2.6451592442678336	1.0	1.0	2.0
195000	0.5617851788328404	2.4246966889285693	1.0	1.0	2.0
196000	0.34529260907909	1.0956603046082336	1.0	1.0	2.0
197000	0.4800017920726489	2.503648090230751	1.0	1.0	2.0
198000	0.1660206840854009	0.5406231671541663	1.0	1.0	2.0
199000	0.1291340602090117	0.4751004961055292	1.0	1.0	2.0
200000	1.29492818640581	5.120903849371636	1.0	1.0	2.0
201000	0.4042425406038639	1.5394496489677685	1.0	1.0	2.0
202000	0.389643005875655	1.7119409671915011	1.0	1.0	2.0
203000	0.18609487405773942	0.6699141812789984	1.0	1.0	2.0
204000	0.9154332400038252	2.2642395211687005	1.0	1.0	2.0
205000	0.35714066278109774	1.4226421852559954	1.0	1.0	2.0
206000	0.04575852741751428	0.24112978248952824	1.0	1.0	2.0
207000	0.19261428039671472	1.3426853054091712	1.0	1.0	2.0
208000	0.8805584627908143	2.8298937227738707	1.0	1.0	2.0
209000	0.4328470521803741	2.6312886469296686	1.0	1.0	2.0
210000	0.14384070652815437	0.8531876491801937	1.0	1.0	2.0
211000	0.3690643992826719	1.598102803587182	1.0	1.0	2.0
212000	1.1174908482255426	3.091817146766313	1.0	1.0	2.0
213000	0.33417561317385747	2.438072580303934	1.0	1.0	2.0
214000	0.1790897998103478	1.1746951267720602	1.0	1.0	2.0
215000	0.4046635455060432	1.7276882405594651	1.0	1.0	2.0
216000	0.06960454268214732	0.33082372883597905	1.0	1.0	2.0
217000	0.20178136749128375	0.5695069846679474	1.0	1.0	2.0
218000	1.871658340185017	5.2775595006988265	1.0	1.0	2.0
219000	0.4460826775324613	2.280624838221672	1.0	1.0	2.0
220000	0.06242588157544763	0.29638665542642345	1.0	1.0	2.0
221000	0.3579039231746905	1.6147867027117007	1.0	1.0	2.0
222000	0.3405223461191259	1.7570858167522194	1.0	1.0	2.0
223000	0.4417301867660367	2.173376448223212	1.0	1.0	2.0
224000	0.34699655897216486	1.3348406372683825	1.0	1.0	2.0
225000	0.6098112666119262	2.034815794886682	1.0	1.0	2.0
226000	0.0966506517397234	0.5395812664851103	1.0	1.0	2.0
227000	0.7394924706381534	2.4039374076676254	1.0	1.0	2.0
228000	0.1758246423994171	1.2485088233504567	1.0	1.0	2.0
229000	0.6113356702287811	2.1667744715962978	1.0	1.0	2.0
230000	0.40739873278893235	1.1345604326014378	1.0	1.0	2.0
231000	0.6091558298738182	2.9928321009765155	1.0	1.0	2.0
232000	0.23171888934871088	0.672127445668851	1.0	1.0	2.0
233000	0.3606944211032289	1.2235155689981623	1.0	1.0	2.0
234000	0.7731615717028915	2.3981138926084715	1.0	1.0	2.0
235000	0.5499337499108892	1.4992657247536316	1.0	1.0	2.0
236000	0.7374788290983382	3.6228893758888554	1.0	1.0	2.0
237000	0.4708456536371646	1.8092253746857794	1.0	1.0	2.0
238000	1.0000588693384127	2.034658541118022	1.0	1.0	2.0
239000	0.18162536486078815	0.8144700813115717	1.0	1.0	2.0
240000	0.27954191595080763	1.1641084473163892	1.0	1.0	2.0
241000	0.2881964451982403	0.5194905735237212	1.0	1.0	2.0
242000	0.8057308481062883	3.9788506560666423	1.0	1.0	2.0
243000	0.8793062962125312	2.9666396696543242	1.0	1.0	2.0
244000	0.42542928784925704	2.35792480830505	1.0	1.0	2.0
245000	0.13066405673289685	0.4373419964062551	1.0	1.0	2.0
246000	0.3692133218929031	1.538744724280408	1.0	1.0	2.0
247000	0.06500886327944236	0.3035904407595572	1.0	1.0	2.0
248000	0.5221335271691689	1.4955590590457708	1.0	1.0	2.0
249000	0.2988596169501518	1.1919227013794358	1.0	1.0	2.0
250000	0.07705385069874206	0.1543287775613531	1.0	1.0	2.0
251000	0.24933854326659946	1.2383463096819434	1.0	1.0	2.0
252000	0.48841201511365595	1.855551325417197	1.0	1.0	2.0
253000	0.2594070790749638	0.6613009584179558	1.0	1.0	2.0
254000	0.5827627332780952	2.100025105802999	1.0	1.0	2.0
255000	0.3487024522234466	0.7692762755947381	1.0	1.0	2.0
256000	0.5139608388508314	1.8690878255954106	1.0	1.0	2.0
257000	0.24319327574783708	1.0092013075395465	1.0	1.0	2.0
258000	0.09968927885592815	0.364415428776951	1.0	1.0	2.0
259000	0.20285294354455352	0.9219064604111719	1.0	1.0	2.0
260000	0.27595316356835925	1.054633259430173	1.0	1.0	2.0
261000	0.5418039839697928	2.302843147512738	1.0	1.0	2.0
262000	0.6198758594408248	2.113218599355317	1.0	1.0	2.0
263000	0.34923299281443737	1.2823938075932235	1.0	1.0	2.0
264000	0.29521071414224337	1.8949333874242815	1.0	1.0	2.0
265000	0.15073669356994443	1.5313397829507767	1.0	1.0	2.0
266000	0.2186273693577625	0.5944956177429656	1.0	1.0	2.0
267000	0.7260109862137435	2.580548806656135	1.0	1.0	2.0
268000	0.1426133416646876	0.7582565008541022	1.0	1.0	2.0
269000	0.5066929965569104	2.252033661675143	1.0	1.0	2.0
270000	0.09517733879895672	0.3180909924683456	1.0	1.0	2.0
271000	0.6983735982891333	3.974420861651508	1.0	1.0	2.0
272000	0.2780537311561403	0.9765942870790905	1.0	1.0	2.0
273000	0.4038186047861207	1.80379171473612	1.0	1.0	2.0
274000	0.16854488811837123	0.6387649193173086	1.0	1.0	2.0
275000	0.5255484895049607	1.400623273134764	1.0	1.0	2.0
276000	0.5950251041146353	2.6390278546305748	1.0	1.0	2.0
277000	0.515291832506814	2.0871952170057004	1.0	1.0	2.0
278000	0.02668772500263608	0.15959497013970772	1.0	1.0	2.0
279000	0.49742509901558923	1.7602867968102627	1.0	1.0	2.0
280000	0.8012620153622565	1.88585202584416	1.0	1.0	2.0
281000	0.4370154732444747	1.5319304275199725	1.0	1.0	2.0
282000	0.4423117527508665	2.729037327654047	1.0	1.0	2.0
283000	0.5961610794084347	2.379527484414758	1.0	1.0	2.0
284000	0.4642042418838474	2.121046864343233	1.0	1.0	2.0
285000	0.27410554211585647	0.9527275297819013	1.0	1.0	2.0
286000	1.0660888140355553	4.350424775326387	1.0	1.0	2.0
287000	0.49320897502146255	1.7312722953909234	1.0	1.0	2.0
288000	0.5461796463378547	2.671531740580201	1.0	1.0	2.0
289000	0.5837296160135615	3.581315430112624	1.0	1.0	2.0
290000	0.34811758144863825	1.9044298867615526	1.0	1.0	2.0
291000	0.35455232748104115	1.2158992286375916	1.0	1.0	2.0
292000	0.10106971964810255	0.6333366453522126	1.0	1.0	2.0
293000	0.4659687932427628	2.6333414598756377	1.0	1.0	2.0
294000	0.23399109090730844	1.2230037391281947	1.0	1.0	2.0
295000	0.6975865980746581	3.1050942898531604	1.0	1.0	2.0
296000	0.6950266217156285	3.805824231138248	1.0	1.0	2.0
297000	0.24295070823209353	0.8780540049424628	1.0	1.0	2.0
298000	0.34852706998683486	1.5228825863233337	1.0	1.0	2.0
299000	0.19284274340930013	0.700743772678201	1.0	1.0	2.0
300000	0.2695585493561488	1.2704485642533478	1.0	1.0	2.0
301000	0.06934490774193804	0.20430501518853397	1.0	1.0	2.0
302000	1.1719076684694953	5.950256089771702	1.0	1.0	2.0
303000	0.09182619277071906	0.37002996031238744	1.0	1.0	2.0
304000	0.38394960123020333	1.5200504264328418	1.0	1.0	2.0
305000	0.520768451676718	2.1976552834745307	1.0	1.0	2.0
306000	0.11482169692116556	0.42769764951435546	1.0	1.0	2.0
307000	0.7544936071208657	3.9549435906290036	1.0	1.0	2.0
308000	0.44299203530729836	1.7973785788163423	1.0	1.0	2.0
309000	0.13883757041336992	0.645369369186968	1.0	1.0	2.0
310000	0.569813957388152	1.4232869723264625	1.0	1.0	2.0
311000	0.09968675143501647	0.44747160251626916	1.0	1.0	2.0
312000	0.09057549150196395	0.34729059216031954	1.0	1.0	2.0
313000	0.08688512282121381	0.5441616911548742	1.0	1.0	2.0
314000	0.9452655173365477	2.303040061692472	1.0	1.0	2.0
315000	0.4997664340257771	2.9432958930726354	1.0	1.0	2.0
316000	0.19559318761353678	0.9423814100757236	1.0	1.0	2.0
317000	0.21488258662189083	1.2407277157128398	1.0	1.0	2.0
318000	0.405787496232039	1.4353571820047573	1.0	1.0	2.0
319000	0.24277586000963017	1.1762994750111648	1.0	1.0	2.0
320000	1.0686778307482627	3.3439875848347644	1.0	1.0	2.0
321000	0.15083682497901732	0.6470254925775198	1.0	1.0	2.0
322000	0.16973168881857892	0.8470528375572065	1.0	1.0	2.0
323000	0.137357904303292	0.5945456495822008	1.0	1.0	2.0
324000	0.3560883513587368	1.6956366550751314	1.0	1.0	2.0
325000	0.3289673566992094	1.005730568004611	1.0	1.0	2.0
326000	0.8426749068884773	1.9169001339775655	1.0	1.0	2.0
327000	0.16577451998038165	0.93674162079019	1.0	1.0	2.0
328000	0.548501883991177	1.2332177829305815	1.0	1.0	2.0
329000	0.191808195808931	0.6366371096007504	1.0	1.0	2.0
330000	0.7035915793091816	3.041333427491974	1.0	1.0	2.0
331000	0.19212358731248247	1.3553975403643794	1.0	1.0	2.0
332000	0.41008662624441	2.2439813088556817	1.0	1.0	2.0
333000	0.45386222450134306	1.2809008195642777	1.0	1.0	2.0
334000	0.1480009796431944	0.4999859984338356	1.0	1.0	2.0
335000	0.5909993646471666	1.7069771439323498	1.0	1.0	2.0
336000	0.23113029256331963	0.7947147359017538	1.0	1.0	2.0
337000	0.14375708202369478	0.4682414917363806	1.0	1.0	2.0
338000	0.8104986100933667	1.9446284683828334	1.0	1.0	2.0
339000	0.1316637825550553	0.4055763699364846	1.0	1.0	2.0
340000	0.28739360938628794	1.6097601753270168	1.0	1.0	2.0
341000	0.1570216068681248	0.8743874526535977	1.0	1.0	2.0
342000	0.32142838985580036	2.486234292834396	1.0	1.0	2.0
343000	0.05388683672675166	0.10802718812575728	1.0	1.0	2.0
344000	0.15531310532126213	0.6790196237758186	1.0	1.0	2.0
345000	0.14203315692839855	0.6991301145826064	1.0	1.0	2.0
346000	0.819999750835399	2.8737948781606844	1.0	1.0	2.0
347000	0.5521486979112407	1.626892716886444	1.0	1.0	2.0
348000	0.200603755955168	0.5388032645345958	1.0	1.0	2.0
349000	0.15215010628515444	0.5784069271947233	1.0	1.0	2.0
350000	0.3297707199332261	1.2240421992328678	1.0	1.0	2.0
351000	0.44642290153490405	2.4032729164392945	1.0	1.0	2.0
352000	0.26394124665306257	0.9567756777545325	1.0	1.0	2.0
353000	0.29408299809740923	0.9732934315349596	1.0	1.0	2.0
354000	0.12780905411253107	0.6386170499357385	1.0	1.0	2.0
355000	1.359980447923394	5.733505234925714	1.0	1.0	2.0
356000	0.38418231417366794	1.1300679065859145	1.0	1.0	2.0
357000	0.532995876392873	1.5407642673712576	1.0	1.0	2.0
358000	0.2065428823048823	1.0279226860206045	1.0	1.0	2.0
359000	0.48256866407256926	1.2526873275446022	1.0	1.0	2.0
360000	0.11741998109712931	0.7233759921682845	1.0	1.0	2.0
361000	0.36377213632674854	1.4229902512165336	1.0	1.0	2.0
362000	1.7644000936577025	6.3164896495471	1.0	1.0	2.0
363000	0.23909644921553114	0.601976797960149	1.0	1.0	2.0
364000	0.17300391643642085	0.6647042735131158	1.0	1.0	2.0
365000	0.07210826594900932	0.27846612027287565	1.0	1.0	2.0
366000	0.21274918027660186	1.6140826066442389	1.0	1.0	2.0
367000	0.919697278640105	3.005247378833606	1.0	1.0	2.0
368000	0.29505724009835876	1.5160213917546952	1.0	1.0	2.0
369000	0.24053079139324318	1.7855246066045858	1.0	1.0	2.0
370000	0.02839714450122047	0.19018456620356386	1.0	1.0	2.0
371000	0.4835116513861442	2.203587857344547	1.0	1.0	2.0
372000	0.12097635118898674	0.7970237923070231	1.0	1.0	2.0
373000	1.0210091381328377	4.356474025053041	1.0	1.0	2.0
374000	1.3993628722483957	3.698715548707928	1.0	1.0	2.0
375000	0.1260261821077911	0.7305073903911882	1.0	1.0	2.0
376000	0.8245861780822296	2.192517913597545	1.0	1.0	2.0
377000	0.16483960117414015	0.7769684816432406	1.0	1.0	2.0
378000	0.33947692252577216	1.1515752781616202	1.0	1.0	2.0
379000	0.3645388990158464	1.109124523594598	1.0	1.0	2.0
380000	0.34722437312541726	1.9452485632763827	1.0	1.0	2.0
381000	0.8004839090530532	3.5505135214348225	1.0	1.0	2.0
382000	0.36625517197987556	2.3799525962291326	1.0	1.0	2.0
383000	1.496310690894195	6.65664094179054	1.0	1.0	2.0
384000	0.6697120591811967	3.297550643617403	1.0	1.0	2.0
385000	0.7371945719698182	3.5780441893594297	1.0	1.0	2.0
386000	0.4371728942863626	1.9472936789287205	1.0	1.0	2.0
387000	0.7831388863954073	2.8878971672404172	1.0	1.0	2.0
388000	0.06559784266583658	0.44620393448492796	1.0	1.0	2.0
389000	0.6362046076449323	2.0809234188699475	1.0	1.0	2.0
390000	0.559669742129077	1.870245773038422	1.0	1.0	2.0
391000	0.25765184821390025	0.8255375966691114	1.0	1.0	2.0
392000	0.22046563113120693	1.1632133344272713	1.0	1.0	2.0
393000	1.1366062560490302	4.000068207505182	1.0	1.0	2.0
394000	0.637393190486232	2.0544896867381337	1.0	1.0	2.0
395000	0.6806746532495562	3.067058857113671	1.0	1.0	2.0
396000	0.4913786880947928	2.0905697090051407	1.0	1.0	2.0
397000	0.4186251970691114	1.0608721455894863	1.0	1.0	2.0
398000	0.31368845063468653	1.102966623084085	1.0	1.0	2.0
399000	0.2535078117521938	0.6037533299694418	1.0	1.0	2.0
400000	0.8865589909695453	4.092034222183786	1.0	1.0	2.0
401000	1.5792517173244704	4.90289914929136	1.0	1.0	2.0
402000	0.20879716648625246	1.167279973317995	1.0	1.0	2.0
403000	0.10550900106848117	0.3567043488595762	1.0	1.0	2.0
404000	0.5689197457000182	2.353078317590445	1.0	1.0	2.0
405000	0.16047174076096993	0.9027890851430145	1.0	1.0	2.0
406000	0.22680983864783044	0.6234923824776877	1.0	1.0	2.0
407000	0.36082974228687914	1.8231171141632097	1.0	1.0	2.0
408000	0.4340416086507479	1.2490047721656439	1.0	1.0	2.0
409000	0.40824940457455094	1.4394880390693565	1.0	1.0	2.0
410000	0.047892275885784014	0.21926768001972857	1.0	1.0	2.0
411000	0.1486966316974615	0.41517634622964894	1.0	1.0	2.0
412000	0.26105399381367383	1.0218350968343115	1.0	1.0	2.0
413000	0.3692815129065047	1.6804234415690023	1.0	1.0	2.0
414000	0.4651182228107076	2.0929459003743065	1.0	1.0	2.0
415000	0.6723281621391415	3.3473344347092326	1.0	1.0	2.0
416000	0.22020153640953413	1.68059792215053	1.0	1.0	2.0
417000	0.6823843642940826	2.820185279753583	1.0	1.0	2.0
418000	0.3845337739001103	1.1225429635407915	1.0	1.0	2.0
419000	0.1678025249493245	0.5009788283002107	1.0	1.0	2.0
420000	0.38955922959679584	1.6362514340666297	1.0	1.0	2.0
421000	0.2576560669328434	0.9568260244281238	1.0	1.0	2.0
422000	0.2901263816667448	0.9309679631372577	1.0	1.0	2.0
423000	0.3976566400113479	0.9720494967707418	1.0	1.0	2.0
424000	0.4938831220236165	1.8069466063090505	1.0	1.0	2.0
425000	0.7100261464482475	3.451386787668787	1.0	1.0	2.0
426000	0.6623569999044445	2.3627524533986692	1.0	1.0	2.0
427000	0.3170572087241899	1.4728565763954307	1.0	1.0	2.0
428000	0.6172986150856435	2.2062803472664325	1.0	1.0	2.0
429000	0.23585644122732677	0.7137290130173893	1.0	1.0	2.0
430000	0.4547353720177097	1.9950460466481927	1.0	1.0	2.0
431000	0.37611433568606056	0.8189311354220924	1.0	1.0	2.0
432000	0.7208135831832184	1.569602544742529	1.0	1.0	2.0
433000	1.0126789599192796	3.3773445749412776	1.0	1.0	2.0
434000	0.5590334167367643	1.8856381865969525	1.0	1.0	2.0
435000	0.4273508085234683	1.617967465054683	1.0	1.0	2.0
436000	0.5056392818701645	1.5352672425334888	1.0	1.0	2.0
437000	0.12809814733646677	0.45107744202267464	1.0	1.0	2.0
438000	0.319249159801301	0.6965624495990795	1.0	1.0	2.0
439000	0.4570314476274794	1.8829031258321687	1.0	1.0	2.0
440000	0.09977792426777146	0.4308762641438203	1.0	1.0	2.0
441000	0.3457089544839842	1.6818604519985807	1.0	1.0	2.0
442000	0.2587901214892986	0.8012425856482148	1.0	1.0	2.0
443000	0.42096177492104236	2.180424586562253	1.0	1.0	2.0
444000	0.17737821731977021	0.8713996316625024	1.0	1.0	2.0
445000	0.10090737315730904	0.2951979951925132	1.0	1.0	2.0
446000	0.15135064448506047	0.7238549287399343	1.0	1.0	2.0
447000	0.18967271311853823	1.5050461882686816	1.0	1.0	2.0
448000	0.1856658272868649	0.7962550080436965	1.0	1.0	2.0
449000	0.8516091863052845	2.4263063231919144	1.0	1.0	2.0
450000	0.03304175524822146	0.1513871401600967	1.0	1.0	2.0
451000	0.2827189332665704	1.082769630728177	1.0	1.0	2.0
452000	0.3266738793610863	1.4640778048385235	1.0	1.0	2.0
453000	0.09184959620034137	0.28554666684789165	1.0	1.0	2.0
454000	0.5507412462219882	2.4456292874842505	1.0	1.0	2.0
455000	0.9457028297091061	2.3895804924814543	1.0	1.0	2.0
456000	0.3340950692919711	1.247020009689899	1.0	1.0	2.0
457000	0.6164095199309739	3.944417485699766	1.0	1.0	2.0
458000	0.09200372841560009	0.7208770388191165	1.0	1.0	2.0
459000	0.13201003419528595	0.5870010385233781	1.0	1.0	2.0
460000	0.1630526940665555	0.5730928925138175	1.0	1.0	2.0
461000	0.047918889119607705	0.2028568585779175	1.0	1.0	2.0
462000	0.08121908814958667	0.2913786843966464	1.0	1.0	2.0
463000	0.3673085224006416	1.554957730914579	1.0	1.0	2.0
464000	0.6453774186649696	2.3754865657532216	1.0	1.0	2.0
465000	0.6322293161568364	6.533344439222241	1.0	1.0	2.0
466000	0.5669163805509074	2.421233819341159	1.0	1.0	2.0
467000	0.44305590576370174	1.6662463354835133	1.0	1.0	2.0
468000	0.2379361180489595	1.3954628981436972	1.0	1.0	2.0
469000	0.2848844622055948	1.0460125656127708	1.0	1.0	2.0
470000	0.1650178475008487	0.4839643169304721	1.0	1.0	2.0
471000	0.2094068706643809	1.1982280492584558	1.0	1.0	2.0
472000	0.2564458009316861	0.7864756102938026	1.0	1.0	2.0
473000	0.41910457600079276	1.0643934797976913	1.0	1.0	2.0
474000	0.6534005178705787	4.3384701729198545	1.0	1.0	2.0
475000	0.5764244269705019	2.427126712506673	1.0	1.0	2.0
476000	0.6507584738712543	2.453488667557395	1.0	1.0	2.0
477000	0.25915187843251075	0.9818265197517054	1.0	1.0	2.0
478000	0.5647858407128586	1.7051261699772489	1.0	1.0	2.0
479000	1.706196657374644	5.019352702574161	1.0	1.0	2.0
480000	0.8543362692425487	3.4517711180774113	1.0	1.0	2.0
481000	0.41167766919550286	2.1293528832168733	1.0	1.0	2.0
482000	1.4080199711920378	4.244773876618681	1.0	1.0	2.0
483000	0.694500572675321	1.5072557089482554	1.0	1.0	2.0
484000	0.4017855133363577	1.9849860072501302	1.0	1.0	2.0
485000	0.7019242950924898	1.9420760534817674	1.0	1.0	2.0
486000	0.3609239304266958	0.8373430173890695	1.0	1.0	2.0
487000	0.23786515429078955	1.1236850827327807	1.0	1.0	2.0
488000	0.9412750675170211	3.1437164484209275	1.0	1.0	2.0
489000	0.8596051003135909	3.0101078569964144	1.0	1.0	2.0
490000	0.5480839741039071	3.031634689493248	1.0	1.0	2.0
491000	0.25299024624057187	1.6478388931519867	1.0	1.0	2.0
492000	0.14878664944264486	0.6089276337911943	1.0	1.0	2.0
493000	0.3374428478140027	1.9398038609757229	1.0	1.0	2.0
494000	0.07555041710221733	0.40577174792210924	1.0	1.0	2.0
495000	0.24443054434290415	0.7539972099647861	1.0	1.0	2.0
496000	0.19549374533943284	0.6062324792964	1.0	1.0	2.0
497000	0.09762976601110215	0.36020862715039265	1.0	1.0	2.0
498000	0.81898956816162	1.8754348554493911	1.0	1.0	2.0
499000	0.1936021192857336	0.3697283704580351	1.0	1.0	2.0
500000	1.0975058890292286	2.9103255913376156	1.0	1.0	2.0
501000	0.25674335874567117	0.9659245056317651	1.0	1.0	2.0
502000	0.3271965895418479	1.3575774942370302	1.0	1.0	2.0
503000	0.33472296453392375	1.0761690774583934	1.0	1.0	2.0
504000	0.054143147179681876	0.16411561511438744	1.0	1.0	2.0
505000	0.14557349244068585	0.4515377271244922	1.0	1.0	2.0
506000	0.10322271144986518	0.5095875234975185	1.0	1.0	2.0
507000	0.7274865721797402	5.128786696071783	1.0	1.0	2.0
508000	0.37530973913119614	1.3067879511525557	1.0	1.0	2.0
509000	0.9468878901241292	3.3515438028357045	1.0	1.0	2.0
510000	0.34641296842802266	1.2848268645583936	1.0	1.0	2.0
511000	0.27896599162862873	1.0133382482088786	1.0	1.0	2.0
512000	0.09802891182681073	0.449900283900653	1.0	1.0	2.0
513000	0.4264833619766636	1.5379554101742392	1.0	1.0	2.0
514000	0.35162138399202464	1.263855921996368	1.0	1.0	2.0
515000	1.0782022246621992	2.9540090910236203	1.0	1.0	2.0
516000	0.1214455241225302	0.7307686311415884	1.0	1.0	2.0
517000	1.1625634562162819	5.046785977711181	1.0	1.0	2.0
518000	0.04006770292814857	0.11778859238389228	1.0	1.0	2.0
519000	1.056070768201774	3.8837424379335825	1.0	1.0	2.0
520000	0.6771406227862364	3.290524657004946	1.0	1.0	2.0
521000	0.6013686844392736	1.8027779753499404	1.0	1.0	2.0
522000	0.29306860689786596	1.1421592559274996	1.0	1.0	2.0
523000	0.5822894926975394	1.8737169104272082	1.0	1.0	2.0
524000	0.06866060205823793	0.3569168747773239	1.0	1.0	2.0
525000	0.16511788880081274	0.6193408055929367	1.0	1.0	2.0
526000	1.2386745494041214	4.849654259822629	1.0	1.0	2.0
527000	1.1932272537319981	4.593315119385626	1.0	1.0	2.0
528000	0.11989860308079317	0.6888604942768296	1.0	1.0	2.0
529000	0.5879814512487097	1.620681579953239	1.0	1.0	2.0
530000	0.24347085927420936	0.6643894787415963	1.0	1.0	2.0
531000	0.4392560171492074	1.7242206366830268	1.0	1.0	2.0
532000	0.7026491266573947	2.0962777715294334	1.0	1.0	2.0
533000	0.6775310152609461	4.062888447411052	1.0	1.0	2.0
534000	0.49669502446751534	3.206689853234162	1.0	1.0	2.0
535000	0.7645862116200796	2.598436883892096	1.0	1.0	2.0
536000	0.06835644169605436	0.23274123474653596	1.0	1.0	2.0
537000	0.42746163860828124	1.637196162984146	1.0	1.0	2.0
538000	0.030232485567268288	0.14727794460754126	1.0	1.0	2.0
539000	0.2155970013712482	0.7785579796782124	1.0	1.0	2.0
540000	0.1232332825117361	0.625300392055513	1.0	1.0	2.0
541000	0.4257190943444456	1.1621426729905573	1.0	1.0	2.0
542000	0.5980251770407359	2.1743019185190815	1.0	1.0	2.0
543000	0.1827773829446325	0.6007242689469603	1.0	1.0	2.0
544000	0.3887569898875666	2.4152399919370464	1.0	1.0	2.0
545000	1.0935078154904019	3.38677034542613	1.0	1.0	2.0
546000	0.02781062014847501	0.08395971185364806	1.0	1.0	2.0
547000	0.47324078419858917	1.2932025239181206	1.0	1.0	2.0
548000	0.2983043087333702	1.2358516368607324	1.0	1.0	2.0
549000	0.02824038507319447	0.15813934813261687	1.0	1.0	2.0
550000	0.03142913000342975	0.10190098583258647	1.0	1.0	2.0
551000	0.8318370116030684	2.9705346795919567	1.0	1.0	2.0
552000	0.2117794532119097	0.6595263667895649	1.0	1.0	2.0
553000	0.2953584377600963	1.2140324356857566	1.0	1.0	2.0
554000	0.14436279222333204	0.6920429173038382	1.0	1.0	2.0
555000	0.05995355129694521	0.29306727151801903	1.0	1.0	2.0
556000	0.11337664478342094	0.870841756598063	1.0	1.0	2.0
557000	0.3660934200046881	3.700624318662919	1.0	1.0	2.0
558000	0.34827345557452183	1.3082413441675864	1.0	1.0	2.0
559000	0.17741778194919064	0.6615972986641566	1.0	1.0	2.0
560000	0.1805345844321267	0.9764619240413609	1.0	1.0	2.0
561000	0.18227255368148743	0.8449851202034244	1.0	1.0	2.0
562000	0.28411973500384763	1.5535909949652396	1.0	1.0	2.0
563000	0.4285337602586304	1.1841282594049023	1.0	1.0	2.0
564000	0.6862165018790335	1.8619760707535038	1.0	1.0	2.0
565000	0.1200232343379713	0.5677158221687643	1.0	1.0	2.0
566000	0.5996307163312075	1.918324444381329	1.0	1.0	2.0
567000	0.34704299395098526	1.387231727286035	1.0	1.0	2.0
568000	0.41070323960596045	1.624674415537046	1.0	1.0	2.0
569000	0.09644340736565873	0.4692152920633183	1.0	1.0	2.0
570000	0.13258543071927456	0.3669615208391592	1.0	1.0	2.0
571000	0.1861113712123598	0.6746261855982687	1.0	1.0	2.0
572000	0.9599891011610794	5.114751994286305	1.0	1.0	2.0
573000	0.04536441152222248	0.30949119884695636	1.0	1.0	2.0
574000	0.4804028299192711	1.2538659768168343	1.0	1.0	2.0
575000	0.20337163598224026	0.9169327373024699	1.0	1.0	2.0
576000	0.18724032647760072	0.6981454481469291	1.0	1.0	2.0
577000	0.15016262942579325	0.5610101147224015	1.0	1.0	2.0
578000	0.18146893676107154	0.8138125351019945	1.0	1.0	2.0
579000	0.9667257549005881	3.3034231409466184	1.0	1.0	2.0
580000	0.3451412528693985	1.8234488559999038	1.0	1.0	2.0
581000	0.7903128698063269	3.185408375996599	1.0	1.0	2.0
582000	0.5278753612505375	1.4884829687659442	1.0	1.0	2.0
583000	0.2228945916891712	0.9319116260294626	1.0	1.0	2.0
584000	0.15017800350376756	0.5509218659500162	1.0	1.0	2.0
585000	0.12618125544052794	0.834811114045198	1.0	1.0	2.0
586000	1.1811309022765704	4.307638560331624	1.0	1.0	2.0
587000	0.49895770858662386	2.082544631245243	1.0	1.0	2.0
588000	1.36976938176377	2.894290810318319	1.0	1.0	2.0
589000	0.2353560645511779	1.1490853115185968	1.0	1.0	2.0
590000	0.2988286320957549	1.8543749414866648	1.0	1.0	2.0
591000	0.7247593132960689	2.940243294957444	1.0	1.0	2.0
592000	0.2939246969264386	1.0676968868414916	1.0	1.0	2.0
593000	0.2926930279913208	1.3923307695923604	1.0	1.0	2.0
594000	0.21223828535656086	0.799144491627403	1.0	1.0	2.0
595000	0.1378057729285276	0.2620410687057179	1.0	1.0	2.0
596000	0.5122775697713099	2.3556662192535436	1.0	1.0	2.0
597000	0.6113199307261514	1.4113683488639919	1.0	1.0	2.0
598000	0.8161153716843595	3.92340936527028	1.0	1.0	2.0
599000	0.34665710447890563	1.4656520569772808	1.0	1.0	2.0
600000	0.16822640187375404	1.100184601987314	1.0	1.0	2.0
601000	0.49597818213500006	1.454766475438791	1.0	1.0	2.0
602000	1.1058740157964175	3.5893253083262646	1.0	1.0	2.0
603000	0.048528825306942226	0.21808300361080993	1.0	1.0	2.0
604000	0.4555540436557338	1.5511577755422876	1.0	1.0	2.0
605000	0.1183257211094428	0.9765640569415514	1.0	1.0	2.0
606000	0.6653261477140011	3.1913559202215835	1.0	1.0	2.0
607000	0.35067063998490366	0.8486762475151368	1.0	1.0	2.0
608000	0.8794719182069175	2.7076876300541066	1.0	1.0	2.0
609000	0.686945800638682	1.7282395975255125	1.0	1.0	2.0
610000	0.2821770616405037	1.417312019007031	1.0	1.0	2.0
611000	0.08298364794918629	0.49731212224598087	1.0	1.0	2.0
612000	0.5139437228708583	2.0441896535636723	1.0	1.0	2.0
613000	0.442673913827535	1.6980921680746413	1.0	1.0	2.0
614000	0.24145587094929405	0.8002973702928049	1.0	1.0	2.0
615000	0.2947467091324927	1.4009895513469781	1.0	1.0	2.0
616000	0.48862863187639016	1.5505196383119477	1.0	1.0	2.0
617000	0.16561217865877528	0.6806361218677205	1.0	1.0	2.0
618000	0.20089354184723401	0.8821460650948225	1.0	1.0	2.0
619000	0.506561851536413	1.823047444203933	1.0	1.0	2.0
620000	0.27472866541086755	0.7578217023709056	1.0	1.0	2.0
621000	0.16076368474270664	0.4747450060152103	1.0	1.0	2.0
622000	0.11012612740395437	0.2760146969570687	1.0	1.0	2.0
623000	0.4880080266679786	1.8438197341441391	1.0	1.0	2.0
624000	0.6253136733593471	2.4100834036559915	1.0	1.0	2.0
625000	0.22983414672860789	1.029987126267503	1.0	1.0	2.0
626000	0.8647405320986222	2.9420284355212303	1.0	1.0	2.0
627000	0.3671285771409554	2.1185763804412177	1.0	1.0	2.0
628000	0.2615230239562308	1.2859544853889697	1.0	1.0	2.0
629000	0.20077565605314787	0.5792801788893299	1.0	1.0	2.0
630000	0.7150868669843947	4.421875701290549	1.0	1.0	2.0
631000	1.2928300854442207	4.90159314316908	1.0	1.0	2.0
632000	0.5132708872238174	3.026028901338655	1.0	1.0	2.0
633000	0.18929991304026014	0.9349189185938354	1.0	1.0	2.0
634000	0.47100404831178283	2.4714535390436483	1.0	1.0	2.0
635000	0.12600803350594733	0.450383857510817	1.0	1.0	2.0
636000	1.00416607258651	2.8134693890170728	1.0	1.0	2.0
637000	0.15228609709151963	0.5833858939456738	1.0	1.0	2.0
638000	1.1013611330455135	3.7223756834139934	1.0	1.0	2.0
639000	0.30658224652031174	0.936742585237287	1.0	1.0	2.0
640000	0.778847138530723	3.00511845053111	1.0	1.0	2.0
641000	0.2059118645881144	0.5533687806435208	1.0	1.0	2.0
642000	0.316486347451399	1.259355521776064	1.0	1.0	2.0
643000	0.2982827783831195	0.9429373304586561	1.0	1.0	2.0
644000	0.35640780710047243	0.9512875269895482	1.0	1.0	2.0
645000	0.2505832180068516	0.9180224663351775	1.0	1.0	2.0
646000	0.18651884733221172	0.9391317769123924	1.0	1.0	2.0
647000	0.3690760244640264	1.1087484323993217	1.0	1.0	2.0
648000	0.8332165539441488	2.9424189316816958	1.0	1.0	2.0
649000	0.7606777442073583	2.192628270696914	1.0	1.0	2.0
650000	1.3101982810163901	3.3024548183972735	1.0	1.0	2.0
651000	0.12739518208573933	0.39933253497544885	1.0	1.0	2.0
652000	0.2207625259131597	1.276440528763202	1.0	1.0	2.0
653000	0.2676856852310797	0.950984332431983	1.0	1.0	2.0
654000	0.38290554905721147	1.7712198379351647	1.0	1.0	2.0
655000	0.15381451334240198	0.6292708073805223	1.0	1.0	2.0
656000	0.10072839891893082	0.2557675127011031	1.0	1.0	2.0
657000	0.026913532605397476	0.1495284163742132	1.0	1.0	2.0
658000	0.24069621078376155	0.9134642364047981	1.0	1.0	2.0
659000	0.15096659910116111	0.5902054344256051	1.0	1.0	2.0
660000	0.6143682418483428	4.282231341184431	1.0	1.0	2.0
661000	0.09635352744826273	0.2803550587931162	1.0	1.0	2.0
662000	0.3896279478985827	1.5254513653114117	1.0	1.0	2.0
663000	0.6874165929142427	3.002773176797098	1.0	1.0	2.0
664000	0.20381923939665758	1.0535744098976545	1.0	1.0	2.0
665000	0.06793667674645891	0.34222155424153483	1.0	1.0	2.0
666000	0.7679700158467692	2.236748903420821	1.0	1.0	2.0
667000	0.08388851996013363	0.5141339045022987	1.0	1.0	2.0
668000	1.0766873624231459	4.328548439774815	1.0	1.0	2.0
669000	0.3216817391066034	1.0977761646539161	1.0	1.0	2.0
670000	0.18512345683092754	0.406608308750559	1.0	1.0	2.0
671000	0.36978874071946977	1.5664254413870964	1.0	1.0	2.0
672000	0.5132361421186019	1.747803146985176	1.0	1.0	2.0
673000	0.12165387631935642	0.6737441725568964	1.0	1.0	2.0
674000	0.3724745848759391	1.820008432720929	1.0	1.0	2.0
675000	0.36048461369390267	0.9859401477756407	1.0	1.0	2.0
676000	0.1805337082058897	0.48355365668296996	1.0	1.0	2.0
677000	0.482930399661641	1.4964184138232595	1.0	1.0	2.0
678000	0.37809420198591576	1.2560924088206393	1.0	1.0	2.0
679000	0.6906942747048624	1.625269651418434	1.0	1.0	2.0
680000	0.11468316537542839	0.5206529753263486	1.0	1.0	2.0
681000	0.09112561692596545	0.5299764056751795	1.0	1.0	2.0
682000	0.16042289302119161	0.710825563099217	1.0	1.0	2.0
683000	1.534886334426858	8.31176100417192	1.0	1.0	2.0
684000	0.6313649142777301	3.073941255320703	1.0	1.0	2.0
685000	0.19142434705075587	0.9856619667700154	1.0	1.0	2.0
686000	0.25243660346262775	1.4190404111619874	1.0	1.0	2.0
687000	0.3448789582914712	1.147375217853285	1.0	1.0	2.0
688000	0.6104204711954097	2.1138041144279787	1.0	1.0	2.0
689000	0.24585014907988728	0.7097901983777528	1.0	1.0	2.0
690000	0.7417324645466146	2.182410081643666	1.0	1.0	2.0
691000	0.08887018437353329	0.4088751217055024	1.0	1.0	2.0
692000	0.08653323736839015	0.23186886371776833	1.0	1.0	2.0
693000	0.7517617375610566	2.103088936458077	1.0	1.0	2.0
694000	0.1096754922238575	0.6004439977103114	1.0	1.0	2.0
695000	0.05292531996724175	0.3499989555837857	1.0	1.0	2.0
696000	0.9184580494126309	3.5423278305572756	1.0	1.0	2.0
697000	0.21149197296762898	1.2344419472849393	1.0	1.0	2.0
698000	0.5107063310581546	1.1921252381133505	1.0	1.0	2.0
699000	0.991743129052157	3.718786272732372	1.0	1.0	2.0
700000	0.44611397547077014	1.2730276517312764	1.0	1.0	2.0
701000	0.41363266468209475	1.4264472340000218	1.0	1.0	2.0
702000	0.3000421006995337	1.2682407646598206	1.0	1.0	2.0
703000	0.17287354337647168	1.1722234547373669	1.0	1.0	2.0
704000	0.13217568361043838	0.534883078127638	1.0	1.0	2.0
705000	0.17816993642297999	0.624035173198832	1.0	1.0	2.0
706000	0.49335226297750195	1.7711461945215643	1.0	1.0	2.0
707000	0.30434642686561264	1.2203047947567813	1.0	1.0	2.0
708000	0.2978306551570607	1.197456909889153	1.0	1.0	2.0
709000	0.1585609381186868	0.5837269212783032	1.0	1.0	2.0
710000	0.39370745506499966	1.2746297456924351	1.0	1.0	2.0
711000	0.8095440855404895	2.441375923202273	1.0	1.0	2.0
712000	0.09778240006101147	0.5929999593864748	1.0	1.0	2.0
713000	0.615669730538307	1.6659625527374244	1.0	1.0	2.0
714000	1.2515295347141804	3.2209329977443018	1.0	1.0	2.0
715000	0.9446287081587761	3.319823628876652	1.0	1.0	2.0
716000	0.3115680023257262	0.7551941578627112	1.0	1.0	2.0
717000	1.115682093789834	5.01584137974854	1.0	1.0	2.0
718000	0.06240711392350434	0.3767771723421532	1.0	1.0	2.0
719000	0.3542209174725221	1.1892629649355762	1.0	1.0	2.0
720000	0.17749934962188743	0.6240877385161401	1.0	1.0	2.0
721000	0.24660235994719384	1.3984334206807254	1.0	1.0	2.0
722000	0.12086264524451322	0.29331797871555326	1.0	1.0	2.0
723000	0.4011604586042989	1.31184130379339	1.0	1.0	2.0
724000	0.23754407855729745	1.311478061947228	1.0	1.0	2.0
725000	0.7226614792809749	1.997324453020686	1.0	1.0	2.0
726000	0.11823921543240541	0.396466413727993	1.0	1.0	2.0
727000	0.6565074420945127	3.0741837755107237	1.0	1.0	2.0
728000	0.5274994622634459	3.486750197597418	1.0	1.0	2.0
729000	0.22357104257442936	1.1254498809995066	1.0	1.0	2.0
730000	0.11912336562633913	0.6697425571731734	1.0	1.0	2.0
731000	0.3589611496220725	2.3967460379418513	1.0	1.0	2.0
732000	0.32807804411241204	1.4151764265995739	1.0	1.0	2.0
733000	0.6822061740421236	2.1289504961544368	1.0	1.0	2.0
734000	0.690093211870636	2.3258914596833966	1.0	1.0	2.0
735000	0.23434428034891858	0.9477972408357066	1.0	1.0	2.0
736000	0.28597223123756377	1.1801544745504418	1.0	1.0	2.0
737000	0.840537138499395	2.6780978026188307	1.0	1.0	2.0
738000	0.4847449347476656	1.066902430183186	1.0	1.0	2.0
739000	0.13815973565976203	0.4760105544078823	1.0	1.0	2.0
740000	0.16056419757235138	0.8819280893288819	1.0	1.0	2.0
741000	0.37352758968755684	1.0759086715786514	1.0	1.0	2.0
742000	0.03350782319976261	0.11517656112550276	1.0	1.0	2.0
743000	1.4537031914899219	3.3681290071735983	1.0	1.0	2.0
744000	0.345792804947303	2.3671202071355633	1.0	1.0	2.0
745000	0.6663539935755919	2.762774831240294	1.0	1.0	2.0
746000	0.966619894390734	2.8085766530798075	1.0	1.0	2.0
747000	0.35052739871924166	1.449706624671034	1.0	1.0	2.0
748000	0.16316125201662676	0.6726565495134031	1.0	1.0	2.0
749000	0.4982579784686636	2.4612166385479215	1.0	1.0	2.0
750000	0.7095934900589995	2.8855883126617745	1.0	1.0	2.0
751000	0.33563758316329056	1.0160021895076414	1.0	1.0	2.0
752000	0.11893501660234154	0.3792728617565403	1.0	1.0	2.0
753000	0.9955185093094666	2.893762508933317	1.0	1.0	2.0
754000	0.8846440350688056	3.703677253812489	1.0	1.0	2.0
755000	0.6226647365771414	2.7222233788894905	1.0	1.0	2.0
756000	0.09420471373428159	0.3508111721816252	1.0	1.0	2.0
757000	0.1377652698431982	0.7891321206137435	1.0	1.0	2.0
758000	0.6309988945881873	1.7205091166960018	1.0	1.0	2.0
759000	0.26768796024664415	1.1546872202774925	1.0	1.0	2.0
760000	0.13727342478114807	0.5404137810994485	1.0	1.0	2.0
761000	0.10572191585727449	0.5711258296809549	1.0	1.0	2.0
762000	0.6371645196163669	1.667864591765412	1.0	1.0	2.0
763000	0.4437773595466649	1.748598701708999	1.0	1.0	2.0
764000	0.5772152781193501	1.7063420432818706	1.0	1.0	2.0
765000	0.6159729866709891	2.713839364231142	1.0	1.0	2.0
766000	0.7385430883792546	4.18107933117214	1.0	1.0	2.0
767000	0.12647861996704896	0.7465718063790584	1.0	1.0	2.0
768000	0.21524223344778864	1.5321177653337557	1.0	1.0	2.0
769000	0.7148407551747624	2.304181576049265	1.0	1.0	2.0
770000	0.5786058308268066	1.1230135944856843	1.0	1.0	2.0
771000	0.3037204529507252	1.8137444059005965	1.0	1.0	2.0
772000	0.432231370248863	1.315289902510522	1.0	1.0	2.0
773000	0.22863171181445202	1.0461821266022189	1.0	1.0	2.0
774000	0.3086384939558007	1.0558680844306259	1.0	1.0	2.0
775000	0.5567387599541417	1.7726626967948702	1.0	1.0	2.0
776000	0.3015679138552899	1.6026744758938865	1.0	1.0	2.0
777000	0.0397331100283817	0.2761706440475398	1.0	1.0	2.0
778000	0.1853652646320039	0.6275423884620791	1.0	1.0	2.0
779000	0.39392464479178946	2.4943892618902264	1.0	1.0	2.0
780000	0.46162047711345205	1.1287906921481785	1.0	1.0	2.0
781000	0.375876886393817	1.4696545181984093	1.0	1.0	2.0
782000	1.0364273294742767	3.5610453268927276	1.0	1.0	2.0
783000	0.4424004118033473	1.0300657591230589	1.0	1.0	2.0
784000	0.3815993375439539	1.5713521702813615	1.0	1.0	2.0
785000	0.010375665615558222	0.03472788049632488	1.0	1.0	2.0
786000	0.519790826879199	1.4757915017655687	1.0	1.0	2.0
787000	0.18361713601210672	1.0385472267509406	1.0	1.0	2.0
788000	0.6062827299008358	1.750355557932305	1.0	1.0	2.0
789000	0.9701483057506661	3.0359189394991364	1.0	1.0	2.0
790000	0.23585094422641645	0.9521926197979741	1.0	1.0	2.0
791000	1.2722620348728713	4.4210152375794625	1.0	1.0	2.0
792000	0.40462640784166765	1.4887320810503735	1.0	1.0	2.0
793000	0.2324614592950395	1.4379711259739991	1.0	1.0	2.0
794000	1.2457500563698907	5.586158492392617	1.0	1.0	2.0
795000	0.39572692217040234	2.393432111918126	1.0	1.0	2.0
796000	0.41118721880374	1.1458449700245108	1.0	1.0	2.0
797000	0.2807101663032041	0.9661301187941755	1.0	1.0	2.0
798000	0.5812234443429168	1.15534526698591	1.0	1.0	2.0
799000	0.6743767528457334	2.437750061673752	1.0	1.0	2.0
800000	0.25872365783511814	0.7911420642885406	1.0	1.0	2.0
801000	0.5991130958438263	2.6413947058705256	1.0	1.0	2.0
802000	0.4901869437821225	1.7122827072288955	1.0	1.0	2.0
803000	0.3348696133336749	1.181477366428393	1.0	1.0	2.0
804000	0.2582721158484352	1.041895698309149	1.0	1.0	2.0
805000	0.1835398197613237	0.6481448390372476	1.0	1.0	2.0
806000	0.11128748726472018	0.7676710843035491	1.0	1.0	2.0
807000	0.6789331861392716	3.2544850940792935	1.0	1.0	2.0
808000	0.2599489007234068	0.8915060180373657	1.0	1.0	2.0
809000	0.0639496173405583	0.3476764671269319	1.0	1.0	2.0
810000	0.6337489853549702	2.5063888243361054	1.0	1.0	2.0
811000	0.42135432296414305	3.1978535227085993	1.0	1.0	2.0
812000	0.8135647977610178	2.591451549226626	1.0	1.0	2.0
813000	0.35094784549823355	1.5809718922117189	1.0	1.0	2.0
814000	0.03363368955718606	0.21301265043349563	1.0	1.0	2.0
815000	0.31146439352777877	1.9278051709675053	1.0	1.0	2.0
816000	0.24095446795428516	1.197164938549002	1.0	1.0	2.0
817000	0.5943800771673367	2.817023758799274	1.0	1.0	2.0
818000	0.07912074430439582	0.49678528763673974	1.0	1.0	2.0
819000	0.6849382199603551	5.544747453440028	1.0	1.0	2.0
820000	0.12875985811980892	0.7557967460312046	1.0	1.0	2.0
821000	0.056757239286906666	0.19665079765666163	1.0	1.0	2.0
822000	0.08351716747036549	0.25427063106956793	1.0	1.0	2.0
823000	0.4868073410535964	3.3025559168114045	1.0	1.0	2.0
824000	0.35060001723439427	2.1970946408941807	1.0	1.0	2.0
825000	0.8619442910438527	2.4580945525405293	1.0	1.0	2.0
826000	0.7174631223087944	2.2617301600583573	1.0	1.0	2.0
827000	0.2919751356594193	1.9273840729481306	1.0	1.0	2.0
828000	0.9285103897977569	2.4492523688975374	1.0	1.0	2.0
829000	0.1923735809893133	0.7501665245108803	1.0	1.0	2.0
830000	0.3364928119350217	1.6184972785638405	1.0	1.0	2.0
831000	0.37844245047133374	1.5495727218072535	1.0	1.0	2.0
832000	0.7308982699051115	3.7137548733303163	1.0	1.0	2.0
833000	0.3712041237721503	2.9428009255404244	1.0	1.0	2.0
834000	0.33815701082579525	1.4385948859882642	1.0	1.0	2.0
835000	0.3495046763566112	0.9704076837561068	1.0	1.0	2.0
836000	0.4265024840882692	2.347948507550457	1.0	1.0	2.0
837000	0.9731496136551224	5.3423957741615204	1.0	1.0	2.0
838000	0.2494578657716913	1.3930696075515456	1.0	1.0	2.0
839000	0.5804573441539908	1.80356056335751	1.0	1.0	2.0
840000	0.4667011029635313	2.1845080200332925	1.0	1.0	2.0
841000	0.43598508254441876	1.406505267593789	1.0	1.0	2.0
842000	0.9415598200664989	2.3246456608512	1.0	1.0	2.0
843000	0.2193910786063482	0.9195136947156508	1.0	1.0	2.0
844000	0.2958538288267203	1.130126483849464	1.0	1.0	2.0
845000	0.5882402495995687	3.3405112066495346	1.0	1.0	2.0
846000	0.2891263010299848	1.5871555407524731	1.0	1.0	2.0
847000	0.05238471484674372	0.33091898919352813	1.0	1.0	2.0
848000	0.29481434943625523	0.9960277744078836	1.0	1.0	2.0
849000	0.27323936603860116	1.1265256302472657	1.0	1.0	2.0
850000	0.20905374356898346	1.133031951479951	1.0	1.0	2.0
851000	0.1666202220505628	0.5218522069061525	1.0	1.0	2.0
852000	0.33209631349855606	1.6378873531303253	1.0	1.0	2.0
853000	0.36229594111888114	1.3262732085629474	1.0	1.0	2.0
854000	0.17449315677901742	0.762225492787535	1.0	1.0	2.0
855000	0.17168426459590416	0.45796819052989995	1.0	1.0	2.0
856000	0.8476729970129054	3.1761510885566917	1.0	1.0	2.0
857000	0.0822735167890774	0.44913377854319986	1.0	1.0	2.0
858000	0.33180273423482276	1.3357022097266744	1.0	1.0	2.0
859000	0.3435994588584322	0.76907417625397	1.0	1.0	2.0
860000	0.2753628723562865	1.1651319956413966	1.0	1.0	2.0
861000	0.15225422265905947	0.5893562477012411	1.0	1.0	2.0
862000	0.14953775298519684	0.6164463437445439	1.0	1.0	2.0
863000	0.9488238741886638	3.5927290659988365	1.0	1.0	2.0
864000	0.3390023629162773	0.8235599519750609	1.0	1.0	2.0
865000	0.09370546797489131	0.48785367218230224	1.0	1.0	2.0
866000	0.4404552703635455	1.565686642928216	1.0	1.0	2.0
867000	1.1688158520936716	3.997805502481489	1.0	1.0	2.0
868000	0.5375527663263383	1.6823700345187018	1.0	1.0	2.0
869000	1.128562941383715	4.253007147225902	1.0	1.0	2.0
870000	0.17982827544284832	1.009801480756204	1.0	1.0	2.0
871000	0.43255410181160003	2.370113396705418	1.0	1.0	2.0
872000	0.18673297417569898	0.9271288951105675	1.0	1.0	2.0
873000	0.20392900109527975	0.7293277410331769	1.0	1.0	2.0
874000	0.3019062092820803	0.8844730549182536	1.0	1.0	2.0
875000	0.6762230891358565	2.8788412267006915	1.0	1.0	2.0
876000	0.077332845656804	0.48216614127317964	1.0	1.0	2.0
877000	0.2786814078074364	1.5826105483009096	1.0	1.0	2.0
878000	0.04275826320730195	0.13989203131225003	1.0	1.0	2.0
879000	0.4319922896719457	2.3962371375376907	1.0	1.0	2.0
880000	0.061312582979465124	0.1477741846421156	1.0	1.0	2.0
881000	0.10147632971935398	0.2930797366278716	1.0	1.0	2.0
882000	0.14559874804974016	0.7025547286901511	1.0	1.0	2.0
883000	0.5848528005918073	1.3271034642297554	1.0	1.0	2.0
884000	0.04587999321745022	0.17802764399437337	1.0	1.0	2.0
885000	0.40907854035699315	1.9326321903093415	1.0	1.0	2.0
886000	1.2548376545672544	3.927422570567167	1.0	1.0	2.0
887000	0.15543832305397712	0.5358724358245165	1.0	1.0	2.0
888000	0.8846406431636082	3.2502027097024047	1.0	1.0	2.0
889000	0.07315150507488533	0.3573676260955687	1.0	1.0	2.0
890000	1.1784089123084192	5.076988198797424	1.0	1.0	2.0
891000	0.7794854604634454	2.7836304344727347	1.0	1.0	2.0
892000	0.4078251469012244	2.5827274610562165	1.0	1.0	2.0
893000	0.21558225349815452	2.0993762187299656	1.0	1.0	2.0
894000	0.3880519816286194	2.042287620410979	1.0	1.0	2.0
895000	0.42300395433370463	1.267659608459885	1.0	1.0	2.0
896000	0.355081404891114	2.232221256626742	1.0	1.0	2.0
897000	0.206038211320539	0.6804417363716696	1.0	1.0	2.0
898000	0.18296073494715542	0.955264874745037	1.0	1.0	2.0
899000	0.05447604712371387	0.2889357410311755	1.0	1.0	2.0
900000	0.30194643017034156	0.9588175478612033	1.0	1.0	2.0
901000	0.37812327884713337	1.4808554210249945	1.0	1.0	2.0
902000	0.509010806104137	2.1715526062162476	1.0	1.0	2.0
903000	0.07524586708340801	0.30626267367996274	1.0	1.0	2.0
904000	0.3750836007203777	1.0447476584222246	1.0	1.0	2.0
905000	0.40675995589274694	1.4996778046249506	1.0	1.0	2.0
906000	0.15959093274075492	0.7915155454501247	1.0	1.0	2.0
907000	0.062469971849549034	0.32740513460506226	1.0	1.0	2.0
908000	0.4056622550260926	1.2303626426124585	1.0	1.0	2.0
909000	0.8976415960435912	2.9660699825170456	1.0	1.0	2.0
910000	1.5035744892472906	5.175170447741456	1.0	1.0	2.0
911000	0.02926186315908061	0.21095240513101549	1.0	1.0	2.0
912000	0.363793155995148	0.9475905271467956	1.0	1.0	2.0
913000	1.1706035088033173	2.5413874601008803	1.0	1.0	2.0
914000	0.08404120314968763	0.3372726844662776	1.0	1.0	2.0
915000	0.19480432775262319	0.6946100982700271	1.0	1.0	2.0
916000	0.6975564812148843	1.794436563449502	1.0	1.0	2.0
917000	0.2230923449381281	1.8136076327791315	1.0	1.0	2.0
918000	0.42434559579989095	2.3889830228429627	1.0	1.0	2.0
919000	0.8072036155470362	2.935094824457588	1.0	1.0	2.0
920000	0.34314588844936517	1.472336629564454	1.0	1.0	2.0
921000	0.541970917667962	2.9345977964234926	1.0	1.0	2.0
922000	0.31181044941184816	1.4812188741487256	1.0	1.0	2.0
923000	0.3424411429610325	0.9546722204788691	1.0	1.0	2.0
924000	0.17417083167793318	0.7573835846365244	1.0	1.0	2.0
925000	0.2163504692210488	0.7341493015782528	1.0	1.0	2.0
926000	0.045693648117668365	0.16825581341163637	1.0	1.0	2.0
927000	0.21921271731940856	1.102752231951545	1.0	1.0	2.0
928000	0.1112218357722183	0.4920166368592698	1.0	1.0	2.0
929000	0.5920663363461405	1.588743331568477	1.0	1.0	2.0
930000	0.5849877353873996	2.0715745015695264	1.0	1.0	2.0
931000	0.6824423299094776	1.8294477598681478	1.0	1.0	2.0
932000	0.26395610822450416	1.4593687440239445	1.0	1.0	2.0
933000	0.23444636776221442	1.4329603487531126	1.0	1.0	2.0
934000	0.21662783357762128	0.6253992638600543	1.0	1.0	2.0
935000	0.9923462716516852	3.6189524095164765	1.0	1.0	2.0
936000	0.266985289349769	0.750067831031097	1.0	1.0	2.0
937000	0.16996037272903927	0.6263993511799274	1.0	1.0	2.0
938000	0.1538528695594696	0.7232538587609966	1.0	1.0	2.0
939000	0.12290702313961875	0.6150758291395001	1.0	1.0	2.0
940000	0.17132598341521763	0.618947015089819	1.0	1.0	2.0
941000	0.1716368437458674	0.5066026355994787	1.0	1.0	2.0
942000	0.07777582729678084	0.3004522568084455	1.0	1.0	2.0
943000	1.050778653674921	2.670398725173724	1.0	1.0	2.0
944000	0.18506861129632118	0.7390343108495064	1.0	1.0	2.0
945000	0.0792434337888147	0.3299657949827052	1.0	1.0	2.0
946000	0.5385487560858842	2.493314256614515	1.0	1.0	2.0
947000	0.27365642669998935	1.9760313064992878	1.0	1.0	2.0
948000	0.17353320889603432	0.4731066157554513	1.0	1.0	2.0
949000	0.2421716060520299	1.1974299508436432	1.0	1.0	2.0
950000	0.2766298730962745	1.1129348793329232	1.0	1.0	2.0
951000	0.024383866996795813	0.26194415244258656	1.0	1.0	2.0
952000	0.1563664311139522	0.737385206173924	1.0	1.0	2.0
953000	0.2517998731772599	0.6623710571522489	1.0	1.0	2.0
954000	0.14947775251053394	0.8116417191649951	1.0	1.0	2.0
955000	0.11444433077896758	0.7088970103243847	1.0	1.0	2.0
956000	0.2899360730185067	1.4262807457731557	1.0	1.0	2.0
957000	0.9562999080353408	2.152875725540003	1.0	1.0	2.0
958000	0.426850505678526	2.231650176077112	1.0	1.0	2.0
959000	0.1046222193992832	0.45372316024303977	1.0	1.0	2.0
960000	0.16006858617166614	0.6585310175265937	1.0	1.0	2.0
961000	0.18067526064171052	0.500944218775843	1.0	1.0	2.0
962000	0.30046581797704974	0.9760014044295307	1.0	1.0	2.0
963000	0.1935485913922842	0.6766236369315753	1.0	1.0	2.0
964000	0.2523184929692638	0.837344576728567	1.0	1.0	2.0
965000	0.06254823999111697	0.35905049218472945	1.0	1.0	2.0
966000	0.24670183399495477	0.5550692696786014	1.0	1.0	2.0
967000	0.24219248026084952	1.2874626306398582	1.0	1.0	2.0
968000	0.5787992237389218	3.3440783547380133	1.0	1.0	2.0
969000	0.3952037160807277	1.524176298568859	1.0	1.0	2.0
970000	0.08092823908246638	0.38994880324382925	1.0	1.0	2.0
971000	0.027646445315205975	0.19415726815020187	1.0	1.0	2.0
972000	0.5088419948196647	3.484445003683483	1.0	1.0	2.0
973000	0.431879661391764	1.171088176066144	1.0	1.0	2.0
974000	0.13745686659255016	1.1878428560288141	1.0	1.0	2.0
975000	0.39279417358893387	2.1273429070146763	1.0	1.0	2.0
976000	0.31184457996933357	1.1131639452818116	1.0	1.0	2.0
977000	0.05258759584665708	0.2269906672441766	1.0	1.0	2.0
978000	0.07266677063095174	0.40495223733046903	1.0	1.0	2.0
979000	0.23055741311071642	0.8701323308575756	1.0	1.0	2.0
980000	0.29160898077385694	2.545726042209034	1.0	1.0	2.0
981000	0.29602265752279106	1.2261867838163683	1.0	1.0	2.0
982000	0.7750844092934751	2.9882511817437596	1.0	1.0	2.0
983000	0.5231136751875053	2.6135559079348134	1.0	1.0	2.0
984000	0.33017894134750875	1.7596730360075548	1.0	1.0	2.0
985000	0.3961856972773046	1.2697425537230749	1.0	1.0	2.0
986000	0.4151076424998776	1.6524875098129004	1.0	1.0	2.0
987000	0.2245554591735879	1.353506411059077	1.0	1.0	2.0
988000	0.122868430823915	0.5130743429911588	1.0	1.0	2.0
989000	0.09035702521937591	0.7622818995907181	1.0	1.0	2.0
990000	0.3021540650430298	1.3993024417117224	1.0	1.0	2.0
991000	0.12240183936863336	0.7418863163319992	1.0	1.0	2.0
992000	0.09788372445296573	0.4813840980384346	1.0	1.0	2.0
993000	0.17237226342585948	0.6563114825534665	1.0	1.0	2.0
994000	0.279612152184725	1.8574501434552566	1.0	1.0	2.0
995000	0.1235367712499235	0.4712557038241861	1.0	1.0	2.0
996000	0.7698153231504307	3.260739430293163	1.0	1.0	2.0
997000	0.27550377430601813	2.122565320864128	1.0	1.0	2.0
998000	0.8512064994195078	3.671095190489862	1.0	1.0	2.0
999000	0.0588109038886855	0.23968468601111692	1.0	1.0	2.0
1000000	0.23945838987915996	0.9584073100982243	1.0	1.0	2.0
