# BEAST v1.10.4 Prerelease #bc6cbd9
# Generated Thu Apr 09 07:59:19 CEST 2020 [seed=1586411958076]
# -overwrite Nextstrain_070420_3.xml
state	location.rates.Belgium.other	location.rates.other.Belgium	location.indicators.Belgium.other	location.indicators.other.Belgium	location.nonZeroRates
0	1.0	1.0	1.0	1.0	2.0
1000	0.02472992740805482	0.29739649149375136	1.0	1.0	2.0
2000	0.32839522725216813	2.587951608663494	1.0	1.0	2.0
3000	1.08309933455676	4.363057672361838	1.0	1.0	2.0
4000	0.06856266690334495	0.41826592794181183	1.0	1.0	2.0
5000	0.22917996585029454	2.17031943472478	1.0	1.0	2.0
6000	0.4274378468311189	2.659578848461463	1.0	1.0	2.0
7000	0.2189762740073017	1.8679328613318136	1.0	1.0	2.0
8000	0.18822430921906194	1.5489742774571902	1.0	1.0	2.0
9000	0.05688384401923079	0.34456169588665264	1.0	1.0	2.0
10000	0.32416372425002055	3.295097466418502	1.0	1.0	2.0
11000	0.3880393181963771	2.2427842469228385	1.0	1.0	2.0
12000	0.31416658244015244	2.5500489787664318	1.0	1.0	2.0
13000	0.06613261543640633	1.4510704853662746	1.0	1.0	2.0
14000	0.46385941073439146	2.418506298393124	1.0	1.0	2.0
15000	0.24012859874766085	1.8635798999830109	1.0	1.0	2.0
16000	0.14345541930779493	1.4588486060127381	1.0	1.0	2.0
17000	0.3242041319976047	2.7846260000773295	1.0	1.0	2.0
18000	0.1705599747241661	1.384767803247243	1.0	1.0	2.0
19000	0.2826188200195693	3.3058239952772404	1.0	1.0	2.0
20000	0.1971673804724937	1.650799745736141	1.0	1.0	2.0
21000	0.33725740730737774	1.8848866647629485	1.0	1.0	2.0
22000	0.05081805186986085	0.4715722717971322	1.0	1.0	2.0
23000	0.21356604082217504	1.8094427683890693	1.0	1.0	2.0
24000	0.1755256468580723	1.6479523860084628	1.0	1.0	2.0
25000	0.08009548468553837	0.8115880934386194	1.0	1.0	2.0
26000	0.17022261387145365	2.217441872095288	1.0	1.0	2.0
27000	0.3532416864719956	1.3921186684909495	1.0	1.0	2.0
28000	0.26575245875720205	1.091411313980537	1.0	1.0	2.0
29000	0.06226849302017398	0.22737369525845325	1.0	1.0	2.0
30000	0.07822312538616764	1.2117940887967507	1.0	1.0	2.0
31000	0.3520253110369416	2.9476975399342913	1.0	1.0	2.0
32000	0.04813524194562443	0.7712152038440289	1.0	1.0	2.0
33000	0.27760067558083784	1.9204429646830514	1.0	1.0	2.0
34000	0.14609509125420822	1.1592546616366697	1.0	1.0	2.0
35000	0.2016220842656987	1.5082532082103155	1.0	1.0	2.0
36000	0.16802540597470347	0.8623873721433933	1.0	1.0	2.0
37000	0.09114879569859664	0.7871889380250399	1.0	1.0	2.0
38000	0.19918715974299128	1.8527337123345204	1.0	1.0	2.0
39000	0.14913573381113107	1.0502410456562983	1.0	1.0	2.0
40000	0.23311744807223914	3.756345864971016	1.0	1.0	2.0
41000	0.20619879673786878	1.344188338397541	1.0	1.0	2.0
42000	0.0952986776283021	0.6301542695995416	1.0	1.0	2.0
43000	0.15949268466376582	0.8089119799767083	1.0	1.0	2.0
44000	0.1848893403838379	2.105807915444917	1.0	1.0	2.0
45000	0.08029123376935564	0.5088317328829337	1.0	1.0	2.0
46000	0.12343056317516607	1.9061701368833943	1.0	1.0	2.0
47000	0.023326448325843654	0.4705324165072117	1.0	1.0	2.0
48000	0.35842017648983826	1.2244281690341168	1.0	1.0	2.0
49000	0.8432918807660652	3.6438173041349864	1.0	1.0	2.0
50000	0.7921097851614356	3.2167282106552584	1.0	1.0	2.0
51000	0.4811788931616425	2.708457538412908	1.0	1.0	2.0
52000	0.11452739814302569	0.5920235362488483	1.0	1.0	2.0
53000	0.17227254334638123	0.9764304166243466	1.0	1.0	2.0
54000	0.6469518105367807	3.1971619090063372	1.0	1.0	2.0
55000	0.08762453894877077	0.4631446037365958	1.0	1.0	2.0
56000	0.44987213014711647	4.092352082404784	1.0	1.0	2.0
57000	1.0074341647883747	4.582142232419452	1.0	1.0	2.0
58000	0.03911261564127598	0.41149409904783957	1.0	1.0	2.0
59000	0.2533036374971412	2.7425903714088635	1.0	1.0	2.0
60000	0.2716672001442404	0.9395818923266988	1.0	1.0	2.0
61000	0.22305454645108166	1.835486546421563	1.0	1.0	2.0
62000	0.6865336839767943	3.8164603834609943	1.0	1.0	2.0
63000	0.15465177299999577	1.5517785877194965	1.0	1.0	2.0
64000	0.07225943080775832	0.6810338330369898	1.0	1.0	2.0
65000	0.3890801758185508	2.4916345536215236	1.0	1.0	2.0
66000	0.3251416340534692	1.6747675757617992	1.0	1.0	2.0
67000	0.2517264799520876	3.039340175040715	1.0	1.0	2.0
68000	0.21118655531757308	1.9013151176972405	1.0	1.0	2.0
69000	0.25868815101205017	3.696406736255875	1.0	1.0	2.0
70000	0.14899096535179782	1.228680878680073	1.0	1.0	2.0
71000	0.4625395754831676	2.2110427551001512	1.0	1.0	2.0
72000	0.2581471615993622	1.299556516917972	1.0	1.0	2.0
73000	0.37251981831895264	2.7508228579443545	1.0	1.0	2.0
74000	0.38133276232570096	3.17711061360315	1.0	1.0	2.0
75000	0.6566666137864785	4.555721077316642	1.0	1.0	2.0
76000	0.09482083862023752	0.8973262133651351	1.0	1.0	2.0
77000	0.26240698699384096	1.7266801805406036	1.0	1.0	2.0
78000	0.5496127246317805	4.943376431901042	1.0	1.0	2.0
79000	0.6880941532126302	6.480356265007422	1.0	1.0	2.0
80000	0.6805196132673571	3.5937749271173924	1.0	1.0	2.0
81000	0.5588644005057991	2.1146145742784004	1.0	1.0	2.0
82000	0.03505370366217818	0.3111837720619857	1.0	1.0	2.0
83000	0.2772361012040574	1.5978712264182149	1.0	1.0	2.0
84000	0.41521871822149226	2.9298998620747074	1.0	1.0	2.0
85000	0.3512377050272654	1.3999750559656483	1.0	1.0	2.0
86000	0.12323689477633605	1.403094887364239	1.0	1.0	2.0
87000	0.16556414895920235	1.611029576909271	1.0	1.0	2.0
88000	0.13926941846130592	1.289217594719856	1.0	1.0	2.0
89000	0.09419639545598017	0.4655864356561048	1.0	1.0	2.0
90000	0.021515068567558665	0.1790726920071615	1.0	1.0	2.0
91000	0.2576681933649816	1.226737508119785	1.0	1.0	2.0
92000	0.31908361715150413	1.554737038787431	1.0	1.0	2.0
93000	0.61158267930873	2.640718423855388	1.0	1.0	2.0
94000	0.12060989933786224	0.7161442671113544	1.0	1.0	2.0
95000	0.20657620954755426	2.4158983790880613	1.0	1.0	2.0
96000	0.40216459389768755	1.956267043449998	1.0	1.0	2.0
97000	0.2229109975127644	1.0000440037195324	1.0	1.0	2.0
98000	0.16858027162069888	1.2443895824689306	1.0	1.0	2.0
99000	0.14757613349146217	1.918252630345597	1.0	1.0	2.0
100000	0.28802144417931813	1.8154659048064954	1.0	1.0	2.0
101000	0.22051120651981182	1.3805076420356477	1.0	1.0	2.0
102000	0.04449991807898468	0.39655334611570864	1.0	1.0	2.0
103000	0.04437514347706544	0.4565131860928717	1.0	1.0	2.0
104000	0.2623858215695978	3.643018560826217	1.0	1.0	2.0
105000	0.4995290490425436	3.18735441605935	1.0	1.0	2.0
106000	0.1048085260163525	0.9403114151884919	1.0	1.0	2.0
107000	0.08271077056480726	0.39761498518060007	1.0	1.0	2.0
108000	0.42499851532070415	3.9346826838813023	1.0	1.0	2.0
109000	0.0892375770993535	1.978040145538353	1.0	1.0	2.0
110000	0.11372720140070496	0.5251253847472072	1.0	1.0	2.0
111000	0.05708797982262064	0.667330296561068	1.0	1.0	2.0
112000	0.10021493749147083	0.5560362344223869	1.0	1.0	2.0
113000	0.0938845228660414	0.7591251221143214	1.0	1.0	2.0
114000	0.11099496652633359	1.0795005840436078	1.0	1.0	2.0
115000	0.0071411581423603005	0.057291124142706235	1.0	1.0	2.0
116000	0.31803123597165234	2.1979608788078626	1.0	1.0	2.0
117000	0.43970279132502066	2.972975101912377	1.0	1.0	2.0
118000	0.2525443437639021	1.1890718502823294	1.0	1.0	2.0
119000	0.1301310635093568	0.5493234066118441	1.0	1.0	2.0
120000	0.5628841616735607	3.741445098698216	1.0	1.0	2.0
121000	0.19459001500321862	2.034284128897598	1.0	1.0	2.0
122000	0.2003363711234553	1.9929410193985713	1.0	1.0	2.0
123000	0.29712364159574345	2.3489883242382166	1.0	1.0	2.0
124000	0.04502166404239318	0.4221753434458008	1.0	1.0	2.0
125000	0.252747245280527	2.227779458243658	1.0	1.0	2.0
126000	0.10531283652344699	0.7418049747357742	1.0	1.0	2.0
127000	0.32783930230443653	2.8290788264814544	1.0	1.0	2.0
128000	0.5225278701102875	3.3452980528502185	1.0	1.0	2.0
129000	0.07761437794711645	0.5423745569631518	1.0	1.0	2.0
130000	0.2849523316686919	1.8623513133737895	1.0	1.0	2.0
131000	0.37682888625069094	2.9710994670722406	1.0	1.0	2.0
132000	0.5232236984575703	4.750417130234927	1.0	1.0	2.0
133000	0.2167780433978003	1.6170282406556555	1.0	1.0	2.0
134000	0.20828695771620448	1.8168122970573986	1.0	1.0	2.0
135000	0.2740624059279255	3.529121861921316	1.0	1.0	2.0
136000	0.03355167386794981	0.2067547141615034	1.0	1.0	2.0
137000	0.14912963767013493	1.359625695868905	1.0	1.0	2.0
138000	0.12674680590280882	0.557417685904118	1.0	1.0	2.0
139000	0.12825217964202465	0.7629639834325821	1.0	1.0	2.0
140000	0.1300313274021648	1.4613751733797333	1.0	1.0	2.0
141000	0.39499831433473565	1.5947313727815495	1.0	1.0	2.0
142000	0.13282272097035458	1.550355663444647	1.0	1.0	2.0
143000	0.3128466071046063	1.269092583839889	1.0	1.0	2.0
144000	0.15918291505579613	0.7621259529710678	1.0	1.0	2.0
145000	0.15724355220722522	1.4771629671328461	1.0	1.0	2.0
146000	0.4716255496178598	2.055445634889475	1.0	1.0	2.0
147000	0.15952722282712714	0.93967807480577	1.0	1.0	2.0
148000	0.08719942780264292	0.7873901268257839	1.0	1.0	2.0
149000	0.5936249478993635	2.0341490920015515	1.0	1.0	2.0
150000	0.4830230018336889	3.570496715903605	1.0	1.0	2.0
151000	0.18045316033808545	1.8152368456063075	1.0	1.0	2.0
152000	0.06190736332095932	0.6753395738776417	1.0	1.0	2.0
153000	0.43715926273007577	1.7868938418793652	1.0	1.0	2.0
154000	0.3614323726957144	2.051111174875535	1.0	1.0	2.0
155000	0.6175434610910591	2.514994599112723	1.0	1.0	2.0
156000	0.31922279134847265	2.2821404060236583	1.0	1.0	2.0
157000	0.4075994032161591	2.0151266261185476	1.0	1.0	2.0
158000	0.2275975619280669	1.4376899196517967	1.0	1.0	2.0
159000	0.04960015273309785	0.9993443080977292	1.0	1.0	2.0
160000	0.1561004968979523	1.0839564998804996	1.0	1.0	2.0
161000	0.08718783737936255	0.8213361369563535	1.0	1.0	2.0
162000	0.40438019361773203	3.7438416253696967	1.0	1.0	2.0
163000	0.5405740197147162	2.569446957281873	1.0	1.0	2.0
164000	0.20701124118219558	2.12387006407218	1.0	1.0	2.0
165000	1.0177179124674136	5.855991765685215	1.0	1.0	2.0
166000	0.0848006420558336	0.32701159643357747	1.0	1.0	2.0
167000	0.16800167738313804	0.9559248292883038	1.0	1.0	2.0
168000	0.24452089594477114	2.0188899453813947	1.0	1.0	2.0
169000	0.5969614522565516	2.281938089332144	1.0	1.0	2.0
170000	0.31980351933757584	1.313449722861194	1.0	1.0	2.0
171000	0.36977173755676895	2.501551490534721	1.0	1.0	2.0
172000	0.26204739081190664	1.02409460727759	1.0	1.0	2.0
173000	0.42913137583688676	3.0629250546155804	1.0	1.0	2.0
174000	0.21884810559181275	1.416850308625072	1.0	1.0	2.0
175000	0.14800832196251845	0.8086669243542157	1.0	1.0	2.0
176000	0.2366360463807254	2.152476476278427	1.0	1.0	2.0
177000	0.3289516562493442	2.5247008795329253	1.0	1.0	2.0
178000	0.16944613977370915	0.8344158148894715	1.0	1.0	2.0
179000	0.12451768821115888	0.8182332031747467	1.0	1.0	2.0
180000	0.24189757585273536	1.5949784574134012	1.0	1.0	2.0
181000	0.054064114571294	0.39264813219001726	1.0	1.0	2.0
182000	0.07650745024965043	0.5842341556967295	1.0	1.0	2.0
183000	0.025575450255750795	0.32328958805833313	1.0	1.0	2.0
184000	0.04368779188671639	0.5854313320231563	1.0	1.0	2.0
185000	0.10090319235419999	0.5669576467072374	1.0	1.0	2.0
186000	0.09929095375501244	0.7855436632839126	1.0	1.0	2.0
187000	0.10117367605564076	0.7012566575885508	1.0	1.0	2.0
188000	0.14746009306275557	1.4082955403446222	1.0	1.0	2.0
189000	0.19286882505177505	1.1274881507089605	1.0	1.0	2.0
190000	0.625635509587688	3.35582769598543	1.0	1.0	2.0
191000	0.5252406324006679	4.608804149889861	1.0	1.0	2.0
192000	0.1334124530187749	0.5477757027890918	1.0	1.0	2.0
193000	0.316914281687922	1.383397927524792	1.0	1.0	2.0
194000	0.07188759041253455	1.227274445195162	1.0	1.0	2.0
195000	0.20184620354460017	0.9168260921397565	1.0	1.0	2.0
196000	0.05910096639417906	0.7008423806113179	1.0	1.0	2.0
197000	0.3249807110758059	1.8994708877624937	1.0	1.0	2.0
198000	0.09254683851038958	0.547365760038363	1.0	1.0	2.0
199000	0.115116171873191	1.0445251017772574	1.0	1.0	2.0
200000	1.1145886725802625	4.397090528821944	1.0	1.0	2.0
201000	0.08351699060266914	0.9668823687091728	1.0	1.0	2.0
202000	0.2640415168951348	2.5019490907262525	1.0	1.0	2.0
203000	0.4239101679158415	1.1452983002504609	1.0	1.0	2.0
204000	0.6044562725192218	4.881888171323138	1.0	1.0	2.0
205000	0.24833163061580407	1.8849452442346046	1.0	1.0	2.0
206000	0.18983346929675357	1.1807700980871219	1.0	1.0	2.0
207000	0.12902038537111332	0.9980030028715277	1.0	1.0	2.0
208000	0.022687940772008287	0.1861004254362075	1.0	1.0	2.0
209000	0.2919519222403379	2.6120158765300445	1.0	1.0	2.0
210000	0.7450018989380257	4.626869460840921	1.0	1.0	2.0
211000	0.2359110278169713	3.000011926192337	1.0	1.0	2.0
212000	0.40031737976052567	5.1300239038976745	1.0	1.0	2.0
213000	0.48318832336026907	3.5461653905834845	1.0	1.0	2.0
214000	0.32617868983214404	3.170033651150213	1.0	1.0	2.0
215000	0.28760009121796054	1.0842648657354945	1.0	1.0	2.0
216000	0.25954331510733325	1.90241978786891	1.0	1.0	2.0
217000	0.31547359695913496	0.8408378280420744	1.0	1.0	2.0
218000	0.28835283347303625	1.9078343984017907	1.0	1.0	2.0
219000	0.15191339889624203	1.5878417767459652	1.0	1.0	2.0
220000	0.21599496425485196	4.087200846104957	1.0	1.0	2.0
221000	0.1283957163312155	0.7871933623113558	1.0	1.0	2.0
222000	0.4563459650115591	2.214804342899663	1.0	1.0	2.0
223000	0.23349427771641543	1.8303250627426175	1.0	1.0	2.0
224000	0.13537564067335203	2.084903658849531	1.0	1.0	2.0
225000	0.36830303606547676	2.002471108512777	1.0	1.0	2.0
226000	0.28185370427445416	2.5903859851256494	1.0	1.0	2.0
227000	0.072401874899046	0.5250155325322612	1.0	1.0	2.0
228000	0.06938468999749228	0.3021644994381254	1.0	1.0	2.0
229000	0.35717785375342975	3.6924392592990705	1.0	1.0	2.0
230000	0.01689179255610682	0.13339783431971022	1.0	1.0	2.0
231000	0.4888162488043073	3.608136112576439	1.0	1.0	2.0
232000	0.09320398902105588	0.8864070451615556	1.0	1.0	2.0
233000	0.09512860480134695	0.49066855417145416	1.0	1.0	2.0
234000	0.07724008351169277	0.42724235650476045	1.0	1.0	2.0
235000	0.33225012589930314	1.3368282409756735	1.0	1.0	2.0
236000	1.098251892866913	5.8230250918814015	1.0	1.0	2.0
237000	0.34731347889387376	3.5525307450779726	1.0	1.0	2.0
238000	0.21571412939978554	1.4353955285394095	1.0	1.0	2.0
239000	0.07532781334094593	1.2788567896651872	1.0	1.0	2.0
240000	0.17351278409469664	2.233429184514325	1.0	1.0	2.0
241000	0.390536030486547	3.1651181259103076	1.0	1.0	2.0
242000	0.1516089348873052	1.4181960691292474	1.0	1.0	2.0
243000	0.007655910527099781	0.04362051427593054	1.0	1.0	2.0
244000	0.14857197540813627	0.9078203425947834	1.0	1.0	2.0
245000	0.04653906934071328	0.903546883368898	1.0	1.0	2.0
246000	0.10541950196736516	0.735374454237738	1.0	1.0	2.0
247000	0.5504563746343593	2.849158769520453	1.0	1.0	2.0
248000	0.046659082947686954	0.6933958348276816	1.0	1.0	2.0
249000	0.06629408392188567	0.2875928094697746	1.0	1.0	2.0
250000	0.20657449137503575	1.9386960726249305	1.0	1.0	2.0
251000	0.19801553840170075	2.67739633846519	1.0	1.0	2.0
252000	0.0943359881373842	0.885724697866288	1.0	1.0	2.0
253000	0.03531196697358466	0.32616942594417325	1.0	1.0	2.0
254000	0.04791297787021285	0.4878170584340092	1.0	1.0	2.0
255000	0.20261527020642436	2.0562207063227036	1.0	1.0	2.0
256000	0.3560464806944058	1.9415237653106476	1.0	1.0	2.0
257000	0.08543155949143975	0.7083465359670282	1.0	1.0	2.0
258000	0.31706094331984597	3.2476322789871768	1.0	1.0	2.0
259000	0.47564231808504187	2.080476383887248	1.0	1.0	2.0
260000	0.17305466403668832	2.6792472458139125	1.0	1.0	2.0
261000	0.32044760724352994	2.71803560032775	1.0	1.0	2.0
262000	0.19831300222448964	2.957232142443947	1.0	1.0	2.0
263000	0.08423716006441527	1.2606514086931755	1.0	1.0	2.0
264000	0.48234641361831926	3.2868916697170074	1.0	1.0	2.0
265000	0.08419535276123852	0.8789791622541759	1.0	1.0	2.0
266000	0.21943410793147156	0.9819201083914718	1.0	1.0	2.0
267000	0.07157571838442511	0.8883573135718447	1.0	1.0	2.0
268000	0.06340207035867892	1.6458457547062244	1.0	1.0	2.0
269000	0.4058853323716876	2.357858846348743	1.0	1.0	2.0
270000	0.05934531706516848	0.3458908109624483	1.0	1.0	2.0
271000	0.8225355239140992	6.241170443320608	1.0	1.0	2.0
272000	0.23431697359649328	2.3947733149465575	1.0	1.0	2.0
273000	0.16298591599668708	0.9687447287187542	1.0	1.0	2.0
274000	0.027154214136635314	0.1361576146503133	1.0	1.0	2.0
275000	0.12089409684294819	1.471611568650586	1.0	1.0	2.0
276000	0.34054037869765946	2.7717590388841504	1.0	1.0	2.0
277000	0.10084051544573341	0.49798509912489924	1.0	1.0	2.0
278000	0.38786640122087185	2.855607597104833	1.0	1.0	2.0
279000	0.09092596065566588	0.6399405611104009	1.0	1.0	2.0
280000	1.259004541426922	4.33738448683136	1.0	1.0	2.0
281000	0.045732513407256474	0.22780424182641465	1.0	1.0	2.0
282000	0.5458938127750336	2.759639508132844	1.0	1.0	2.0
283000	0.7147905092729744	3.1018406361462425	1.0	1.0	2.0
284000	0.2507926333194274	2.73140605334602	1.0	1.0	2.0
285000	0.04726930227244574	0.44725805912179717	1.0	1.0	2.0
286000	0.5485589617426785	5.729694210339933	1.0	1.0	2.0
287000	0.33088336129159496	1.6921218194156873	1.0	1.0	2.0
288000	0.057524480927262825	1.4688295133070037	1.0	1.0	2.0
289000	0.14154730442021995	0.8649090422684288	1.0	1.0	2.0
290000	0.27463424682498255	1.5301100423703362	1.0	1.0	2.0
291000	0.6302924018028325	2.4950065639090524	1.0	1.0	2.0
292000	0.25633084395133277	1.3649963477401215	1.0	1.0	2.0
293000	0.1499052601462378	0.9529503455835994	1.0	1.0	2.0
294000	0.004250860255118004	0.05854200241621749	1.0	1.0	2.0
295000	0.1871305667320889	1.5033841741247436	1.0	1.0	2.0
296000	0.07078878293173856	0.88986326703992	1.0	1.0	2.0
297000	0.23655692332379527	1.0409515829824627	1.0	1.0	2.0
298000	0.40138602560828923	4.669522496906381	1.0	1.0	2.0
299000	0.27837198556790294	1.850271891556989	1.0	1.0	2.0
300000	0.07646762128721481	0.476517842559493	1.0	1.0	2.0
301000	0.14845669415735205	1.3050284928972093	1.0	1.0	2.0
302000	0.14652364187428615	1.0039055514020878	1.0	1.0	2.0
303000	0.15582374390562562	0.9261356387058561	1.0	1.0	2.0
304000	0.3568717339595605	1.805180991731981	1.0	1.0	2.0
305000	0.08690170966510176	0.9577336212379135	1.0	1.0	2.0
306000	0.2439127344012841	1.5765207063093212	1.0	1.0	2.0
307000	0.16821945776890013	2.507179924571641	1.0	1.0	2.0
308000	0.493829053975464	2.814387090944769	1.0	1.0	2.0
309000	0.10651625146571476	0.5607884517389644	1.0	1.0	2.0
310000	0.20024574200859793	1.3441401407570552	1.0	1.0	2.0
311000	0.5732254310726654	2.838568651369006	1.0	1.0	2.0
312000	0.1228344591210566	0.7335908335763045	1.0	1.0	2.0
313000	0.3030983999300535	1.4607107149654461	1.0	1.0	2.0
314000	0.06906667019090483	0.6458158847490156	1.0	1.0	2.0
315000	0.16858459167630024	1.55233911987926	1.0	1.0	2.0
316000	0.0526602924635202	0.4774838138985878	1.0	1.0	2.0
317000	0.1737322287464995	2.5846562082361766	1.0	1.0	2.0
318000	0.275219731341668	1.4366619224065087	1.0	1.0	2.0
319000	0.027217552437018136	0.20820400511375284	1.0	1.0	2.0
320000	0.010474856015231349	0.05550210604536523	1.0	1.0	2.0
321000	0.27307863985030106	2.9011266686784167	1.0	1.0	2.0
322000	0.1440226415728	1.578498603832874	1.0	1.0	2.0
323000	0.024380718218834453	0.1562481355373942	1.0	1.0	2.0
324000	0.05603809970253694	0.45469241868351584	1.0	1.0	2.0
325000	0.10836727376404842	0.8338873716080311	1.0	1.0	2.0
326000	0.2865826337126795	1.9104416742201935	1.0	1.0	2.0
327000	0.3475810540191157	5.414064215750591	1.0	1.0	2.0
328000	0.08599833403551117	1.2862379826552799	1.0	1.0	2.0
329000	0.31656678867330923	2.259629842626184	1.0	1.0	2.0
330000	0.46046511095770826	2.182513484589608	1.0	1.0	2.0
331000	0.020742510261442887	0.17307577155765955	1.0	1.0	2.0
332000	0.10329708101686409	0.955273181181782	1.0	1.0	2.0
333000	0.06157812584585681	0.6730644061724249	1.0	1.0	2.0
334000	0.13861015113769984	0.59132547386243	1.0	1.0	2.0
335000	0.04543976868645739	0.20553948990012688	1.0	1.0	2.0
336000	0.03383398251721628	1.4900315935720647	1.0	1.0	2.0
337000	0.11006209733473421	1.155514433726002	1.0	1.0	2.0
338000	0.2710764669542286	2.7875959755683444	1.0	1.0	2.0
339000	0.08875236098796994	1.1230711358159462	1.0	1.0	2.0
340000	0.10277028134825832	0.5586996395167746	1.0	1.0	2.0
341000	0.444283646587483	3.0242833435707617	1.0	1.0	2.0
342000	0.24919199589662364	2.0737686295147006	1.0	1.0	2.0
343000	0.07277813294287472	0.7164350301327201	1.0	1.0	2.0
344000	0.29574390280924123	1.225231103664	1.0	1.0	2.0
345000	0.19188439271451682	1.2138307288256285	1.0	1.0	2.0
346000	0.1657934723582192	1.937848096624989	1.0	1.0	2.0
347000	0.49382918350893384	2.196478590976276	1.0	1.0	2.0
348000	0.22962745645600013	1.6587971329563127	1.0	1.0	2.0
349000	0.12260342055951276	0.9018521905328017	1.0	1.0	2.0
350000	0.4271998540087157	2.3905428966336832	1.0	1.0	2.0
351000	0.3766535030592607	3.023435743628348	1.0	1.0	2.0
352000	0.13150360056689656	1.5147474575375584	1.0	1.0	2.0
353000	0.9080251450703413	4.951227895875276	1.0	1.0	2.0
354000	0.033186069344141846	0.7067242586268075	1.0	1.0	2.0
355000	0.3248863291138761	2.077169457191109	1.0	1.0	2.0
356000	0.2669396662304843	1.463696324324532	1.0	1.0	2.0
357000	0.09533530740590486	1.0828816724332149	1.0	1.0	2.0
358000	0.17831979978080176	2.154947741068652	1.0	1.0	2.0
359000	0.20345774423768873	1.9632028575469251	1.0	1.0	2.0
360000	0.06276799342565934	0.7648528830201746	1.0	1.0	2.0
361000	0.12991952091932596	0.8035163046546112	1.0	1.0	2.0
362000	0.22928904261916014	2.0931728795271938	1.0	1.0	2.0
363000	0.09938193698653242	0.9091595007470122	1.0	1.0	2.0
364000	0.28633899380080646	2.1531076165428304	1.0	1.0	2.0
365000	0.5814019911764747	2.9494709058333006	1.0	1.0	2.0
366000	0.27850012410110725	3.5616273496544943	1.0	1.0	2.0
367000	0.04994970161988671	0.7096682853528907	1.0	1.0	2.0
368000	0.04234530005430963	0.5329566252759591	1.0	1.0	2.0
369000	0.4825948129103928	5.3655076551856	1.0	1.0	2.0
370000	0.1003990115647077	2.1449667000205053	1.0	1.0	2.0
371000	0.2826353888107486	1.8046459930080228	1.0	1.0	2.0
372000	0.23100249896648345	3.3686194613419014	1.0	1.0	2.0
373000	0.5806332237386932	2.3881455709668984	1.0	1.0	2.0
374000	0.11727704695639014	0.8963191091473961	1.0	1.0	2.0
375000	0.22980079159303837	1.199639578963589	1.0	1.0	2.0
376000	0.12148175729645895	0.6441942497897933	1.0	1.0	2.0
377000	0.12740301250105254	1.40193248781756	1.0	1.0	2.0
378000	0.38113056556840275	2.6320210831837163	1.0	1.0	2.0
379000	0.10440208569458104	0.6607741737633999	1.0	1.0	2.0
380000	0.26688273294740633	2.005186547796939	1.0	1.0	2.0
381000	0.11820421330262218	1.3199626796672494	1.0	1.0	2.0
382000	0.06999455425355328	0.5169149034816389	1.0	1.0	2.0
383000	0.021513075742234267	0.15680848432585687	1.0	1.0	2.0
384000	0.9020529167844767	4.2620180379520995	1.0	1.0	2.0
385000	0.13608696789461863	1.3531054759233223	1.0	1.0	2.0
386000	0.05583182066468647	0.9393120437818399	1.0	1.0	2.0
387000	0.2676273726489628	1.5544608778312932	1.0	1.0	2.0
388000	0.6479110697539519	2.9879212072556314	1.0	1.0	2.0
389000	0.2677164986869127	1.2322832891093063	1.0	1.0	2.0
390000	0.1084765744143981	0.9607744421678792	1.0	1.0	2.0
391000	0.444872514953016	2.655162857525191	1.0	1.0	2.0
392000	0.42411929247185726	2.226248095229987	1.0	1.0	2.0
393000	0.04599857564495478	0.37399174804857005	1.0	1.0	2.0
394000	0.11220555641590232	0.8700999670119666	1.0	1.0	2.0
395000	0.12262373700318173	0.6088265653355962	1.0	1.0	2.0
396000	0.14534907530097327	1.063675650491579	1.0	1.0	2.0
397000	0.8195343771108434	4.63971095334548	1.0	1.0	2.0
398000	0.25187714489818597	1.3674766380156513	1.0	1.0	2.0
399000	0.5575502514983011	3.5489212277514217	1.0	1.0	2.0
400000	0.688738454690311	4.34896961233464	1.0	1.0	2.0
401000	0.07742798101754898	0.7542756786156104	1.0	1.0	2.0
402000	0.08614486159692802	0.74412568969528	1.0	1.0	2.0
403000	0.15073041210465307	0.8972951437771506	1.0	1.0	2.0
404000	0.2966816415648093	1.219763716085514	1.0	1.0	2.0
405000	0.2759219915706988	1.82715051410472	1.0	1.0	2.0
406000	0.45261322179597585	2.645152936166676	1.0	1.0	2.0
407000	0.2113228612826971	2.1035489411441937	1.0	1.0	2.0
408000	0.08977587720467213	0.5122834365975536	1.0	1.0	2.0
409000	0.10857470000698857	0.5316195831239318	1.0	1.0	2.0
410000	0.05729271049660046	0.47171549820688935	1.0	1.0	2.0
411000	0.17793978477512337	1.122361930727541	1.0	1.0	2.0
412000	0.19798992909208132	0.5999026478615147	1.0	1.0	2.0
413000	0.44902493649292813	2.6326256916464152	1.0	1.0	2.0
414000	0.07691868533266283	0.5874049597040772	1.0	1.0	2.0
415000	0.22845046843559336	1.3874044008065485	1.0	1.0	2.0
416000	0.1800620586202993	2.11087671333319	1.0	1.0	2.0
417000	0.15408150891503491	1.473472611520036	1.0	1.0	2.0
418000	0.9312244941439783	2.5907080040500317	1.0	1.0	2.0
419000	0.20083223069039569	2.1278702213087137	1.0	1.0	2.0
420000	0.12791601410807343	0.5400672100860793	1.0	1.0	2.0
421000	0.05677767681124936	0.8742167660857746	1.0	1.0	2.0
422000	0.08149255523555701	0.5514702018604505	1.0	1.0	2.0
423000	0.2985010533665752	2.0146776666159103	1.0	1.0	2.0
424000	0.3499745150887253	2.152577492711046	1.0	1.0	2.0
425000	0.21386827933445918	1.771477422677682	1.0	1.0	2.0
426000	0.21738278884922158	1.1836515987834624	1.0	1.0	2.0
427000	0.3553709567938455	1.7758697231823635	1.0	1.0	2.0
428000	0.2509173783673157	0.9308215784844085	1.0	1.0	2.0
429000	0.09331125262549896	1.427320586752682	1.0	1.0	2.0
430000	0.18209169565817704	2.220649737026416	1.0	1.0	2.0
431000	0.26005042569860876	1.371965363898487	1.0	1.0	2.0
432000	0.17613015189361866	1.6339910607262054	1.0	1.0	2.0
433000	0.21357877451506285	1.59041166381774	1.0	1.0	2.0
434000	0.23643946756948195	1.902281545120739	1.0	1.0	2.0
435000	0.18667380596586627	1.3753163641300277	1.0	1.0	2.0
436000	0.4706660756930936	1.9094571136728762	1.0	1.0	2.0
437000	0.3264486417907879	2.4255105925597356	1.0	1.0	2.0
438000	0.48744111934650663	3.3124604915388125	1.0	1.0	2.0
439000	0.22173165037362327	3.3965748896710135	1.0	1.0	2.0
440000	0.17877973835473887	1.893194337374222	1.0	1.0	2.0
441000	0.18251095563283565	1.2518191916800234	1.0	1.0	2.0
442000	0.1533860086471767	1.0060771152986632	1.0	1.0	2.0
443000	0.35574389098070064	2.3064084415988715	1.0	1.0	2.0
444000	0.13777826956795824	1.0641314624934122	1.0	1.0	2.0
445000	0.7340003604264519	4.023483663934086	1.0	1.0	2.0
446000	0.44608471782912684	2.283939391175543	1.0	1.0	2.0
447000	0.19497362251183342	1.2830395615129533	1.0	1.0	2.0
448000	0.16493226122943852	1.5094124711445789	1.0	1.0	2.0
449000	0.20755913667026887	2.232480396293819	1.0	1.0	2.0
450000	0.40449106982798094	4.2548101803232505	1.0	1.0	2.0
451000	0.21142994112193247	2.221329492915127	1.0	1.0	2.0
452000	0.599253490966077	2.707258221437983	1.0	1.0	2.0
453000	0.1588438529287512	1.2653995678804668	1.0	1.0	2.0
454000	0.10868199712054954	1.1544547479292981	1.0	1.0	2.0
455000	0.212565326261617	1.573345558272867	1.0	1.0	2.0
456000	0.4358473374243735	2.007838775685741	1.0	1.0	2.0
457000	0.2823095471147883	2.430616753522449	1.0	1.0	2.0
458000	0.4193914442396688	3.225854506768509	1.0	1.0	2.0
459000	0.11072473551754283	0.5041833845976079	1.0	1.0	2.0
460000	0.05780258929752888	0.2727721875617052	1.0	1.0	2.0
461000	0.2781794109934692	1.3973077898438568	1.0	1.0	2.0
462000	0.24619605514716603	1.5782151962245217	1.0	1.0	2.0
463000	0.18654146803393148	2.5072972173856964	1.0	1.0	2.0
464000	0.09742101128403541	1.7668101497369828	1.0	1.0	2.0
465000	0.07498954609276108	1.0211084804237698	1.0	1.0	2.0
466000	0.02931086706850404	0.17880464458643291	1.0	1.0	2.0
467000	0.12526922487123746	1.8134910969924618	1.0	1.0	2.0
468000	0.8332040289450255	3.757589161198035	1.0	1.0	2.0
469000	0.054454630052987694	0.29537751519899896	1.0	1.0	2.0
470000	0.07677182975364549	1.1232108977613466	1.0	1.0	2.0
471000	0.24229201029306	1.650021310873667	1.0	1.0	2.0
472000	0.10766513355899528	1.4411742194800097	1.0	1.0	2.0
473000	0.12895795228597476	0.7599254738370549	1.0	1.0	2.0
474000	0.09501663305217871	0.5292389308439089	1.0	1.0	2.0
475000	0.16454759895359444	1.661699863824027	1.0	1.0	2.0
476000	0.13633515921268746	0.9737264963956059	1.0	1.0	2.0
477000	0.07359034739478255	0.5222730934375034	1.0	1.0	2.0
478000	0.33056695050601637	2.85264984782444	1.0	1.0	2.0
479000	0.060111392741547205	1.3301674795333112	1.0	1.0	2.0
480000	0.170259120435195	1.5620933091252815	1.0	1.0	2.0
481000	0.1937416165746592	0.8979287913462896	1.0	1.0	2.0
482000	0.05652468681741048	0.27195870405262557	1.0	1.0	2.0
483000	0.6253114655096258	2.9675717102808377	1.0	1.0	2.0
484000	0.23808393633452174	1.8842265494274455	1.0	1.0	2.0
485000	0.20813788029854238	2.116643928110225	1.0	1.0	2.0
486000	0.25843017624311754	1.5524709886732397	1.0	1.0	2.0
487000	0.18787630391787288	1.9684947344939139	1.0	1.0	2.0
488000	0.047859736412476754	0.7821617571279721	1.0	1.0	2.0
489000	0.2545907218997582	2.2727662878488477	1.0	1.0	2.0
490000	0.046950664878448525	0.5317430937959485	1.0	1.0	2.0
491000	0.05111439059281587	0.5268065054332367	1.0	1.0	2.0
492000	0.4506971242649346	3.82086947275107	1.0	1.0	2.0
493000	0.23242364005811436	1.3925667047110972	1.0	1.0	2.0
494000	0.10896019317789966	1.1212184903421625	1.0	1.0	2.0
495000	0.30187255573954414	1.4245118998630184	1.0	1.0	2.0
496000	0.2973375074258532	2.8450572662504547	1.0	1.0	2.0
497000	0.3175633772905965	1.5564062270669186	1.0	1.0	2.0
498000	0.09731866625806189	0.6814767888425919	1.0	1.0	2.0
499000	0.37179269569303547	1.1649688499591035	1.0	1.0	2.0
500000	0.08910849629082548	0.8840781942925869	1.0	1.0	2.0
501000	0.050823206096791924	0.49921127132257825	1.0	1.0	2.0
502000	0.10911375998705901	0.60904478871329	1.0	1.0	2.0
503000	0.06354687490809478	1.5193242055793479	1.0	1.0	2.0
504000	0.27237267202520865	1.7983740298903415	1.0	1.0	2.0
505000	0.26626470092892424	1.1939952757498282	1.0	1.0	2.0
506000	0.19122960731457922	1.3263202038128674	1.0	1.0	2.0
507000	0.1678419944262332	0.941846144251863	1.0	1.0	2.0
508000	0.11487320053914	1.8066024546317292	1.0	1.0	2.0
509000	0.511478712482664	2.4065905678576476	1.0	1.0	2.0
510000	0.13767996054430218	1.3872578389901848	1.0	1.0	2.0
511000	0.06208536371753072	0.23834951175168034	1.0	1.0	2.0
512000	0.0260371036742542	0.271363016222725	1.0	1.0	2.0
513000	0.21717250868994992	1.809337300319337	1.0	1.0	2.0
514000	0.07921081058671582	0.6310881985233738	1.0	1.0	2.0
515000	0.17652188926541235	0.8818430559991841	1.0	1.0	2.0
516000	0.22459035000092595	1.9683541070484096	1.0	1.0	2.0
517000	0.061505539480068615	0.6701910021158005	1.0	1.0	2.0
518000	0.8399803096029725	4.135109745326287	1.0	1.0	2.0
519000	0.04543995146230904	0.403703311061205	1.0	1.0	2.0
520000	0.12264426071531374	1.3917669769889565	1.0	1.0	2.0
521000	0.30608833373922545	2.3777594310761225	1.0	1.0	2.0
522000	0.21949722621608378	0.9119017704737712	1.0	1.0	2.0
523000	0.38462864868561947	2.7537741093655757	1.0	1.0	2.0
524000	0.02722329133625895	0.2948849204415334	1.0	1.0	2.0
525000	0.05137867529128194	0.4793726314263775	1.0	1.0	2.0
526000	0.06805666641794321	1.51065086788531	1.0	1.0	2.0
527000	0.3353515463460621	1.7492017126393788	1.0	1.0	2.0
528000	0.05366748353557085	1.7049599260994504	1.0	1.0	2.0
529000	0.08951341693515247	0.8816605179020528	1.0	1.0	2.0
530000	0.16717448896386874	1.3371288763304339	1.0	1.0	2.0
531000	0.05817184595157435	1.0448381237929456	1.0	1.0	2.0
532000	0.2046214647449723	2.075463344521268	1.0	1.0	2.0
533000	0.06320929780913127	0.7756478720803931	1.0	1.0	2.0
534000	0.19883292432283856	2.1583760350148298	1.0	1.0	2.0
535000	0.1457825075552822	1.284570138723357	1.0	1.0	2.0
536000	0.3438471356201423	3.471755444893157	1.0	1.0	2.0
537000	0.01512127112708018	0.1547119272156955	1.0	1.0	2.0
538000	0.13645029358933378	0.7429404509716525	1.0	1.0	2.0
539000	0.07885664770054221	0.6937383904162611	1.0	1.0	2.0
540000	0.6315852535672809	2.2422340189560783	1.0	1.0	2.0
541000	0.3138667306364735	1.3464063265009316	1.0	1.0	2.0
542000	0.03933703261849388	0.3537756056760054	1.0	1.0	2.0
543000	0.1300516117904192	0.7296128430478221	1.0	1.0	2.0
544000	0.05323471676308406	0.4867280889033305	1.0	1.0	2.0
545000	0.3103721853501755	4.1758669824088175	1.0	1.0	2.0
546000	0.1701708113685255	4.013830430050624	1.0	1.0	2.0
547000	0.15972713756558068	2.1740728283701527	1.0	1.0	2.0
548000	0.1222223212202205	1.40861485551979	1.0	1.0	2.0
549000	0.05243292521807829	0.6296649483359822	1.0	1.0	2.0
550000	0.18111802237536856	1.1012981075888124	1.0	1.0	2.0
551000	0.21346469172272356	1.747308282954292	1.0	1.0	2.0
552000	0.41388377325901293	2.2047127670439455	1.0	1.0	2.0
553000	0.3530628836655348	2.8546938075702166	1.0	1.0	2.0
554000	0.13473448518506898	0.7070587283040367	1.0	1.0	2.0
555000	0.4242855978561095	3.902291524016448	1.0	1.0	2.0
556000	0.17006377944137324	1.3771809404210487	1.0	1.0	2.0
557000	0.06968211128411701	0.7197728062132636	1.0	1.0	2.0
558000	0.25010688471679166	2.524351485810375	1.0	1.0	2.0
559000	0.28321625766543285	2.7289093620614064	1.0	1.0	2.0
560000	0.4410744111513847	4.697716771411791	1.0	1.0	2.0
561000	0.29746033569628916	2.258825020706385	1.0	1.0	2.0
562000	0.11712225719858432	1.7045411113485016	1.0	1.0	2.0
563000	0.40524972097106954	2.7585585099630245	1.0	1.0	2.0
564000	0.2982371734428067	2.584130470798889	1.0	1.0	2.0
565000	0.06964224092191205	0.6491605732548451	1.0	1.0	2.0
566000	0.04927656559772112	0.5275242135381187	1.0	1.0	2.0
567000	0.3231727104613639	1.9873166207081145	1.0	1.0	2.0
568000	0.19475901692124525	1.9781895972121546	1.0	1.0	2.0
569000	0.1477596725574636	0.7299742783575863	1.0	1.0	2.0
570000	0.4862313789038163	2.051781753140574	1.0	1.0	2.0
571000	0.14793147220517147	0.6439126546530646	1.0	1.0	2.0
572000	0.5296167436721357	3.0044216814531803	1.0	1.0	2.0
573000	0.4461002294578981	2.6502836440601962	1.0	1.0	2.0
574000	0.22975184402393517	1.046389267813898	1.0	1.0	2.0
575000	0.1461701578501937	1.373059089895421	1.0	1.0	2.0
576000	0.0913728303510206	0.30966878455526137	1.0	1.0	2.0
577000	0.4487383261126329	1.9992873781075435	1.0	1.0	2.0
578000	0.8729198577616437	4.905988629601562	1.0	1.0	2.0
579000	0.08266775859566194	0.6143289555947843	1.0	1.0	2.0
580000	1.1192146955075766	4.268257633903999	1.0	1.0	2.0
581000	0.044636726641456494	0.2859933373540082	1.0	1.0	2.0
582000	0.07842868078225396	0.3805352925586206	1.0	1.0	2.0
583000	0.23646009438058832	1.104415966977718	1.0	1.0	2.0
584000	0.22115015343633104	1.2819235172231545	1.0	1.0	2.0
585000	0.3420243748766297	2.4227089395683947	1.0	1.0	2.0
586000	0.021201326639910187	0.1970436005437866	1.0	1.0	2.0
587000	0.33212814688161146	1.6401305257310699	1.0	1.0	2.0
588000	0.13448870032144122	1.671595320786354	1.0	1.0	2.0
589000	0.3145357681066709	3.5315007363617914	1.0	1.0	2.0
590000	0.19814328871951126	0.7299020205544394	1.0	1.0	2.0
591000	0.06731977139259457	1.9417252317785074	1.0	1.0	2.0
592000	0.12741368548374782	1.2448767332917792	1.0	1.0	2.0
593000	0.47991073919241145	2.17176879942814	1.0	1.0	2.0
594000	0.19769739238948372	1.0081076854281081	1.0	1.0	2.0
595000	0.17494973809372416	1.280068062568742	1.0	1.0	2.0
596000	0.2998267936329768	3.36993951693847	1.0	1.0	2.0
597000	0.6416857375083673	4.298988721799268	1.0	1.0	2.0
598000	0.008046098092661514	0.09288180371971322	1.0	1.0	2.0
599000	0.3722404242313215	3.026072417373617	1.0	1.0	2.0
600000	0.08500972299444148	0.46368876097502476	1.0	1.0	2.0
601000	0.19346847273429052	1.138519496526591	1.0	1.0	2.0
602000	0.038622492591006426	0.2569156198508748	1.0	1.0	2.0
603000	0.07479583461222443	0.42582192492688786	1.0	1.0	2.0
604000	0.3628911753595716	2.864699262626576	1.0	1.0	2.0
605000	0.11104910594762454	0.6131036304346712	1.0	1.0	2.0
606000	0.04988616343851149	0.293624972124683	1.0	1.0	2.0
607000	0.36987961453850754	2.701451762491059	1.0	1.0	2.0
608000	0.32617021715129463	1.214282987812513	1.0	1.0	2.0
609000	0.040854918207739045	0.5629463760963691	1.0	1.0	2.0
610000	0.2004142793330237	1.659701470408148	1.0	1.0	2.0
611000	0.1354306381372256	0.6580153850567371	1.0	1.0	2.0
612000	0.13406431637028593	0.8994558861790344	1.0	1.0	2.0
613000	0.15789945513001646	0.8207099190918151	1.0	1.0	2.0
614000	0.04213033582598412	0.29430913971205575	1.0	1.0	2.0
615000	0.2577802508601783	3.190054502264112	1.0	1.0	2.0
616000	0.2819750105625087	1.8359826531275556	1.0	1.0	2.0
617000	0.1320872351580412	1.1038760993058185	1.0	1.0	2.0
618000	0.06663323691869459	0.403227604944888	1.0	1.0	2.0
619000	0.1521879631343198	1.7483783912046367	1.0	1.0	2.0
620000	0.18084585231475736	2.579528429058644	1.0	1.0	2.0
621000	0.3438720861348082	1.918505263053171	1.0	1.0	2.0
622000	0.13235764501050395	1.2271243038441466	1.0	1.0	2.0
623000	0.17833281135358386	1.205627407151583	1.0	1.0	2.0
624000	0.30583009964020463	1.239830889262134	1.0	1.0	2.0
625000	0.03488157856933669	0.5846299989622198	1.0	1.0	2.0
626000	0.3603090998944522	1.7142022664109806	1.0	1.0	2.0
627000	0.15400234935307192	2.5410885788458923	1.0	1.0	2.0
628000	0.1596410454251884	1.7546243156117305	1.0	1.0	2.0
629000	0.1445268453751751	1.4548741818556141	1.0	1.0	2.0
630000	0.17287728234636912	2.319045022745594	1.0	1.0	2.0
631000	0.22259773065413005	3.637381398300028	1.0	1.0	2.0
632000	0.03700364340320596	0.2942026717877459	1.0	1.0	2.0
633000	0.16300441586544273	1.8739289243134527	1.0	1.0	2.0
634000	0.5042182738886937	3.6354972162881323	1.0	1.0	2.0
635000	0.1991670033743553	1.2949500344600724	1.0	1.0	2.0
636000	0.15157786168643575	0.7936795193792878	1.0	1.0	2.0
637000	0.4291593391547075	2.528764253546299	1.0	1.0	2.0
638000	0.04125634849478832	0.3348502409313898	1.0	1.0	2.0
639000	0.5669881699736077	5.441896903316844	1.0	1.0	2.0
640000	0.12934852093590907	0.7270704113956505	1.0	1.0	2.0
641000	0.13197055318395232	1.6601552966636974	1.0	1.0	2.0
642000	0.1299436916376939	0.7067957215719061	1.0	1.0	2.0
643000	0.33308476218226907	3.2336570212051305	1.0	1.0	2.0
644000	0.10324053670640404	0.8525846533953408	1.0	1.0	2.0
645000	0.4696510215914348	3.073351877516938	1.0	1.0	2.0
646000	0.1287653659731788	0.920397646658757	1.0	1.0	2.0
647000	0.04198865928864791	1.049075388773228	1.0	1.0	2.0
648000	0.08766253138158651	1.482678939545243	1.0	1.0	2.0
649000	0.47026347530798746	1.8943292465335533	1.0	1.0	2.0
650000	0.04564749378495538	0.9529503917783672	1.0	1.0	2.0
651000	0.17358990620480605	0.8946291672131955	1.0	1.0	2.0
652000	0.3448165644833791	1.545786652809905	1.0	1.0	2.0
653000	1.109962814436442	5.547287652587411	1.0	1.0	2.0
654000	0.10246047190822762	0.746142321361283	1.0	1.0	2.0
655000	0.6078548451044293	2.381846206935078	1.0	1.0	2.0
656000	0.10056098675571287	0.8999179825170268	1.0	1.0	2.0
657000	0.36879883078941883	3.779376728276988	1.0	1.0	2.0
658000	0.4799521415136648	2.179444805820701	1.0	1.0	2.0
659000	0.7428402884758789	4.643035101314587	1.0	1.0	2.0
660000	0.10903870131571362	1.020134957326248	1.0	1.0	2.0
661000	0.08160317319274508	1.0005140870282745	1.0	1.0	2.0
662000	0.11803273487946694	1.067703969865726	1.0	1.0	2.0
663000	0.1441757507605713	0.5416870442515943	1.0	1.0	2.0
664000	0.32781944951239367	2.2088071823075843	1.0	1.0	2.0
665000	0.2537103687632636	0.8161173531915483	1.0	1.0	2.0
666000	0.12420672698134351	2.0802744481802877	1.0	1.0	2.0
667000	0.13672069941391954	1.866957713061817	1.0	1.0	2.0
668000	0.21868477579286796	1.4570951872800944	1.0	1.0	2.0
669000	0.10689207381646708	1.0776274843607172	1.0	1.0	2.0
670000	0.07756588030364911	0.42946333287095945	1.0	1.0	2.0
671000	0.20744060989151528	1.7149987724069684	1.0	1.0	2.0
672000	1.1487749279453956	4.687016175533889	1.0	1.0	2.0
673000	0.052874149532916546	0.8069927668621888	1.0	1.0	2.0
674000	0.13458324880446498	1.1175776122069006	1.0	1.0	2.0
675000	0.09644646271777717	1.1111820509210373	1.0	1.0	2.0
676000	0.1444259682615595	1.9392259517794563	1.0	1.0	2.0
677000	0.057887224209146	0.3993719098360346	1.0	1.0	2.0
678000	0.25473548439522586	2.442966050586	1.0	1.0	2.0
679000	0.2711933298444159	1.7698161460761968	1.0	1.0	2.0
680000	0.08185088956455364	1.3158793428882176	1.0	1.0	2.0
681000	0.11532153404496213	1.448063361777866	1.0	1.0	2.0
682000	0.6139131383467265	3.4441734654377534	1.0	1.0	2.0
683000	0.21337702719646673	1.1807610635914318	1.0	1.0	2.0
684000	0.05718880006584543	0.5199510160152467	1.0	1.0	2.0
685000	0.2373734938367327	1.3985152428040442	1.0	1.0	2.0
686000	0.2693095181194291	1.1081620382247799	1.0	1.0	2.0
687000	0.10277022468809974	0.9938599477353168	1.0	1.0	2.0
688000	0.3267109281009125	4.630642518743426	1.0	1.0	2.0
689000	0.25620176245201703	1.6435847826954644	1.0	1.0	2.0
690000	0.05493186443040381	0.2997010342190963	1.0	1.0	2.0
691000	0.16325279024628345	1.5114052656233863	1.0	1.0	2.0
692000	0.2509268968044794	2.1970604543080174	1.0	1.0	2.0
693000	0.32242190909097623	1.580289168846896	1.0	1.0	2.0
694000	0.7087443387139337	3.6834013677851978	1.0	1.0	2.0
695000	0.13168862675872503	1.7146962955842358	1.0	1.0	2.0
696000	0.4923635978487952	2.2597166682957184	1.0	1.0	2.0
697000	0.24171705305788835	0.7558366163407655	1.0	1.0	2.0
698000	0.05958285973103122	0.36367650779099536	1.0	1.0	2.0
699000	0.38109068357523224	1.6929445608217655	1.0	1.0	2.0
700000	0.25855135589796807	2.7366585630693194	1.0	1.0	2.0
701000	0.15219404045446047	1.6629925014143478	1.0	1.0	2.0
702000	0.038511311038533884	0.5775641807009169	1.0	1.0	2.0
703000	0.16166424343223532	1.1502745216043795	1.0	1.0	2.0
704000	0.09584833316164619	0.8106380661098272	1.0	1.0	2.0
705000	0.06660956856659524	0.6449469532165778	1.0	1.0	2.0
706000	0.1500179262992001	0.6319465981905359	1.0	1.0	2.0
707000	0.19606921199200816	1.4971152317465553	1.0	1.0	2.0
708000	0.18710163505418867	1.5256023326318218	1.0	1.0	2.0
709000	0.039627545925472005	0.31922544495065175	1.0	1.0	2.0
710000	0.0884207813250729	0.5973571967032154	1.0	1.0	2.0
711000	0.1504181877469106	1.7714460082959271	1.0	1.0	2.0
712000	0.2413470092060205	1.8145878024876352	1.0	1.0	2.0
713000	0.12274432927361553	1.7166490389632825	1.0	1.0	2.0
714000	0.14211140677955084	1.0129419891033213	1.0	1.0	2.0
715000	0.15228233620724443	1.061224656711828	1.0	1.0	2.0
716000	0.10203034279806913	0.571671902750768	1.0	1.0	2.0
717000	0.06864570115004057	0.8465581362002731	1.0	1.0	2.0
718000	0.3066503274033369	3.3594595452789937	1.0	1.0	2.0
719000	0.06806359155852935	0.27172283947784065	1.0	1.0	2.0
720000	0.195228872210251	1.3496112151507393	1.0	1.0	2.0
721000	0.11894422088570313	0.6485286913675935	1.0	1.0	2.0
722000	0.2967901061596301	1.5934088332818999	1.0	1.0	2.0
723000	0.08762772214192437	0.24498121205100706	1.0	1.0	2.0
724000	0.46768986436987403	4.310470792589101	1.0	1.0	2.0
725000	0.10545532153292751	0.9068553590263506	1.0	1.0	2.0
726000	0.16446454402915728	0.6629302401826382	1.0	1.0	2.0
727000	0.33712707379353474	1.9147217213463006	1.0	1.0	2.0
728000	0.2991372108518975	1.429666819042248	1.0	1.0	2.0
729000	0.3352253590019151	2.005343995000618	1.0	1.0	2.0
730000	0.4921570343230139	4.219817831295098	1.0	1.0	2.0
731000	0.29817829556362363	1.4567181847321604	1.0	1.0	2.0
732000	0.17782502420039997	1.187893201049976	1.0	1.0	2.0
733000	0.2331558604658675	1.2735789148181893	1.0	1.0	2.0
734000	0.0672017914463195	0.4707478277012007	1.0	1.0	2.0
735000	0.5835280158615428	2.480172210879903	1.0	1.0	2.0
736000	0.4860997184941365	3.4529966174949167	1.0	1.0	2.0
737000	0.4254366765422239	3.116382826261649	1.0	1.0	2.0
738000	0.2872503959508246	3.990403466961313	1.0	1.0	2.0
739000	0.20673554717315212	1.4903496263911298	1.0	1.0	2.0
740000	0.36988260788079474	2.0615004183710424	1.0	1.0	2.0
741000	0.3620693315584395	2.9347114765028635	1.0	1.0	2.0
742000	0.3837249512073782	2.2494746633310725	1.0	1.0	2.0
743000	0.07768991480024973	0.2870133168653577	1.0	1.0	2.0
744000	0.36494627984261496	1.9198966792019494	1.0	1.0	2.0
745000	0.030309569569704438	0.2544796939263739	1.0	1.0	2.0
746000	0.25249329707563206	1.441321835651626	1.0	1.0	2.0
747000	0.19989647066557775	1.1528894104299217	1.0	1.0	2.0
748000	0.3782100653148927	2.6857960496926636	1.0	1.0	2.0
749000	0.03809074445551795	0.3717483576415768	1.0	1.0	2.0
750000	0.049690454108619386	0.7632372888083374	1.0	1.0	2.0
751000	0.06155477631057728	0.7567429733613946	1.0	1.0	2.0
752000	0.1322348996793233	2.885878526582826	1.0	1.0	2.0
753000	0.10742098106477622	0.3381794467112382	1.0	1.0	2.0
754000	0.12113173651157258	2.021873362258222	1.0	1.0	2.0
755000	0.12157364453713418	0.8295961554849011	1.0	1.0	2.0
756000	0.03532866063733422	1.3997988767852976	1.0	1.0	2.0
757000	0.07670643481445028	1.0680009046309809	1.0	1.0	2.0
758000	0.023196153941400892	0.1874997872715539	1.0	1.0	2.0
759000	0.24461096896083653	0.876754894883939	1.0	1.0	2.0
760000	0.25712773256209004	0.8522860122931167	1.0	1.0	2.0
761000	0.19304009009787362	2.0005316880255033	1.0	1.0	2.0
762000	0.17959711102275966	1.1774801802182753	1.0	1.0	2.0
763000	1.263657548537672	6.654533193417451	1.0	1.0	2.0
764000	0.087250150595726	1.2840797370538493	1.0	1.0	2.0
765000	0.10034757316673543	1.1763984081289718	1.0	1.0	2.0
766000	0.07412418201546482	1.0166757249517064	1.0	1.0	2.0
767000	0.26983352952604495	1.4228172095229954	1.0	1.0	2.0
768000	0.07876146393320742	0.9556797006425853	1.0	1.0	2.0
769000	0.48250079778762184	2.5210603598338275	1.0	1.0	2.0
770000	0.16171952869421877	1.178850671457131	1.0	1.0	2.0
771000	0.4437371206622139	2.6240349263482132	1.0	1.0	2.0
772000	0.1617803182426919	3.3594415998672162	1.0	1.0	2.0
773000	0.16750085255748992	3.865207206322875	1.0	1.0	2.0
774000	0.36105161538524344	2.2301105138159683	1.0	1.0	2.0
775000	0.3743548225340869	2.6285107970067836	1.0	1.0	2.0
776000	0.2579223238662851	1.5240859203819144	1.0	1.0	2.0
777000	0.28374725372053633	2.247259143684662	1.0	1.0	2.0
778000	0.22827225458804246	1.6803893446727138	1.0	1.0	2.0
779000	0.1328827036230061	3.1085146360926714	1.0	1.0	2.0
780000	0.48888074857516844	3.8725580420426975	1.0	1.0	2.0
781000	0.1545810555877568	1.8111592405267845	1.0	1.0	2.0
782000	0.7528441941816479	3.881359786447989	1.0	1.0	2.0
783000	0.51702604307805	2.926351372474543	1.0	1.0	2.0
784000	0.30935974036850905	1.4573132939394988	1.0	1.0	2.0
785000	0.05376121993308889	1.0223105023548194	1.0	1.0	2.0
786000	0.08738202486220696	1.042154325612765	1.0	1.0	2.0
787000	0.1043857266148526	0.8668576628462331	1.0	1.0	2.0
788000	0.740589796725484	5.3377385725475985	1.0	1.0	2.0
789000	0.6025245533275312	3.0159860673244223	1.0	1.0	2.0
790000	0.15906672484991305	1.4963551305056528	1.0	1.0	2.0
791000	0.03852191650751945	0.5290179835870622	1.0	1.0	2.0
792000	0.11571314544221603	0.621214679575841	1.0	1.0	2.0
793000	0.05652788184685904	0.650450091300919	1.0	1.0	2.0
794000	0.4500503212328934	3.670440807010341	1.0	1.0	2.0
795000	1.389863663485299	3.9262879713336725	1.0	1.0	2.0
796000	0.07854923894238938	1.1220151087420878	1.0	1.0	2.0
797000	0.06410601060891101	0.4377259629723943	1.0	1.0	2.0
798000	0.03448952171707198	0.2779956861428459	1.0	1.0	2.0
799000	0.07033184137859003	0.4547645556317277	1.0	1.0	2.0
800000	0.17279002555410142	1.33638107195074	1.0	1.0	2.0
801000	0.05671373632121093	0.4314026668817351	1.0	1.0	2.0
802000	0.09746948037781658	0.4545981344643812	1.0	1.0	2.0
803000	0.12668868273759834	1.2492809873583681	1.0	1.0	2.0
804000	0.14473857185995048	1.8249329222364434	1.0	1.0	2.0
805000	0.34832824800934103	1.4100476482352755	1.0	1.0	2.0
806000	0.4435806775853433	2.8244321170924716	1.0	1.0	2.0
807000	0.20299822969343714	1.8914601586173343	1.0	1.0	2.0
808000	0.41554120108416204	2.6855919943340063	1.0	1.0	2.0
809000	0.2642709746583336	2.1884415718988137	1.0	1.0	2.0
810000	0.27209692943203606	1.2116175420353468	1.0	1.0	2.0
811000	0.03262934162655241	0.2162103650244746	1.0	1.0	2.0
812000	0.3554275243892531	3.115088861961388	1.0	1.0	2.0
813000	0.057276781850442285	0.653924392826459	1.0	1.0	2.0
814000	0.3449765201095349	1.7440865387153615	1.0	1.0	2.0
815000	0.2930107277373474	2.610307073388841	1.0	1.0	2.0
816000	0.3074438234072683	1.5151506192365043	1.0	1.0	2.0
817000	0.006592115001675588	0.042531028651830866	1.0	1.0	2.0
818000	0.06494505973185845	0.8489609804571518	1.0	1.0	2.0
819000	0.03560558547964955	0.36784976788897905	1.0	1.0	2.0
820000	0.12136897092224957	1.2617156931300681	1.0	1.0	2.0
821000	0.15462464573606605	1.9748348515054523	1.0	1.0	2.0
822000	0.4908429883054894	2.783980424348014	1.0	1.0	2.0
823000	0.4817315893379291	1.9010151889932063	1.0	1.0	2.0
824000	0.3140379609317956	2.029205740849937	1.0	1.0	2.0
825000	0.12979356162480948	2.5121783856565028	1.0	1.0	2.0
826000	0.27260158816428404	2.127799649369599	1.0	1.0	2.0
827000	0.20005287803636226	0.889095759380005	1.0	1.0	2.0
828000	0.1697351270689103	1.5229614531320717	1.0	1.0	2.0
829000	0.18953987661468483	0.8034585205987479	1.0	1.0	2.0
830000	0.28642518778226733	1.8242312178452333	1.0	1.0	2.0
831000	0.2941282305195396	3.557420060634292	1.0	1.0	2.0
832000	0.15197733076233402	0.6680522396730231	1.0	1.0	2.0
833000	0.2981652180470787	2.078903978154482	1.0	1.0	2.0
834000	0.20938340135829347	1.0662657027180147	1.0	1.0	2.0
835000	0.32962631270871867	1.7619432639718708	1.0	1.0	2.0
836000	0.14201184802600655	0.7446721983391095	1.0	1.0	2.0
837000	0.4101906488151918	1.9903881898114102	1.0	1.0	2.0
838000	0.0690266816385469	0.2870145525979445	1.0	1.0	2.0
839000	0.06802195522765385	0.9724752704910956	1.0	1.0	2.0
840000	0.148047352268142	0.7410767861818397	1.0	1.0	2.0
841000	0.6771657499962035	3.082903998395631	1.0	1.0	2.0
842000	0.16236257901875237	2.7863837993647205	1.0	1.0	2.0
843000	0.2005123835915404	1.7840096129938303	1.0	1.0	2.0
844000	0.2479680001854954	2.0682639792529476	1.0	1.0	2.0
845000	0.21297837548609455	3.061896519178403	1.0	1.0	2.0
846000	0.46754897110457405	3.280094089127477	1.0	1.0	2.0
847000	0.3765066875742452	4.199236316515932	1.0	1.0	2.0
848000	0.047251949868934565	0.8498047257447681	1.0	1.0	2.0
849000	0.7485391471488778	3.2355264311946903	1.0	1.0	2.0
850000	0.0652844694942349	0.6208676405539306	1.0	1.0	2.0
851000	0.27805940907237664	2.1838435839534753	1.0	1.0	2.0
852000	0.22835493194915663	2.905220940025317	1.0	1.0	2.0
853000	0.11251255261617249	1.4281923681463693	1.0	1.0	2.0
854000	0.6785066295356026	4.589286327796854	1.0	1.0	2.0
855000	0.35738288155577475	2.2591580784336354	1.0	1.0	2.0
856000	0.22386882339300804	2.390755190226502	1.0	1.0	2.0
857000	0.281823019730705	2.539895257569187	1.0	1.0	2.0
858000	0.7183459936861166	4.049277597109747	1.0	1.0	2.0
859000	0.04172082130193428	0.2354314201584736	1.0	1.0	2.0
860000	0.06353370566635363	0.7915780085808467	1.0	1.0	2.0
861000	0.3455421582201378	1.3378173864328229	1.0	1.0	2.0
862000	0.15672900897204436	2.4426429678443253	1.0	1.0	2.0
863000	0.542078037153639	3.183682942350972	1.0	1.0	2.0
864000	0.2150679086315421	2.5249346776324235	1.0	1.0	2.0
865000	0.04192645718306792	0.2840363158227571	1.0	1.0	2.0
866000	0.2434118663837643	1.8858397828155096	1.0	1.0	2.0
867000	0.15112777075183775	0.7307733060351331	1.0	1.0	2.0
868000	0.46596983213967397	2.727654184942798	1.0	1.0	2.0
869000	0.41410782618896247	2.7072080791429585	1.0	1.0	2.0
870000	0.06421228178701695	0.27408373237122513	1.0	1.0	2.0
871000	0.25696897799643054	1.2621045791580188	1.0	1.0	2.0
872000	0.07544418713993259	0.5232064266484261	1.0	1.0	2.0
873000	0.44534714792145824	3.229030843191708	1.0	1.0	2.0
874000	0.32289426110247005	1.523915060931126	1.0	1.0	2.0
875000	0.25674929488838205	2.0401281195630583	1.0	1.0	2.0
876000	0.3029027200242493	1.4914822743247462	1.0	1.0	2.0
877000	0.17838382524226784	0.7819094887097446	1.0	1.0	2.0
878000	0.192309468018259	1.9306438308502187	1.0	1.0	2.0
879000	0.14783949988147171	0.7407061898024003	1.0	1.0	2.0
880000	0.20696967076701897	1.0205990946287387	1.0	1.0	2.0
881000	0.24319700501437636	1.3469676103273605	1.0	1.0	2.0
882000	0.1610487006725368	0.8112862579717681	1.0	1.0	2.0
883000	0.9157374513721692	5.573168188939818	1.0	1.0	2.0
884000	0.15949605831451555	0.4671860400291588	1.0	1.0	2.0
885000	0.2790321862246534	2.5679866408718324	1.0	1.0	2.0
886000	0.14619289513279188	0.8849197422070582	1.0	1.0	2.0
887000	0.1186910289520422	0.6851653465855969	1.0	1.0	2.0
888000	0.6112616666637976	2.9960223536366106	1.0	1.0	2.0
889000	0.3174221986883716	2.9669673768951697	1.0	1.0	2.0
890000	0.06837030674023359	0.6527243011377248	1.0	1.0	2.0
891000	0.6468698866050172	3.28943441270808	1.0	1.0	2.0
892000	0.049346977855279014	0.3300686683095369	1.0	1.0	2.0
893000	0.32627760017888086	3.0753756441703217	1.0	1.0	2.0
894000	0.2402432595787138	2.4680841317435216	1.0	1.0	2.0
895000	0.1475404504024617	0.8712963840303306	1.0	1.0	2.0
896000	0.03903779652559912	0.4681297749488838	1.0	1.0	2.0
897000	0.2775764447171891	2.6275533362523196	1.0	1.0	2.0
898000	0.029448328035118623	0.3660978474975444	1.0	1.0	2.0
899000	0.4016686141536497	2.5379595662628764	1.0	1.0	2.0
900000	0.34032192990320836	1.3530118408293534	1.0	1.0	2.0
901000	0.07649102368457651	0.41481984911786274	1.0	1.0	2.0
902000	0.16816837598322953	1.3921840047080518	1.0	1.0	2.0
903000	0.1559954500774976	0.9299264224732363	1.0	1.0	2.0
904000	0.020115207720407462	0.25195327968972675	1.0	1.0	2.0
905000	0.30811211664530663	0.9199961545252802	1.0	1.0	2.0
906000	1.2695579048722816	9.09801921722369	1.0	1.0	2.0
907000	0.3040732840433298	2.218638923244928	1.0	1.0	2.0
908000	0.7032462179299184	3.3243411858836995	1.0	1.0	2.0
909000	0.21989883259975412	1.5930176589980212	1.0	1.0	2.0
910000	0.054724408704054366	0.49363365254266967	1.0	1.0	2.0
911000	0.17236357680299702	3.099907776586049	1.0	1.0	2.0
912000	0.4030525466989288	1.5910105763221645	1.0	1.0	2.0
913000	0.43370634609290726	3.017628029054979	1.0	1.0	2.0
914000	0.17346281031061794	1.143389754463338	1.0	1.0	2.0
915000	0.17256257874405834	1.0352010086852945	1.0	1.0	2.0
916000	0.16260361810361737	0.9168576622261951	1.0	1.0	2.0
917000	0.33622527309465006	1.4934414414821875	1.0	1.0	2.0
918000	0.07720111276632305	1.2011161786795899	1.0	1.0	2.0
919000	0.19516087406358779	1.772019443200765	1.0	1.0	2.0
920000	0.8657530603912403	4.809384287847887	1.0	1.0	2.0
921000	0.41727969266978865	2.68843892707533	1.0	1.0	2.0
922000	0.7291713676439374	2.381427658891507	1.0	1.0	2.0
923000	0.6343409519831972	2.3869570853801294	1.0	1.0	2.0
924000	0.3178843212895726	1.5559804820971284	1.0	1.0	2.0
925000	0.36477676398810915	2.5816659552362995	1.0	1.0	2.0
926000	0.11511852985560023	1.0171601402079025	1.0	1.0	2.0
927000	0.23793079477236925	1.145618836472628	1.0	1.0	2.0
928000	0.0436457416246978	0.41754320950651563	1.0	1.0	2.0
929000	0.11653452621047414	0.726704792522095	1.0	1.0	2.0
930000	0.3189298108134608	2.8471000984924815	1.0	1.0	2.0
931000	0.33980636481717974	2.4609317698177873	1.0	1.0	2.0
932000	0.033542910919737205	0.47074779329610555	1.0	1.0	2.0
933000	0.10374307088824593	0.48152995791336856	1.0	1.0	2.0
934000	0.0459825250089652	0.645250177416965	1.0	1.0	2.0
935000	0.17384160997196185	1.0072926834577527	1.0	1.0	2.0
936000	0.05021716340450668	0.2588442585682574	1.0	1.0	2.0
937000	0.21750690898264174	1.1305031626142326	1.0	1.0	2.0
938000	0.12018606442733838	0.9378145518056716	1.0	1.0	2.0
939000	0.07917457734578028	0.6395507286833122	1.0	1.0	2.0
940000	0.03903912079718949	0.19404910553184693	1.0	1.0	2.0
941000	0.08315787681936204	1.091833764763379	1.0	1.0	2.0
942000	0.05776993120628895	0.7171613252250136	1.0	1.0	2.0
943000	0.11360438202249931	2.095134294356584	1.0	1.0	2.0
944000	0.0867375373538954	0.7510007333276462	1.0	1.0	2.0
945000	0.1936112020215938	1.1796316706170782	1.0	1.0	2.0
946000	0.4220198387878561	3.2368675410201497	1.0	1.0	2.0
947000	0.30214786624566836	1.9171811010892823	1.0	1.0	2.0
948000	0.3068722230989999	3.1753435291382894	1.0	1.0	2.0
949000	0.1978053393619388	2.209165315856447	1.0	1.0	2.0
950000	0.24047091112530342	1.6090081822905407	1.0	1.0	2.0
951000	0.06515423145431207	0.6963858176424093	1.0	1.0	2.0
952000	0.14998389395816758	1.828568415058774	1.0	1.0	2.0
953000	0.2769928504183614	1.5526100895102115	1.0	1.0	2.0
954000	0.18843160564619363	1.5777433241085435	1.0	1.0	2.0
955000	0.1571071895934038	1.1685704515441615	1.0	1.0	2.0
956000	0.7591764217381275	3.960973054224702	1.0	1.0	2.0
957000	0.03025037399721284	0.17273448869676922	1.0	1.0	2.0
958000	0.11009015522603052	1.1220588723911773	1.0	1.0	2.0
959000	0.47074390229493923	2.0262537970104213	1.0	1.0	2.0
960000	0.41030332043789625	2.4215120074034084	1.0	1.0	2.0
961000	0.15102453014643957	1.75634313532671	1.0	1.0	2.0
962000	0.08466565803783188	0.42367132336482805	1.0	1.0	2.0
963000	0.5389968109163517	3.1599120942177876	1.0	1.0	2.0
964000	0.09547697717879461	2.2453836809025827	1.0	1.0	2.0
965000	0.274315832766103	2.3180507839863074	1.0	1.0	2.0
966000	0.12972677786468761	1.038936795242249	1.0	1.0	2.0
967000	0.20481620811900253	1.96123889190601	1.0	1.0	2.0
968000	0.1673735197433933	0.8947162918771336	1.0	1.0	2.0
969000	0.1342117341393906	1.0428396001133335	1.0	1.0	2.0
970000	0.10499921172337219	0.6227396530682898	1.0	1.0	2.0
971000	0.06027413396631255	1.2953704419080467	1.0	1.0	2.0
972000	0.4701459543777233	2.7794169377477744	1.0	1.0	2.0
973000	0.05436841705840795	0.2899279375824181	1.0	1.0	2.0
974000	0.12000840328906519	0.7871936137329049	1.0	1.0	2.0
975000	0.28255231297217726	1.6584222123414212	1.0	1.0	2.0
976000	0.05935457318268009	0.40103444957889306	1.0	1.0	2.0
977000	0.2179447608619582	1.5870972376116597	1.0	1.0	2.0
978000	0.13731019625429616	1.5826230207108265	1.0	1.0	2.0
979000	0.1610227449823103	1.196885244125871	1.0	1.0	2.0
980000	0.12996056510900672	1.4987054131490627	1.0	1.0	2.0
981000	0.23784128468785334	1.0736068236422693	1.0	1.0	2.0
982000	0.2038710188873432	0.9608857463568367	1.0	1.0	2.0
983000	0.09960487824388037	0.7430988658112514	1.0	1.0	2.0
984000	0.1630220372933366	1.263444737212817	1.0	1.0	2.0
985000	0.49840501556350036	2.641795525865259	1.0	1.0	2.0
986000	0.47178165207104994	3.6676825166149354	1.0	1.0	2.0
987000	0.6411893612379456	3.3179437090005934	1.0	1.0	2.0
988000	0.34831822987537264	2.4258115275513683	1.0	1.0	2.0
989000	0.2913750782113638	0.7568128626007734	1.0	1.0	2.0
990000	0.29061731984828093	2.5148336395922577	1.0	1.0	2.0
991000	0.367274106200594	3.2357938984119734	1.0	1.0	2.0
992000	0.3570887643914273	3.233101185746976	1.0	1.0	2.0
993000	0.6117935228138806	4.117246632108175	1.0	1.0	2.0
994000	0.09501238582222299	0.9551439152126443	1.0	1.0	2.0
995000	0.16962704201165968	1.952098709731601	1.0	1.0	2.0
996000	0.17019009002530483	1.529111471802972	1.0	1.0	2.0
997000	0.4837762220685328	1.9422782785202246	1.0	1.0	2.0
998000	0.32924183633428095	1.6520805531766158	1.0	1.0	2.0
999000	0.15561074941802722	1.2062276290050724	1.0	1.0	2.0
1000000	0.4963093477088845	2.346278338761322	1.0	1.0	2.0
