# BEAST v1.10.4 Prerelease #bc6cbd9
# Generated Fri Jun 12 22:29:22 CEST 2020 [seed=1591993759965]
# TreeTime_100620.xml
state	location.rates.Belgium.other	location.rates.other.Belgium	location.indicators.Belgium.other	location.indicators.other.Belgium	location.nonZeroRates
0	1.0	1.0	1.0	1.0	2.0
1000	0.4848262750148706	0.6996311685938373	1.0	1.0	2.0
2000	0.3550672629734561	0.6395601981429005	1.0	1.0	2.0
3000	0.7298768421928035	1.6867706278552046	1.0	1.0	2.0
4000	1.9249316907084744	5.087883981853934	1.0	1.0	2.0
5000	0.6705856074774661	1.48662023691143	1.0	1.0	2.0
6000	0.753560434084046	1.110706311690866	1.0	1.0	2.0
7000	0.4227677310743864	0.8856144673306398	1.0	1.0	2.0
8000	0.98438953353235	2.9864688099226484	1.0	1.0	2.0
9000	0.43757682326201647	0.7976904217126433	1.0	1.0	2.0
10000	1.77620606669517	4.0442420479335945	1.0	1.0	2.0
11000	0.31383194572439366	0.5577499755455265	1.0	1.0	2.0
12000	0.15108128003140395	0.2876906263320386	1.0	1.0	2.0
13000	0.4339886028623201	0.977041502464862	1.0	1.0	2.0
14000	0.5771269641020883	1.4062834256213095	1.0	1.0	2.0
15000	1.1287343680311488	1.9796949915920927	1.0	1.0	2.0
16000	0.5798262822326548	1.1866086838326881	1.0	1.0	2.0
17000	0.37949791090571905	0.8257940154704867	1.0	1.0	2.0
18000	0.4405235583968862	0.8624520546674435	1.0	1.0	2.0
19000	0.9230978979007625	1.7348610506192745	1.0	1.0	2.0
20000	1.0408510136860079	2.4005689470145466	1.0	1.0	2.0
21000	0.20989521908689224	0.5478301578853579	1.0	1.0	2.0
22000	0.782649845669045	1.4900698915009778	1.0	1.0	2.0
23000	0.4140983666379174	0.9303551805519051	1.0	1.0	2.0
24000	1.0415565452028501	2.6545154851875092	1.0	1.0	2.0
25000	1.0019184684861238	1.6769815059125148	1.0	1.0	2.0
26000	0.9857804994735775	2.351260693587818	1.0	1.0	2.0
27000	0.3343317615307594	0.6559990854734299	1.0	1.0	2.0
28000	0.6182804615818434	1.597742261004428	1.0	1.0	2.0
29000	1.4121200586500877	2.5201970082307645	1.0	1.0	2.0
30000	0.25333519537999666	0.5734490757892964	1.0	1.0	2.0
31000	0.30643514967449137	0.6001791441805004	1.0	1.0	2.0
32000	0.5298962945734133	1.1984325447776525	1.0	1.0	2.0
33000	0.8657322722548354	1.5559398808412883	1.0	1.0	2.0
34000	0.5033709327048095	0.9345340048566892	1.0	1.0	2.0
35000	0.43283948107769626	0.8528174037754459	1.0	1.0	2.0
36000	0.2169360129692843	0.5488387752452439	1.0	1.0	2.0
37000	1.8927246082471456	3.1787789563176467	1.0	1.0	2.0
38000	0.5267594187901988	1.173010585963286	1.0	1.0	2.0
39000	0.4533024960155536	0.9996163687259199	1.0	1.0	2.0
40000	1.3619841141202271	3.4938724895897986	1.0	1.0	2.0
41000	0.3273810016242237	0.6193759086023755	1.0	1.0	2.0
42000	1.4413291493405704	2.7475153760199786	1.0	1.0	2.0
43000	0.9316733454196818	1.9745523304035677	1.0	1.0	2.0
44000	0.46762254478135923	0.821100489399478	1.0	1.0	2.0
45000	1.093751607514369	1.9929513132534158	1.0	1.0	2.0
46000	1.9909438975803677	3.7855639964032615	1.0	1.0	2.0
47000	1.3251521687516852	2.0460852383953787	1.0	1.0	2.0
48000	1.0343191286850968	2.2576640321082637	1.0	1.0	2.0
49000	0.36805027396295437	0.7470347293551329	1.0	1.0	2.0
50000	0.8244914422695443	1.6180415689279495	1.0	1.0	2.0
51000	0.9820407905627889	2.1628423292825296	1.0	1.0	2.0
52000	1.182330069335508	2.169675077547927	1.0	1.0	2.0
53000	0.38423928670066504	0.7742012995381974	1.0	1.0	2.0
54000	0.6283453828173472	0.9656031365566324	1.0	1.0	2.0
55000	1.179417820751462	2.0659265745069813	1.0	1.0	2.0
56000	0.7198153173159193	1.5603750896082846	1.0	1.0	2.0
57000	0.27846370144273896	0.45999921684523765	1.0	1.0	2.0
58000	0.6483980425982865	1.362224104927	1.0	1.0	2.0
59000	0.8137949462292674	2.0519375666062394	1.0	1.0	2.0
60000	0.7721723683276537	1.401090115383578	1.0	1.0	2.0
61000	0.14208710866501698	0.3110105680324415	1.0	1.0	2.0
62000	2.7356277298378315	4.355903701366897	1.0	1.0	2.0
63000	0.47024672388966826	0.9220859986982677	1.0	1.0	2.0
64000	1.8748334590655027	3.8163876879888825	1.0	1.0	2.0
65000	1.104453236556363	2.3525579537377426	1.0	1.0	2.0
66000	1.7149539360575583	3.639141728021565	1.0	1.0	2.0
67000	0.4570882100960171	0.9950457352178378	1.0	1.0	2.0
68000	0.13804499146654803	0.30115426558131286	1.0	1.0	2.0
69000	0.17473023739392807	0.4072809619305123	1.0	1.0	2.0
70000	0.8974102189091478	1.852906991279338	1.0	1.0	2.0
71000	0.1863664482818996	0.35060994772651977	1.0	1.0	2.0
72000	0.7168542307168441	0.9617536821099781	1.0	1.0	2.0
73000	0.34526789059578883	0.6342829759795963	1.0	1.0	2.0
74000	0.33807047969148996	0.589896133428716	1.0	1.0	2.0
75000	0.5521457837128512	1.0828616409521528	1.0	1.0	2.0
76000	0.6593232043013694	1.36801816729058	1.0	1.0	2.0
77000	0.2721010400947021	0.5790586467969128	1.0	1.0	2.0
78000	0.5734809321418238	1.0706334866062233	1.0	1.0	2.0
79000	1.3429552535115863	2.4366647202476455	1.0	1.0	2.0
80000	0.2958033850742446	0.6927423120381976	1.0	1.0	2.0
81000	0.13468132920950499	0.306328289401609	1.0	1.0	2.0
82000	0.8939853574700555	2.2553665749928262	1.0	1.0	2.0
83000	0.5028386571196202	1.3936365565896072	1.0	1.0	2.0
84000	0.23725492895521744	0.5053147710561312	1.0	1.0	2.0
85000	0.15153621693983454	0.33993685209761654	1.0	1.0	2.0
86000	0.5203834773721883	1.0766202445395634	1.0	1.0	2.0
87000	0.4430147486424555	1.0189694300655012	1.0	1.0	2.0
88000	0.9451226067909118	2.066499226162452	1.0	1.0	2.0
89000	0.6622727169352205	1.6871797826578072	1.0	1.0	2.0
90000	1.5847544021641884	3.1238921015050005	1.0	1.0	2.0
91000	0.8618815901307704	1.600098700437067	1.0	1.0	2.0
92000	0.22754851187722921	0.46862958622767664	1.0	1.0	2.0
93000	0.06700832431820461	0.12383957780317896	1.0	1.0	2.0
94000	0.2223902724266017	0.47203283176534144	1.0	1.0	2.0
95000	0.6655602119277236	1.363760319124219	1.0	1.0	2.0
96000	0.4859671450294992	1.2402485664476677	1.0	1.0	2.0
97000	0.4092999635922686	0.5875875086830792	1.0	1.0	2.0
98000	0.12275299316942843	0.35977713849664944	1.0	1.0	2.0
99000	0.3712768034721443	0.6104238098300757	1.0	1.0	2.0
100000	1.3368007150725993	2.774461550459375	1.0	1.0	2.0
101000	0.9333586936934342	1.8948524383286829	1.0	1.0	2.0
102000	0.5556796168810791	1.5346550034917195	1.0	1.0	2.0
103000	0.4862054359795682	1.1460215372236302	1.0	1.0	2.0
104000	0.4891764177770895	1.770205731349564	1.0	1.0	2.0
105000	0.46349007930794056	1.0413732248623613	1.0	1.0	2.0
106000	0.22242215218298675	0.39292371031167156	1.0	1.0	2.0
107000	0.335136046172665	0.6403874443581429	1.0	1.0	2.0
108000	0.8028307395732099	1.3753969304317135	1.0	1.0	2.0
109000	0.2834453476561781	0.6558124746422934	1.0	1.0	2.0
110000	0.5131113619926347	1.069393488536556	1.0	1.0	2.0
111000	0.7747645669602065	1.4942466780789332	1.0	1.0	2.0
112000	0.7098965597257465	2.156737064574589	1.0	1.0	2.0
113000	0.2799982653139469	0.6283526848190694	1.0	1.0	2.0
114000	0.9832812374829623	1.9454176387810977	1.0	1.0	2.0
115000	0.810489362372938	1.7454099563522791	1.0	1.0	2.0
116000	0.3519043661933673	0.6237792744957109	1.0	1.0	2.0
117000	0.8196941104954002	1.5788006102428025	1.0	1.0	2.0
118000	1.9702541747937028	3.8230544077011754	1.0	1.0	2.0
119000	0.7025541660781931	1.3582141894846442	1.0	1.0	2.0
120000	0.5121502509519493	0.9429792667121805	1.0	1.0	2.0
121000	0.7105021438544183	1.390478069493333	1.0	1.0	2.0
122000	0.8247110577112033	1.872928419423021	1.0	1.0	2.0
123000	0.43751396268509674	0.7235505361980951	1.0	1.0	2.0
124000	0.5184724030169361	0.8551870726689877	1.0	1.0	2.0
125000	0.1876493462800356	0.371747826726297	1.0	1.0	2.0
126000	0.5593518423239027	1.1451973888933682	1.0	1.0	2.0
127000	0.8596179315162178	1.7944178524556815	1.0	1.0	2.0
128000	0.24572744339334635	0.7060246684271779	1.0	1.0	2.0
129000	0.5438522143358224	1.0834725725463883	1.0	1.0	2.0
130000	0.3823831470374364	0.7589312684284029	1.0	1.0	2.0
131000	0.10873039225521845	0.17949599099235433	1.0	1.0	2.0
132000	0.7464187509672485	1.654930433028561	1.0	1.0	2.0
133000	1.1644851727519743	3.0361704561153884	1.0	1.0	2.0
134000	0.8433747943191999	1.6014559566183098	1.0	1.0	2.0
135000	0.45422934865552145	0.9648104830482364	1.0	1.0	2.0
136000	0.1386259878452656	0.3807537563801867	1.0	1.0	2.0
137000	1.3013207951980474	2.503999669512712	1.0	1.0	2.0
138000	0.8078035254723704	1.779770177914664	1.0	1.0	2.0
139000	0.24823938064974896	0.591553084027328	1.0	1.0	2.0
140000	0.5925423616688703	1.353571546407239	1.0	1.0	2.0
141000	0.4443863530475663	1.0109995124487523	1.0	1.0	2.0
142000	0.16678369059453457	0.35050872920890497	1.0	1.0	2.0
143000	0.8808655659648975	2.0248238976115642	1.0	1.0	2.0
144000	0.30664629486087197	0.528557565394104	1.0	1.0	2.0
145000	0.7643706134163502	1.146395398738284	1.0	1.0	2.0
146000	0.8308007736214782	1.6869695415198664	1.0	1.0	2.0
147000	0.8677624080899216	2.192140110334372	1.0	1.0	2.0
148000	1.2374934014415993	1.9473469778131167	1.0	1.0	2.0
149000	1.4077178996334987	2.645913447615977	1.0	1.0	2.0
150000	0.6866399911196945	1.4601494902984218	1.0	1.0	2.0
151000	0.7882396969333818	1.4006090428841187	1.0	1.0	2.0
152000	0.4425542404825405	0.809662249650268	1.0	1.0	2.0
153000	0.36332208862899346	0.8473064452936685	1.0	1.0	2.0
154000	0.6335675673614256	1.3995396937245042	1.0	1.0	2.0
155000	0.18640124013058318	0.5674020357148433	1.0	1.0	2.0
156000	2.2885867569713505	3.4252414587255946	1.0	1.0	2.0
157000	0.5876710150368702	1.2337217714080557	1.0	1.0	2.0
158000	1.0155276994245765	1.7906847125044845	1.0	1.0	2.0
159000	1.2917976338856354	1.6199930767675492	1.0	1.0	2.0
160000	0.4798899699707083	1.2613996849605031	1.0	1.0	2.0
161000	0.48550136652362746	0.968327806507016	1.0	1.0	2.0
162000	0.934737543157724	1.9326593636145013	1.0	1.0	2.0
163000	0.3375727227356266	0.6700402027615788	1.0	1.0	2.0
164000	0.9660859860268799	2.592635266877966	1.0	1.0	2.0
165000	0.28876575150460176	0.5076583857720602	1.0	1.0	2.0
166000	0.37513650335794785	0.7215234083134683	1.0	1.0	2.0
167000	0.5773193348814701	1.0106357831146924	1.0	1.0	2.0
168000	0.5771587026112369	1.2115787919203762	1.0	1.0	2.0
169000	0.7348363575013398	1.6420070423331479	1.0	1.0	2.0
170000	1.134192702905356	3.7808764333417533	1.0	1.0	2.0
171000	0.20568686055753688	0.495628181905828	1.0	1.0	2.0
172000	0.6438885384978509	2.03943720589744	1.0	1.0	2.0
173000	0.5245909758841084	1.3112849208831348	1.0	1.0	2.0
174000	0.462362616252233	1.0162471739833263	1.0	1.0	2.0
175000	0.6083025093807173	1.675034609342884	1.0	1.0	2.0
176000	1.4052144200182706	2.9281977275064315	1.0	1.0	2.0
177000	0.8053351195532558	1.382452634729545	1.0	1.0	2.0
178000	0.46624804733521347	0.9183849824405775	1.0	1.0	2.0
179000	0.1608766748922975	0.4515386608292124	1.0	1.0	2.0
180000	0.527926171870672	1.019775878920809	1.0	1.0	2.0
181000	0.7270296064622866	1.4613528420697381	1.0	1.0	2.0
182000	1.2938466499810384	2.326132817011846	1.0	1.0	2.0
183000	0.70002665992284	1.1134814970270221	1.0	1.0	2.0
184000	0.3507285273475407	0.6032289574379631	1.0	1.0	2.0
185000	1.428100537143586	2.7212293958915676	1.0	1.0	2.0
186000	0.07979337873968227	0.14769619510816834	1.0	1.0	2.0
187000	0.5362220126476669	1.0362790263109165	1.0	1.0	2.0
188000	0.7313341262238116	1.4615534137710762	1.0	1.0	2.0
189000	0.1775303763564848	0.3559381012373697	1.0	1.0	2.0
190000	0.2570219491091491	0.6560080941014633	1.0	1.0	2.0
191000	0.975923360833271	1.5016095570908623	1.0	1.0	2.0
192000	0.03372532390915789	0.08229739676714198	1.0	1.0	2.0
193000	1.1404851285415434	2.0352653011306927	1.0	1.0	2.0
194000	0.6243638066279518	1.2187592531135212	1.0	1.0	2.0
195000	0.40229025060313134	0.6673600529257965	1.0	1.0	2.0
196000	1.4722710696914512	3.466413080028169	1.0	1.0	2.0
197000	1.378406348828735	3.4582426851503745	1.0	1.0	2.0
198000	2.8138984924951025	5.53857035105329	1.0	1.0	2.0
199000	0.42610097314575895	0.9042071576861963	1.0	1.0	2.0
200000	0.6680070113765953	1.1615200066381994	1.0	1.0	2.0
201000	2.163173660611393	5.345389550922622	1.0	1.0	2.0
202000	2.840098387279419	5.74474581931511	1.0	1.0	2.0
203000	0.8333031055324099	2.3837669094933864	1.0	1.0	2.0
204000	0.1028613725164596	0.2758869066118105	1.0	1.0	2.0
205000	0.45987964198148173	1.0216069203983056	1.0	1.0	2.0
206000	1.0785215705490996	2.556324836879606	1.0	1.0	2.0
207000	0.678919488681212	1.173135263754031	1.0	1.0	2.0
208000	0.24233287803231665	0.6473941853087213	1.0	1.0	2.0
209000	0.2356329572171469	0.4855202126521686	1.0	1.0	2.0
210000	0.38512509306632864	0.5994773401096346	1.0	1.0	2.0
211000	0.6824393715854895	1.2637167570711265	1.0	1.0	2.0
212000	0.09851940712065274	0.2248971522919027	1.0	1.0	2.0
213000	0.26876959828117203	0.6156728563542581	1.0	1.0	2.0
214000	0.8984820053103741	1.7882864411750312	1.0	1.0	2.0
215000	0.38762413272764407	0.8751859184082541	1.0	1.0	2.0
216000	0.9155860712050895	1.5722723016356381	1.0	1.0	2.0
217000	0.36702634645302357	0.7382924494390585	1.0	1.0	2.0
218000	2.0181251121258788	4.412372890057499	1.0	1.0	2.0
219000	0.6981841583420341	1.8095969692921685	1.0	1.0	2.0
220000	0.9935919605793838	1.6519965265008487	1.0	1.0	2.0
221000	0.4715519770480157	1.0973431037876902	1.0	1.0	2.0
222000	0.5042602409169372	1.1277546005848533	1.0	1.0	2.0
223000	0.3030468826500736	0.5918002327263987	1.0	1.0	2.0
224000	0.3351035285002648	0.8009921104449784	1.0	1.0	2.0
225000	0.25549541525624525	0.5433196239310373	1.0	1.0	2.0
226000	0.5103872967265227	1.2846427775573541	1.0	1.0	2.0
227000	1.2646655638107545	2.5178078881870447	1.0	1.0	2.0
228000	0.3543403543835501	0.7291114010506673	1.0	1.0	2.0
229000	0.767761965934949	1.7624453368501383	1.0	1.0	2.0
230000	1.0866220222070706	1.969561808504314	1.0	1.0	2.0
231000	0.5736947761527469	1.0009917965084538	1.0	1.0	2.0
232000	0.053892494673048755	0.11506407706119312	1.0	1.0	2.0
233000	0.606468527313957	1.0888617442440578	1.0	1.0	2.0
234000	0.7199287067708804	1.2427458734049488	1.0	1.0	2.0
235000	0.31124419529681524	0.752052820593048	1.0	1.0	2.0
236000	0.5243564330364836	1.1286494153792999	1.0	1.0	2.0
237000	0.45864779434125835	0.8508519824715957	1.0	1.0	2.0
238000	0.5352672759465721	0.9725866028907131	1.0	1.0	2.0
239000	0.4482843025421625	1.0727281488121612	1.0	1.0	2.0
240000	0.4317210668358826	0.983513573529233	1.0	1.0	2.0
241000	0.5357038139849849	1.2990374363093973	1.0	1.0	2.0
242000	0.44572831788039996	0.9514228349011494	1.0	1.0	2.0
243000	0.15728966437986655	0.4195043372109226	1.0	1.0	2.0
244000	1.0411830555588746	1.8838747557167188	1.0	1.0	2.0
245000	0.408565919219393	0.800497816056382	1.0	1.0	2.0
246000	0.5348834190937862	1.1652435664251617	1.0	1.0	2.0
247000	0.6037421829680406	1.3246884152096157	1.0	1.0	2.0
248000	0.6991235429022666	1.8982249284192287	1.0	1.0	2.0
249000	0.19281220378094815	0.5050249363432131	1.0	1.0	2.0
250000	0.7533239204871757	2.0792388846681136	1.0	1.0	2.0
251000	1.6063011435674508	3.1362471332196034	1.0	1.0	2.0
252000	0.6858798487293246	1.3202357375512643	1.0	1.0	2.0
253000	0.3795566500485338	0.5836055085633586	1.0	1.0	2.0
254000	2.056816465296871	5.7926560414004475	1.0	1.0	2.0
255000	1.0420656549809044	2.027399725351119	1.0	1.0	2.0
256000	1.3108877228555387	2.5453490685842453	1.0	1.0	2.0
257000	0.6857117058344111	1.3044157898862092	1.0	1.0	2.0
258000	1.0498786000550069	2.187135393748562	1.0	1.0	2.0
259000	0.27764615820573985	0.5255608787698877	1.0	1.0	2.0
260000	0.8652064088885362	2.087453553490202	1.0	1.0	2.0
261000	0.3084778154971154	0.6705767000117075	1.0	1.0	2.0
262000	0.8887390183996229	1.9774683032373692	1.0	1.0	2.0
263000	0.47330838411396864	1.1640593963445973	1.0	1.0	2.0
264000	1.0198774294977748	2.088394096774677	1.0	1.0	2.0
265000	0.3209458274067107	0.8296252714534746	1.0	1.0	2.0
266000	1.869279642959099	3.121239602252554	1.0	1.0	2.0
267000	0.6645298323482342	1.1054468994516715	1.0	1.0	2.0
268000	0.22799779085954183	0.5407620570253556	1.0	1.0	2.0
269000	0.14081766030900997	0.28193708011790936	1.0	1.0	2.0
270000	0.2214840245916753	0.5442205981849894	1.0	1.0	2.0
271000	0.6904620158251182	1.4973246322772151	1.0	1.0	2.0
272000	0.1288718410767064	0.27131502260689	1.0	1.0	2.0
273000	1.0795536274186868	2.4926365897067	1.0	1.0	2.0
274000	0.8647164881229807	2.180885116942471	1.0	1.0	2.0
275000	1.5620232643287917	3.0894631220674498	1.0	1.0	2.0
276000	1.14283926077641	2.738608016686156	1.0	1.0	2.0
277000	0.3983450886266948	1.202796750866274	1.0	1.0	2.0
278000	0.413970196097236	0.6793684051363381	1.0	1.0	2.0
279000	0.9845877581644463	2.071644323958292	1.0	1.0	2.0
280000	0.9022520724124854	1.8385186510588885	1.0	1.0	2.0
281000	1.2560721150181895	2.6984623063416766	1.0	1.0	2.0
282000	0.572463064783307	1.2469542224780739	1.0	1.0	2.0
283000	0.6748768744513175	1.5386758105582157	1.0	1.0	2.0
284000	0.38679560926596224	0.6959526774084054	1.0	1.0	2.0
285000	1.1313321162198933	1.821377616592118	1.0	1.0	2.0
286000	0.14061580746795177	0.26308835130180874	1.0	1.0	2.0
287000	1.5205055812998372	2.681062585349463	1.0	1.0	2.0
288000	1.97402351365893	4.274419178529444	1.0	1.0	2.0
289000	1.630655066403873	3.1666922389055814	1.0	1.0	2.0
290000	0.8934119711482359	1.8613080691995902	1.0	1.0	2.0
291000	0.5712527902517026	0.9962670244855736	1.0	1.0	2.0
292000	0.21866752704020898	0.38522917155207265	1.0	1.0	2.0
293000	0.2980476764871097	0.5909179480198385	1.0	1.0	2.0
294000	2.8045593734460663	5.031150972386869	1.0	1.0	2.0
295000	0.16427835267274513	0.454245518280176	1.0	1.0	2.0
296000	0.35932361761290305	0.7345004868605799	1.0	1.0	2.0
297000	0.8729305794995182	1.886146690369723	1.0	1.0	2.0
298000	0.269755092108771	0.5834553988667688	1.0	1.0	2.0
299000	0.8769981377959539	1.653272252632134	1.0	1.0	2.0
300000	0.5733942479721127	1.4168198942801709	1.0	1.0	2.0
301000	0.18062563858753092	0.4490558257338798	1.0	1.0	2.0
302000	0.6267243399459316	1.1831307692551465	1.0	1.0	2.0
303000	0.7645806830078906	1.4330233260747158	1.0	1.0	2.0
304000	0.02344144938867601	0.048449839766828824	1.0	1.0	2.0
305000	1.558235151590223	2.80971648701668	1.0	1.0	2.0
306000	0.3680634438408385	1.0761935355501175	1.0	1.0	2.0
307000	1.3483008308452624	2.276083504701853	1.0	1.0	2.0
308000	1.0899584214346905	2.8617964554208153	1.0	1.0	2.0
309000	0.6078237829612205	1.452209062439232	1.0	1.0	2.0
310000	0.14358564405170787	0.2918586767141647	1.0	1.0	2.0
311000	0.621992431932233	1.0343993758499526	1.0	1.0	2.0
312000	0.7816340025433122	1.8640212353035537	1.0	1.0	2.0
313000	1.0944891429989603	2.6966390132966076	1.0	1.0	2.0
314000	0.2409103669609402	0.49902933513563996	1.0	1.0	2.0
315000	0.2673264215101773	0.4686428159477834	1.0	1.0	2.0
316000	0.29226831853263974	0.5968460088851738	1.0	1.0	2.0
317000	0.290111281250263	0.6555499910140166	1.0	1.0	2.0
318000	0.653697159361058	1.4909561873746215	1.0	1.0	2.0
319000	0.7211438795179637	1.6860757983839805	1.0	1.0	2.0
320000	0.1701576449537054	0.29409383221313834	1.0	1.0	2.0
321000	0.187092695995995	0.46212880021357516	1.0	1.0	2.0
322000	0.5155853102661007	0.97224712655173	1.0	1.0	2.0
323000	0.688117107956741	2.092945664733779	1.0	1.0	2.0
324000	0.41801397750148406	0.9303534224090927	1.0	1.0	2.0
325000	0.6471071080736955	1.4316297639745355	1.0	1.0	2.0
326000	0.4539170759238581	1.0257899782413011	1.0	1.0	2.0
327000	0.35981012379029265	0.5918862440659611	1.0	1.0	2.0
328000	1.2378184489661714	2.0889577192248665	1.0	1.0	2.0
329000	0.421309310624353	0.9545829429988764	1.0	1.0	2.0
330000	0.36397666080168356	1.0539658496530584	1.0	1.0	2.0
331000	0.29361558964790635	0.5883671241309296	1.0	1.0	2.0
332000	0.2136914688580189	0.42630562631327906	1.0	1.0	2.0
333000	0.9135644610197193	1.616026764487981	1.0	1.0	2.0
334000	0.020973747823601743	0.049075472039567906	1.0	1.0	2.0
335000	1.5504208862333522	3.2813952728590223	1.0	1.0	2.0
336000	0.3692747512594815	0.6159942944301946	1.0	1.0	2.0
337000	0.20307610322411757	0.3907356504341098	1.0	1.0	2.0
338000	0.7987043241015477	1.76804988835916	1.0	1.0	2.0
339000	1.4281316322410802	3.1759905693030253	1.0	1.0	2.0
340000	0.8677733017508023	1.7318623935966917	1.0	1.0	2.0
341000	0.3205808956689554	0.6733113553971524	1.0	1.0	2.0
342000	0.9900299326722425	1.7335878476752973	1.0	1.0	2.0
343000	0.3028324132797841	0.5995690649668528	1.0	1.0	2.0
344000	0.6960142954550833	1.5587530990208998	1.0	1.0	2.0
345000	0.8059070095366655	1.6776822589753895	1.0	1.0	2.0
346000	0.4813859709002269	1.0279701767662637	1.0	1.0	2.0
347000	1.3650682077814462	3.1105747384598414	1.0	1.0	2.0
348000	0.6893519652137435	1.2478610010471272	1.0	1.0	2.0
349000	0.29418648408283893	0.567553749570843	1.0	1.0	2.0
350000	0.9971337404022093	1.5732665943166158	1.0	1.0	2.0
351000	0.6128905440482851	1.3684806406087835	1.0	1.0	2.0
352000	0.1519926414698424	0.3492617959902352	1.0	1.0	2.0
353000	1.3946885784820549	2.5034362754808215	1.0	1.0	2.0
354000	0.1534343854677158	0.3044741392863458	1.0	1.0	2.0
355000	0.5604555693525834	1.319483188319717	1.0	1.0	2.0
356000	0.17121735848790898	0.281115228059412	1.0	1.0	2.0
357000	0.6005761721559179	1.4252471948760739	1.0	1.0	2.0
358000	0.8544262257739297	1.6415264796849813	1.0	1.0	2.0
359000	1.5589639047088293	2.914838785606034	1.0	1.0	2.0
360000	0.4617299766983868	1.4197580115967423	1.0	1.0	2.0
361000	0.29456410681556816	0.6177280653248333	1.0	1.0	2.0
362000	0.1624507959940409	0.4221086725933701	1.0	1.0	2.0
363000	0.07653875178939949	0.2222044371395284	1.0	1.0	2.0
364000	1.205649713777277	2.5175776915137806	1.0	1.0	2.0
365000	0.234755360634174	0.4382856766721912	1.0	1.0	2.0
366000	0.19640435883036492	0.4681626467925728	1.0	1.0	2.0
367000	0.11503199907797229	0.22319248467233663	1.0	1.0	2.0
368000	0.18789402241438444	0.5274775079654621	1.0	1.0	2.0
369000	0.8020150688284775	1.5868373728484844	1.0	1.0	2.0
370000	1.3513697087627465	2.341068944059804	1.0	1.0	2.0
371000	0.4245006883643955	0.7594276820502154	1.0	1.0	2.0
372000	0.2643419730838016	0.6994307894224725	1.0	1.0	2.0
373000	0.4525615351463651	0.9697910658706483	1.0	1.0	2.0
374000	1.9542605079869135	3.405681648929336	1.0	1.0	2.0
375000	0.7641466120930049	1.6486901244413468	1.0	1.0	2.0
376000	0.5694687186524746	1.294077803931882	1.0	1.0	2.0
377000	0.9065974558339253	1.475679688817607	1.0	1.0	2.0
378000	1.2980432546488063	2.743016032767856	1.0	1.0	2.0
379000	0.6044729957101428	1.1451943703545078	1.0	1.0	2.0
380000	0.2595218936128989	0.4961605443687442	1.0	1.0	2.0
381000	0.2665232972781139	0.4945877268158772	1.0	1.0	2.0
382000	0.2831005650410886	0.5817870939130967	1.0	1.0	2.0
383000	0.12390629717777656	0.28016525156714855	1.0	1.0	2.0
384000	0.18666775067832359	0.3791760094389259	1.0	1.0	2.0
385000	0.9590192919807865	2.1012284298298987	1.0	1.0	2.0
386000	0.24120653153666496	0.4410791102513904	1.0	1.0	2.0
387000	0.735772622562835	1.368320267873398	1.0	1.0	2.0
388000	0.31498824633623507	0.5215693364695595	1.0	1.0	2.0
389000	0.3041451241711406	0.4464594691599425	1.0	1.0	2.0
390000	0.4342630247388758	1.083951818614237	1.0	1.0	2.0
391000	0.4678861200032535	0.782568753164129	1.0	1.0	2.0
392000	0.48707558538814405	1.0423854977171056	1.0	1.0	2.0
393000	0.5030603922260944	0.6925304029954793	1.0	1.0	2.0
394000	1.0012053154896219	1.941841202430765	1.0	1.0	2.0
395000	0.19293563371520572	0.5532102332451451	1.0	1.0	2.0
396000	0.3337028546076469	0.7407682559199671	1.0	1.0	2.0
397000	1.1023162227875543	1.7036525054817142	1.0	1.0	2.0
398000	0.4826679453320848	1.2494539573513603	1.0	1.0	2.0
399000	1.0780132407770613	2.4468468147872806	1.0	1.0	2.0
400000	1.0855005665040296	2.4080936775526998	1.0	1.0	2.0
401000	0.15162201858710395	0.37615649852069627	1.0	1.0	2.0
402000	0.397068040052774	1.0260138380406099	1.0	1.0	2.0
403000	0.5770415462772897	0.9024105771372934	1.0	1.0	2.0
404000	0.6811472924716986	1.9760133888633467	1.0	1.0	2.0
405000	0.3358071192015148	0.630090837818086	1.0	1.0	2.0
406000	0.15189847737032766	0.30942254786835116	1.0	1.0	2.0
407000	0.04649706502975671	0.10963400952172533	1.0	1.0	2.0
408000	0.9879095305512325	1.9319836962142476	1.0	1.0	2.0
409000	0.7396248121394146	1.607155381572051	1.0	1.0	2.0
410000	0.3546195910815286	0.6111214329562051	1.0	1.0	2.0
411000	1.8184534251346636	4.648919797683379	1.0	1.0	2.0
412000	0.10190613049335161	0.32017035549004375	1.0	1.0	2.0
413000	0.11672772703876712	0.2605230501302108	1.0	1.0	2.0
414000	2.3300352769127612	4.6819003854961965	1.0	1.0	2.0
415000	0.3859065340331084	0.6976150586744778	1.0	1.0	2.0
416000	0.35555581140307324	0.5650232106966087	1.0	1.0	2.0
417000	1.0990018141188214	3.206726429392737	1.0	1.0	2.0
418000	0.3698799045107423	0.8773336012383007	1.0	1.0	2.0
419000	0.7165048133890874	1.9192281280820955	1.0	1.0	2.0
420000	1.7631175237344934	4.244688128054868	1.0	1.0	2.0
421000	0.38028553106351887	1.1480890803901405	1.0	1.0	2.0
422000	0.22400067478679936	0.44280512816205164	1.0	1.0	2.0
423000	1.8667890376179508	3.7001244784478438	1.0	1.0	2.0
424000	1.0054482599568633	2.7490437084380686	1.0	1.0	2.0
425000	0.5719016121613011	1.1619729949941124	1.0	1.0	2.0
426000	0.15238147256434958	0.3520279198818553	1.0	1.0	2.0
427000	0.17436332946911212	0.33755238164285883	1.0	1.0	2.0
428000	1.0552799824987873	2.4403446050113753	1.0	1.0	2.0
429000	1.3431459528808047	3.1871122355361554	1.0	1.0	2.0
430000	0.4145438225001952	0.969908888369216	1.0	1.0	2.0
431000	0.26659104920714105	0.6799607237256007	1.0	1.0	2.0
432000	0.20722404537753963	0.2965696604254701	1.0	1.0	2.0
433000	0.9468100397377055	1.457555715079384	1.0	1.0	2.0
434000	0.3314232040907019	0.5408737918887984	1.0	1.0	2.0
435000	1.2003256542415859	2.5044501803291266	1.0	1.0	2.0
436000	0.8132137592057241	1.8508385684482982	1.0	1.0	2.0
437000	0.545271363580891	1.2896204809983736	1.0	1.0	2.0
438000	1.4707572884180589	2.2936381002777217	1.0	1.0	2.0
439000	1.4831034618652987	2.3405836767866517	1.0	1.0	2.0
440000	0.44481020383747905	1.0020292719106525	1.0	1.0	2.0
441000	0.8532496512149824	1.562869950109994	1.0	1.0	2.0
442000	0.20828876672976088	0.32034447763914753	1.0	1.0	2.0
443000	0.7115619695619166	1.9053007036938692	1.0	1.0	2.0
444000	0.43856211855137817	0.8202567102238235	1.0	1.0	2.0
445000	0.37690478558497637	0.8144366130469293	1.0	1.0	2.0
446000	0.3909276624233258	0.8045648546830511	1.0	1.0	2.0
447000	0.8397495530806814	1.9089981512327439	1.0	1.0	2.0
448000	0.2218381831309366	0.41029419680921375	1.0	1.0	2.0
449000	0.8763578662723732	1.9898964589280812	1.0	1.0	2.0
450000	0.8340846852719939	1.3819844071574274	1.0	1.0	2.0
451000	1.0420240033125543	2.216617526807737	1.0	1.0	2.0
452000	0.7605950355256873	1.7367440321763772	1.0	1.0	2.0
453000	0.18646733673327667	0.3557282380615493	1.0	1.0	2.0
454000	0.14712365743947267	0.2704353968043839	1.0	1.0	2.0
455000	1.9490380121292554	3.061372471716183	1.0	1.0	2.0
456000	0.6274043434388041	1.0929512685615275	1.0	1.0	2.0
457000	0.9958280842469255	1.8353995420814875	1.0	1.0	2.0
458000	0.454865225326982	0.8296647827521415	1.0	1.0	2.0
459000	0.4739475239463457	1.0275549045302093	1.0	1.0	2.0
460000	0.8680235492726616	1.5304938717183638	1.0	1.0	2.0
461000	0.4493273554167731	0.7373349098206265	1.0	1.0	2.0
462000	0.5878005645600503	0.9940700945525612	1.0	1.0	2.0
463000	0.9767563791924105	1.7634658500939597	1.0	1.0	2.0
464000	0.14012049552251657	0.35725242025836695	1.0	1.0	2.0
465000	0.1883051096223398	0.3671691357151975	1.0	1.0	2.0
466000	0.29370793010027724	0.6092052414789707	1.0	1.0	2.0
467000	0.5190336362047412	0.9008787562190347	1.0	1.0	2.0
468000	0.41232053859492124	0.9362989831131131	1.0	1.0	2.0
469000	0.3245026734588279	0.8518255843931709	1.0	1.0	2.0
470000	0.7334893364269089	1.5529707783375797	1.0	1.0	2.0
471000	1.0706098702809652	1.9669773414847462	1.0	1.0	2.0
472000	0.2995986267886637	0.5878248868176885	1.0	1.0	2.0
473000	0.6150555322980696	1.2887460279230234	1.0	1.0	2.0
474000	0.8747469223705046	1.7628547907645862	1.0	1.0	2.0
475000	0.5011225809759833	0.8572638984686154	1.0	1.0	2.0
476000	0.45101707651295253	0.79590189685791	1.0	1.0	2.0
477000	1.9057474053811643	3.6369856279098727	1.0	1.0	2.0
478000	0.7122833641832778	1.260469429951674	1.0	1.0	2.0
479000	0.147857886025985	0.40064164044531897	1.0	1.0	2.0
480000	0.2517709763310044	0.6415258752465265	1.0	1.0	2.0
481000	0.5807426646554871	1.354212323517707	1.0	1.0	2.0
482000	0.3286550766919719	0.5096269747620747	1.0	1.0	2.0
483000	0.10480384664750739	0.20288330766000776	1.0	1.0	2.0
484000	0.4230229721392472	0.980797197451626	1.0	1.0	2.0
485000	0.5101602847412123	0.955815009636167	1.0	1.0	2.0
486000	0.6766185172994993	1.6537149667158346	1.0	1.0	2.0
487000	0.7180168348908187	1.6484201480757459	1.0	1.0	2.0
488000	0.21271813063020356	0.3901815698695508	1.0	1.0	2.0
489000	1.1037161315913437	1.62878251914919	1.0	1.0	2.0
490000	0.6991578184818332	1.4850822564743529	1.0	1.0	2.0
491000	1.193383972925771	3.1977406003091158	1.0	1.0	2.0
492000	0.7989779130885571	1.4855505336148316	1.0	1.0	2.0
493000	1.1806950385548414	2.6644997922994618	1.0	1.0	2.0
494000	0.6969471671591415	1.9536126530516125	1.0	1.0	2.0
495000	0.26770183056992836	0.6871433224700582	1.0	1.0	2.0
496000	0.40667264779194534	0.8111386760788827	1.0	1.0	2.0
497000	0.6977305387481687	1.5283827027814734	1.0	1.0	2.0
498000	0.8352294502786097	1.6922423056229057	1.0	1.0	2.0
499000	0.14198801526040378	0.34664870350184596	1.0	1.0	2.0
500000	0.6926492743379479	1.2373988633901385	1.0	1.0	2.0
501000	1.2163923233998826	2.0153477443105823	1.0	1.0	2.0
502000	0.5975186971462444	1.2836660800904371	1.0	1.0	2.0
503000	0.9280058707103802	2.6277353248927398	1.0	1.0	2.0
504000	0.43606997476860854	0.9615791557082993	1.0	1.0	2.0
505000	0.5853883947015472	1.3068326480086265	1.0	1.0	2.0
506000	0.22558294036957002	0.4050537578351246	1.0	1.0	2.0
507000	0.9786246135335985	1.9972551464982367	1.0	1.0	2.0
508000	0.37008338234741445	0.5726455425438438	1.0	1.0	2.0
509000	0.0984750477662614	0.18271017423280986	1.0	1.0	2.0
510000	0.7955141402661576	1.5041629000462096	1.0	1.0	2.0
511000	0.06057333592672244	0.1248263508900804	1.0	1.0	2.0
512000	0.29500754771860793	0.5446969322040203	1.0	1.0	2.0
513000	0.5877572905034039	1.1996987302045514	1.0	1.0	2.0
514000	0.30305921643411027	0.5867392268501948	1.0	1.0	2.0
515000	1.5307714480353443	2.6406791662849	1.0	1.0	2.0
516000	0.16908092478304346	0.44345973521745385	1.0	1.0	2.0
517000	0.5416122043402973	1.082089825540123	1.0	1.0	2.0
518000	0.5035894733064409	0.8373774783210394	1.0	1.0	2.0
519000	2.8181932465283066	6.541284286547052	1.0	1.0	2.0
520000	1.2420571169458292	2.971315251068052	1.0	1.0	2.0
521000	0.27014494954633844	0.642488177134401	1.0	1.0	2.0
522000	1.3640609470158085	2.7931303830070715	1.0	1.0	2.0
523000	0.11724209360159006	0.24179654740133594	1.0	1.0	2.0
524000	1.4378945394929163	3.180145759783193	1.0	1.0	2.0
525000	0.1678478983717475	0.26293545217291064	1.0	1.0	2.0
526000	1.0349705258862625	2.1881865897495207	1.0	1.0	2.0
527000	0.42995786889034987	0.9157846731661508	1.0	1.0	2.0
528000	0.31816295526063604	0.7616201358665969	1.0	1.0	2.0
529000	1.1502419257530585	3.041062014965396	1.0	1.0	2.0
530000	0.8864060938544338	1.8608617850740918	1.0	1.0	2.0
531000	0.29002139416197903	0.7964803197181145	1.0	1.0	2.0
532000	1.0630673866425688	3.0114267297257378	1.0	1.0	2.0
533000	1.01258700663879	2.135350647988952	1.0	1.0	2.0
534000	1.1377630759030897	2.5794331817857357	1.0	1.0	2.0
535000	0.07601541633674533	0.2252931886380715	1.0	1.0	2.0
536000	1.0535953237582096	2.087555522005546	1.0	1.0	2.0
537000	0.9033056634117028	2.9034068281427947	1.0	1.0	2.0
538000	1.9632536400870488	3.5346126188790055	1.0	1.0	2.0
539000	0.3434780725100628	0.796291242853259	1.0	1.0	2.0
540000	0.4950022441402285	1.1983813634700724	1.0	1.0	2.0
541000	0.33402016301950166	0.6575862265146523	1.0	1.0	2.0
542000	0.22027524274876414	0.48220127790123607	1.0	1.0	2.0
543000	0.35809727707361566	0.7700057178395409	1.0	1.0	2.0
544000	0.6953600232991104	1.406978997653697	1.0	1.0	2.0
545000	0.6802996881717528	1.4586406122894156	1.0	1.0	2.0
546000	1.1212653646180624	2.903193524068558	1.0	1.0	2.0
547000	1.5836036446587647	2.537384039645916	1.0	1.0	2.0
548000	0.553650118387362	1.0566014231636829	1.0	1.0	2.0
549000	1.9525061373986663	4.617749003143347	1.0	1.0	2.0
550000	0.6097170596774356	0.9590268748613621	1.0	1.0	2.0
551000	1.2519567626327515	2.0033693498098573	1.0	1.0	2.0
552000	0.23198600939796463	0.32047673745984473	1.0	1.0	2.0
553000	0.4286793433695537	0.7480709179833892	1.0	1.0	2.0
554000	0.5808621999061688	1.1107707713203139	1.0	1.0	2.0
555000	0.3643264754098301	0.9683011256728482	1.0	1.0	2.0
556000	0.7692828625221859	1.371482473440955	1.0	1.0	2.0
557000	0.46529441349234246	0.7111084583021156	1.0	1.0	2.0
558000	0.4612058192493011	0.9758431032975237	1.0	1.0	2.0
559000	0.31617894514451655	0.7315985196671986	1.0	1.0	2.0
560000	0.4282237558789346	0.7939082785059062	1.0	1.0	2.0
561000	0.15948156891175444	0.4247308710936872	1.0	1.0	2.0
562000	0.22624785031181222	0.7801695969201984	1.0	1.0	2.0
563000	0.8401244194741785	1.4260636983893744	1.0	1.0	2.0
564000	0.10549985629309137	0.19674937992664127	1.0	1.0	2.0
565000	0.6515740649569901	1.329935257893395	1.0	1.0	2.0
566000	0.714429401252448	1.4458022772841725	1.0	1.0	2.0
567000	0.17850781221411274	0.5129910388038258	1.0	1.0	2.0
568000	0.08544346937584904	0.18566583608451842	1.0	1.0	2.0
569000	0.3520451321790716	0.8795556217949484	1.0	1.0	2.0
570000	0.33247060371667225	0.7775705674891682	1.0	1.0	2.0
571000	0.31018142650558006	0.7862451454759674	1.0	1.0	2.0
572000	1.8760471641225667	3.281981869346384	1.0	1.0	2.0
573000	1.3287846338038791	3.2935996682108852	1.0	1.0	2.0
574000	0.19718001372414196	0.41627766080943157	1.0	1.0	2.0
575000	0.6407736188663384	1.3842113981112583	1.0	1.0	2.0
576000	1.2102960121511972	2.4246376946998223	1.0	1.0	2.0
577000	0.6390389138230534	1.77890237274706	1.0	1.0	2.0
578000	0.38018748436223415	0.8968224566229235	1.0	1.0	2.0
579000	0.25356060873037856	0.510515721275828	1.0	1.0	2.0
580000	2.329178999176711	4.442689785866902	1.0	1.0	2.0
581000	0.5962172600332305	1.2208820897252262	1.0	1.0	2.0
582000	1.4542558609694372	3.166204387764536	1.0	1.0	2.0
583000	0.16130875286828514	0.3096829959319127	1.0	1.0	2.0
584000	0.11363370621388479	0.34459200064310735	1.0	1.0	2.0
585000	0.5476938879210299	0.8879099935902046	1.0	1.0	2.0
586000	0.43949925009382285	0.7948564061466719	1.0	1.0	2.0
587000	0.11863720179630365	0.17787134490391826	1.0	1.0	2.0
588000	0.7298290503446326	1.6050565913721087	1.0	1.0	2.0
589000	1.4131732942325022	2.496226266056232	1.0	1.0	2.0
590000	1.065605974604527	2.179471165755955	1.0	1.0	2.0
591000	0.3046746674497313	0.7435577111316999	1.0	1.0	2.0
592000	0.48001946460203165	0.8295390365870274	1.0	1.0	2.0
593000	0.2298016192772892	0.5663277780405194	1.0	1.0	2.0
594000	0.3988990346741312	0.9063587846705927	1.0	1.0	2.0
595000	0.237322018008061	0.35856718500476653	1.0	1.0	2.0
596000	0.6356464613892998	1.3922152037100908	1.0	1.0	2.0
597000	1.117280041582202	3.019531886536217	1.0	1.0	2.0
598000	1.80927547101782	3.5807677192261504	1.0	1.0	2.0
599000	2.0468847309365263	4.57074928914734	1.0	1.0	2.0
600000	0.5227220208531427	1.022764466700011	1.0	1.0	2.0
601000	0.16843416707949999	0.2992043917410566	1.0	1.0	2.0
602000	1.0946667194057356	1.8305587249232298	1.0	1.0	2.0
603000	0.5694335118762798	1.1073285967661002	1.0	1.0	2.0
604000	0.9909337416923467	1.891691117600855	1.0	1.0	2.0
605000	0.6926851796461285	1.0350742145618301	1.0	1.0	2.0
606000	0.8273787226463791	1.5035063881851152	1.0	1.0	2.0
607000	0.8232174380814308	1.7426281754650519	1.0	1.0	2.0
608000	0.9166215808323743	2.0076009069389777	1.0	1.0	2.0
609000	0.3652003132482739	0.8096647026359259	1.0	1.0	2.0
610000	0.7324103665274468	1.472567700336742	1.0	1.0	2.0
611000	1.106618193700279	2.4055344550846325	1.0	1.0	2.0
612000	0.23985554028453268	0.4270047161030469	1.0	1.0	2.0
613000	1.0331835318420652	2.4860752300970916	1.0	1.0	2.0
614000	0.10865784574681368	0.23229361792045483	1.0	1.0	2.0
615000	0.2586267377133699	0.5278876294613978	1.0	1.0	2.0
616000	0.0815741007321956	0.187056379024585	1.0	1.0	2.0
617000	0.2895391482492438	0.6020095035222504	1.0	1.0	2.0
618000	0.14948957567968618	0.29241528408982026	1.0	1.0	2.0
619000	0.0587290561772759	0.1158842175863057	1.0	1.0	2.0
620000	1.2001523937937753	2.1073769547259786	1.0	1.0	2.0
621000	1.2165471348059245	2.0600675476792305	1.0	1.0	2.0
622000	0.12941431354787203	0.3774339708525202	1.0	1.0	2.0
623000	0.5984256733665562	1.3472115728339986	1.0	1.0	2.0
624000	0.432505664883641	0.6740268666867693	1.0	1.0	2.0
625000	0.767175787733818	2.2069164083418165	1.0	1.0	2.0
626000	0.30115569385018653	0.609565246802265	1.0	1.0	2.0
627000	0.39955914068697723	0.9172726171864729	1.0	1.0	2.0
628000	1.020060993544726	2.215441472297468	1.0	1.0	2.0
629000	1.402172473113984	2.7293975974405416	1.0	1.0	2.0
630000	0.2676368070402204	0.6663000247486469	1.0	1.0	2.0
631000	1.1476850584833518	1.9931799447282934	1.0	1.0	2.0
632000	0.4121637636042645	0.6181432296675502	1.0	1.0	2.0
633000	1.706382508726415	4.501230010509902	1.0	1.0	2.0
634000	1.0866502135685672	2.3909078388308442	1.0	1.0	2.0
635000	0.5060378008617449	0.792136893033577	1.0	1.0	2.0
636000	0.7086484378191181	1.380852767780594	1.0	1.0	2.0
637000	0.23316370066239187	0.5511817961268882	1.0	1.0	2.0
638000	1.0498652492105531	2.3500022395789593	1.0	1.0	2.0
639000	1.6065338899428834	4.598322916273255	1.0	1.0	2.0
640000	0.43547232006816594	0.8969890923064675	1.0	1.0	2.0
641000	0.24341834539167223	0.3278678605337955	1.0	1.0	2.0
642000	1.067380165145366	2.6109994211751686	1.0	1.0	2.0
643000	0.41534413424486516	0.8636396914573852	1.0	1.0	2.0
644000	0.04673473126733714	0.14758910827548002	1.0	1.0	2.0
645000	0.9912483194510752	2.3203660771767796	1.0	1.0	2.0
646000	0.7565378799419975	1.3909450778995918	1.0	1.0	2.0
647000	0.7680892606222327	1.3655632478484079	1.0	1.0	2.0
648000	0.661955540462011	1.2088837723923997	1.0	1.0	2.0
649000	0.7551496176928713	1.3106317101957832	1.0	1.0	2.0
650000	0.049728369647441234	0.09929386544431305	1.0	1.0	2.0
651000	0.3416122060502142	0.8865661695691631	1.0	1.0	2.0
652000	0.7045226950042456	1.4894917312836982	1.0	1.0	2.0
653000	0.6655359122906255	1.5226578013529408	1.0	1.0	2.0
654000	0.2436471317986505	0.42622499943198566	1.0	1.0	2.0
655000	0.5299009484764843	1.2728117277497333	1.0	1.0	2.0
656000	0.42490397269783536	0.8109056576283566	1.0	1.0	2.0
657000	2.038334255936263	3.887412205443279	1.0	1.0	2.0
658000	0.27797777589803035	0.6291458478466222	1.0	1.0	2.0
659000	0.599297684331045	1.13912874438139	1.0	1.0	2.0
660000	0.5451576488270117	1.3258003118890689	1.0	1.0	2.0
661000	0.11283069109347608	0.24119298743956902	1.0	1.0	2.0
662000	0.10445334915015829	0.28201290168721593	1.0	1.0	2.0
663000	0.11096704773645695	0.31405236146314625	1.0	1.0	2.0
664000	1.4414424199838036	3.173353124624094	1.0	1.0	2.0
665000	0.5477451324755466	1.56573474444353	1.0	1.0	2.0
666000	0.4568453449169677	0.7665859050547279	1.0	1.0	2.0
667000	1.1186961479076545	2.4296873413192235	1.0	1.0	2.0
668000	1.482250362766246	2.979363217676047	1.0	1.0	2.0
669000	0.7651277071131007	1.812804315091397	1.0	1.0	2.0
670000	0.4250535240110045	0.6608092311498873	1.0	1.0	2.0
671000	1.057953237946071	1.8060848529088018	1.0	1.0	2.0
672000	0.4267090142305763	0.9386194688205072	1.0	1.0	2.0
673000	0.8302148895772419	1.7677389358860904	1.0	1.0	2.0
674000	0.6780806166756536	1.194735775047695	1.0	1.0	2.0
675000	0.18586936043967478	0.3394053334760536	1.0	1.0	2.0
676000	2.0846433158029862	5.197897968856603	1.0	1.0	2.0
677000	0.7560531775820987	1.6109139704898114	1.0	1.0	2.0
678000	0.6653996843515775	1.1739420152830886	1.0	1.0	2.0
679000	1.0407951887782634	2.066100130942325	1.0	1.0	2.0
680000	0.7802940247588709	1.7031262165788974	1.0	1.0	2.0
681000	0.705937155157768	1.6729819345741046	1.0	1.0	2.0
682000	0.3530191361956214	0.7221240576355035	1.0	1.0	2.0
683000	0.801643470232584	1.6756579779883425	1.0	1.0	2.0
684000	0.7228118778805128	1.5939873096759418	1.0	1.0	2.0
685000	0.2936047230459759	0.6361254826725311	1.0	1.0	2.0
686000	0.7882972944426989	1.757769741857365	1.0	1.0	2.0
687000	0.2123865515315767	0.4049364730787165	1.0	1.0	2.0
688000	0.7708562908574922	1.6243634750821618	1.0	1.0	2.0
689000	0.5406775599300812	0.9919107917393947	1.0	1.0	2.0
690000	0.3525209002621723	1.183929393634813	1.0	1.0	2.0
691000	0.2669904102767083	0.5376462516995348	1.0	1.0	2.0
692000	0.28139158709517353	0.5219681856740074	1.0	1.0	2.0
693000	0.4837767666364527	0.8790253062167347	1.0	1.0	2.0
694000	0.26756290005555855	0.5746961608370744	1.0	1.0	2.0
695000	0.687837710451081	1.399546464415774	1.0	1.0	2.0
696000	0.41053601195371214	1.0579256992167279	1.0	1.0	2.0
697000	0.24190663385781516	0.5282750446155471	1.0	1.0	2.0
698000	0.1659516997920153	0.43248965756036656	1.0	1.0	2.0
699000	0.5142290074561151	1.090820759732384	1.0	1.0	2.0
700000	0.6848160803251983	1.5273496544976555	1.0	1.0	2.0
701000	1.9483826060263711	4.714053309534091	1.0	1.0	2.0
702000	0.448245945363236	0.9097633440541391	1.0	1.0	2.0
703000	0.5595786374458608	1.081404508622091	1.0	1.0	2.0
704000	1.0993634352042028	1.9328918552620264	1.0	1.0	2.0
705000	0.22431733016326463	0.4537289441941098	1.0	1.0	2.0
706000	1.0659835359640275	2.413533133289291	1.0	1.0	2.0
707000	1.1805270299920263	2.1302486240952043	1.0	1.0	2.0
708000	0.4684341365412584	1.1544472228273366	1.0	1.0	2.0
709000	0.5073442056119031	1.5265214121530397	1.0	1.0	2.0
710000	1.284321715320162	2.325845364808862	1.0	1.0	2.0
711000	0.2963068964569481	0.6333797704539186	1.0	1.0	2.0
712000	1.2931263416464684	2.908906845143441	1.0	1.0	2.0
713000	0.8478676159585286	1.4540993741142025	1.0	1.0	2.0
714000	0.4135014831366119	0.6779035075853194	1.0	1.0	2.0
715000	0.5883363547515593	1.045349981812358	1.0	1.0	2.0
716000	0.11492468181251242	0.1790687047489051	1.0	1.0	2.0
717000	0.8546750333865841	1.7576017533003598	1.0	1.0	2.0
718000	0.09366649260998883	0.2894317884873884	1.0	1.0	2.0
719000	0.07753276928512087	0.15310891828759368	1.0	1.0	2.0
720000	1.529244506811794	3.1252562690280645	1.0	1.0	2.0
721000	0.2488707149984787	0.5157620970800388	1.0	1.0	2.0
722000	0.12010931556265414	0.23208664261857107	1.0	1.0	2.0
723000	0.4086052914744941	1.0914242572618051	1.0	1.0	2.0
724000	0.3455037432737205	1.0448830986784041	1.0	1.0	2.0
725000	1.0984457334431814	2.6904757234910646	1.0	1.0	2.0
726000	0.598595629937371	1.0046840982519334	1.0	1.0	2.0
727000	0.6420800643553829	1.3832616127300708	1.0	1.0	2.0
728000	0.450707930873943	0.8050403216488534	1.0	1.0	2.0
729000	0.516549108432351	1.1360541643170274	1.0	1.0	2.0
730000	0.04474369855980766	0.09161999896720859	1.0	1.0	2.0
731000	1.187738058542952	2.7791808443353267	1.0	1.0	2.0
732000	0.17787365455770957	0.3033399799327552	1.0	1.0	2.0
733000	1.1867334976027022	2.3199722603226167	1.0	1.0	2.0
734000	0.6174941670600054	1.5174473563313138	1.0	1.0	2.0
735000	1.0752700737505407	1.9484323624167312	1.0	1.0	2.0
736000	0.8179221368587284	1.311855883046449	1.0	1.0	2.0
737000	0.48864311874972427	0.9867563178053982	1.0	1.0	2.0
738000	0.7519332579331451	1.5807511081886754	1.0	1.0	2.0
739000	0.459932226482655	0.8916651830053501	1.0	1.0	2.0
740000	1.031945562481971	1.959949572254924	1.0	1.0	2.0
741000	0.47369543163849737	0.9827675118570601	1.0	1.0	2.0
742000	0.5510285999338627	1.3340903238929902	1.0	1.0	2.0
743000	0.32574679898356146	0.6134202594269447	1.0	1.0	2.0
744000	1.2545017875656437	2.1540354977996055	1.0	1.0	2.0
745000	0.8047191114003812	1.8147332907141476	1.0	1.0	2.0
746000	0.7462661435324515	1.3116106517954937	1.0	1.0	2.0
747000	0.03827472208565139	0.09902121851612725	1.0	1.0	2.0
748000	0.4438342177034529	0.8390817043865976	1.0	1.0	2.0
749000	0.3316743983617606	0.5584666226654117	1.0	1.0	2.0
750000	0.20489081920150679	0.424578260450119	1.0	1.0	2.0
751000	0.8636555443140489	1.2702468436885117	1.0	1.0	2.0
752000	0.33488192568610226	0.4720850717724215	1.0	1.0	2.0
753000	0.40623811302007273	0.9752612899368996	1.0	1.0	2.0
754000	0.8349725059519733	1.569886352716948	1.0	1.0	2.0
755000	1.1480324774174548	2.3904582422565186	1.0	1.0	2.0
756000	0.19656999844101308	0.503334601875536	1.0	1.0	2.0
757000	0.2484688223034009	0.4374314462171582	1.0	1.0	2.0
758000	0.372412016578953	0.6498834054250747	1.0	1.0	2.0
759000	0.23684059846255037	0.6017477679766312	1.0	1.0	2.0
760000	0.5557533957883419	1.0587046975564982	1.0	1.0	2.0
761000	0.4498047548484852	0.9610374857771152	1.0	1.0	2.0
762000	1.4486767872053767	2.80330451288915	1.0	1.0	2.0
763000	0.5752030270288483	1.101016263820086	1.0	1.0	2.0
764000	0.6486366188633566	1.0195558529331352	1.0	1.0	2.0
765000	0.18128259149895326	0.4709245979082876	1.0	1.0	2.0
766000	0.24955540971148718	0.5438746631615163	1.0	1.0	2.0
767000	0.9432615255185856	1.571275095760216	1.0	1.0	2.0
768000	0.6547102320504569	1.3895336826733302	1.0	1.0	2.0
769000	0.7355103607348854	1.9901209863634612	1.0	1.0	2.0
770000	0.829771768841065	1.8375717461071928	1.0	1.0	2.0
771000	0.7749472716215451	1.4690919490335925	1.0	1.0	2.0
772000	0.5946626906908068	1.0723737066947874	1.0	1.0	2.0
773000	0.38649338556691587	0.8881849694795424	1.0	1.0	2.0
774000	0.5255496633370047	1.0095910448819025	1.0	1.0	2.0
775000	1.2335539332219603	2.1840697285669015	1.0	1.0	2.0
776000	0.6951392783982879	1.8304749992849167	1.0	1.0	2.0
777000	0.4978314282701356	0.9570744227057038	1.0	1.0	2.0
778000	0.798115480941698	1.5519600248438554	1.0	1.0	2.0
779000	0.6897525010608786	1.7626221210402873	1.0	1.0	2.0
780000	0.7731449781421353	1.2526345225082407	1.0	1.0	2.0
781000	0.8314122458286912	1.8205736092993494	1.0	1.0	2.0
782000	0.3461389147972514	0.8745036943776479	1.0	1.0	2.0
783000	0.9190575225771261	1.6859594627554217	1.0	1.0	2.0
784000	0.28042221073786466	0.6478640017575453	1.0	1.0	2.0
785000	0.389397904796725	1.1552557251138744	1.0	1.0	2.0
786000	1.0206648963356095	1.8592437958639947	1.0	1.0	2.0
787000	0.42048994443798293	0.8261438248487581	1.0	1.0	2.0
788000	0.17271709253850828	0.36460023646608664	1.0	1.0	2.0
789000	1.3892958987624018	2.7104323237765007	1.0	1.0	2.0
790000	1.3028648232660842	2.7066933049493933	1.0	1.0	2.0
791000	0.16129541333416147	0.3317405279268615	1.0	1.0	2.0
792000	0.7695708425030681	1.5229144273575035	1.0	1.0	2.0
793000	0.7187351626952351	1.6892786933830404	1.0	1.0	2.0
794000	0.10791646219832111	0.2077324035986331	1.0	1.0	2.0
795000	0.15924549752850997	0.363741490590422	1.0	1.0	2.0
796000	0.32897861075381035	0.8264542063067176	1.0	1.0	2.0
797000	1.2521259920712204	2.8332495343270265	1.0	1.0	2.0
798000	0.5157944522361153	0.8693787478389683	1.0	1.0	2.0
799000	0.34102273761465246	0.4929924637109389	1.0	1.0	2.0
800000	0.5489855006750075	1.2135576883757908	1.0	1.0	2.0
801000	0.46409406868112124	1.1801070866128327	1.0	1.0	2.0
802000	0.5300133139188686	1.1170384327779452	1.0	1.0	2.0
803000	0.9124632152867381	1.5124124645550734	1.0	1.0	2.0
804000	0.6373774836366124	1.2140772200192158	1.0	1.0	2.0
805000	0.5658378921136389	1.3424874334166883	1.0	1.0	2.0
806000	0.3339982121927511	0.821749220640385	1.0	1.0	2.0
807000	0.12546360572842238	0.3339083162220506	1.0	1.0	2.0
808000	0.3713756806190926	0.7837937602255662	1.0	1.0	2.0
809000	0.9010690601327087	1.967732430332024	1.0	1.0	2.0
810000	1.0964043222666575	2.583366365727361	1.0	1.0	2.0
811000	0.3723207430301259	0.7685658824160646	1.0	1.0	2.0
812000	1.247239804978087	2.9599237794542534	1.0	1.0	2.0
813000	1.1429222594574855	2.340600093299209	1.0	1.0	2.0
814000	0.7678863949732496	1.9362137843475862	1.0	1.0	2.0
815000	1.1547665869096548	2.0608860279941115	1.0	1.0	2.0
816000	0.361161553215309	0.7506325288808254	1.0	1.0	2.0
817000	0.6328583545131719	1.48575856353943	1.0	1.0	2.0
818000	0.8878866853370416	2.2871919815150736	1.0	1.0	2.0
819000	0.309224408131867	0.8004513174712761	1.0	1.0	2.0
820000	0.6233138980662982	1.3101644646272947	1.0	1.0	2.0
821000	0.47313233740777305	0.9726897761302791	1.0	1.0	2.0
822000	0.49702885231041566	1.0396061185959895	1.0	1.0	2.0
823000	0.8731679779966566	1.603542599774089	1.0	1.0	2.0
824000	1.8055133200482563	3.2524341429995767	1.0	1.0	2.0
825000	1.8322333295627284	2.9502155185917416	1.0	1.0	2.0
826000	0.28136736819363634	0.40787174270717674	1.0	1.0	2.0
827000	0.8598449549407293	1.4975962434655399	1.0	1.0	2.0
828000	1.1382508402012832	1.993637488445927	1.0	1.0	2.0
829000	1.0196459047385524	1.7903142588604435	1.0	1.0	2.0
830000	0.9529523156070554	1.8368130210098137	1.0	1.0	2.0
831000	0.0511402049857294	0.08058522534943897	1.0	1.0	2.0
832000	0.7732774968903651	2.362362751434325	1.0	1.0	2.0
833000	1.7421723058938041	2.839661497824765	1.0	1.0	2.0
834000	2.1432016445577027	4.1052702503568295	1.0	1.0	2.0
835000	1.9181738612504697	3.906294309553067	1.0	1.0	2.0
836000	0.6537738730829632	1.3876189953308453	1.0	1.0	2.0
837000	0.7237887233451474	1.2502070104003213	1.0	1.0	2.0
838000	1.7936729089415167	3.759930753695612	1.0	1.0	2.0
839000	0.4122454535835532	0.8471999665986834	1.0	1.0	2.0
840000	0.4329677361758118	0.9854213907661076	1.0	1.0	2.0
841000	0.3966903274307855	0.6850317121402525	1.0	1.0	2.0
842000	0.6238585268351606	1.1991590799847287	1.0	1.0	2.0
843000	0.6131870564684747	1.0749515439697135	1.0	1.0	2.0
844000	0.20478513958012715	0.6446668743230831	1.0	1.0	2.0
845000	0.7610382088536843	1.465381103506698	1.0	1.0	2.0
846000	0.35935191588877763	0.7976136857090419	1.0	1.0	2.0
847000	0.21752913424194342	0.603508506661893	1.0	1.0	2.0
848000	0.5886591590279796	1.2540657623799005	1.0	1.0	2.0
849000	0.9063591587199651	1.9618060079061024	1.0	1.0	2.0
850000	1.4267205269686047	2.4508519676772043	1.0	1.0	2.0
851000	0.7751159908498169	1.7448223004551566	1.0	1.0	2.0
852000	0.1736001097188552	0.45361269528253445	1.0	1.0	2.0
853000	0.33533650680478316	0.6404179275035692	1.0	1.0	2.0
854000	1.297550094369012	2.5323998669104446	1.0	1.0	2.0
855000	1.9970123877647605	3.3511062686353257	1.0	1.0	2.0
856000	0.8999090167079783	2.1077135800694795	1.0	1.0	2.0
857000	0.727958983086289	1.9871574421114706	1.0	1.0	2.0
858000	1.1810141307119826	2.6395719226677063	1.0	1.0	2.0
859000	0.4779557665979913	1.2767614119090147	1.0	1.0	2.0
860000	0.7475520707965293	1.7596680687877575	1.0	1.0	2.0
861000	0.5023324237304766	0.9375190799999159	1.0	1.0	2.0
862000	0.35138384067708756	0.799179940763872	1.0	1.0	2.0
863000	0.5109753965877101	1.179019594349213	1.0	1.0	2.0
864000	0.21267192910933608	0.52642301900487	1.0	1.0	2.0
865000	0.5458934410661468	1.178371224713846	1.0	1.0	2.0
866000	1.1979183720202333	2.198881634448604	1.0	1.0	2.0
867000	0.6907871854526821	1.5303380836083875	1.0	1.0	2.0
868000	1.5267709125072602	2.674036797769984	1.0	1.0	2.0
869000	0.37105296241358676	1.0192155670684322	1.0	1.0	2.0
870000	0.13255935412658482	0.3215033136976405	1.0	1.0	2.0
871000	1.1152588557339447	2.5130679497109605	1.0	1.0	2.0
872000	0.4464422669324728	0.9304050417320278	1.0	1.0	2.0
873000	0.36662157765869263	0.87713151890543	1.0	1.0	2.0
874000	0.4250175450419077	0.8297085851432977	1.0	1.0	2.0
875000	1.6600990989977333	2.8941586769604783	1.0	1.0	2.0
876000	0.11377907084280528	0.26103327654215436	1.0	1.0	2.0
877000	0.0739991032533724	0.1895723634510785	1.0	1.0	2.0
878000	0.28616452826289096	0.5545195032360074	1.0	1.0	2.0
879000	0.3324480363339189	0.5584427578812499	1.0	1.0	2.0
880000	0.5115762729766543	0.8292012640190869	1.0	1.0	2.0
881000	1.0164846940270515	1.713402359887331	1.0	1.0	2.0
882000	2.576774050564693	4.916240566639998	1.0	1.0	2.0
883000	0.36295591433957386	0.7373894853576057	1.0	1.0	2.0
884000	0.5120102339246773	1.1471025969031678	1.0	1.0	2.0
885000	0.22566377578361746	0.4484768287111335	1.0	1.0	2.0
886000	0.7519982483776063	1.291854755424823	1.0	1.0	2.0
887000	1.1886055026147169	2.273176398706764	1.0	1.0	2.0
888000	0.3983795420733337	0.5968164699659942	1.0	1.0	2.0
889000	1.0165376589174548	1.9330788089644984	1.0	1.0	2.0
890000	0.9190061797591912	1.7487452773915466	1.0	1.0	2.0
891000	0.28599005014381323	0.7084688066602121	1.0	1.0	2.0
892000	1.8097825700950358	2.609871987551806	1.0	1.0	2.0
893000	0.37817144895355115	0.7603686413304133	1.0	1.0	2.0
894000	1.0905922489516435	2.155208154004368	1.0	1.0	2.0
895000	1.295130567012801	2.0205864707166024	1.0	1.0	2.0
896000	0.2600927573298956	0.7401211453374037	1.0	1.0	2.0
897000	0.04431008708119318	0.10928592113669756	1.0	1.0	2.0
898000	1.2109159324379903	1.961103435927784	1.0	1.0	2.0
899000	1.138968679641284	2.5530678581616213	1.0	1.0	2.0
900000	0.49876782906868017	0.7642169851213703	1.0	1.0	2.0
901000	1.0165344150045699	1.7648914480898346	1.0	1.0	2.0
902000	1.3441454864045688	3.470006915735273	1.0	1.0	2.0
903000	0.7242779173106761	1.3306165495776574	1.0	1.0	2.0
904000	1.1358375798495643	2.185470093727326	1.0	1.0	2.0
905000	0.5178961487585676	1.1306687015542747	1.0	1.0	2.0
906000	1.9571802076765825	4.024802071205034	1.0	1.0	2.0
907000	0.5335745937641199	1.0375389388445573	1.0	1.0	2.0
908000	2.035821094641004	3.331461956987597	1.0	1.0	2.0
909000	1.3279366350927169	3.1009632497267505	1.0	1.0	2.0
910000	0.361284100832463	0.8061829836828551	1.0	1.0	2.0
911000	0.560545639427892	1.2975982599889866	1.0	1.0	2.0
912000	0.1601356920365104	0.3574839859894541	1.0	1.0	2.0
913000	0.28101742513616906	0.672512394326255	1.0	1.0	2.0
914000	0.7497135141038345	1.77017100771131	1.0	1.0	2.0
915000	1.165951579918166	2.161551544060397	1.0	1.0	2.0
916000	0.43993874562222707	0.9106339393585866	1.0	1.0	2.0
917000	0.15392025235531215	0.3772409740267228	1.0	1.0	2.0
918000	0.3058708581502948	0.5086943132714913	1.0	1.0	2.0
919000	0.5742628531748447	1.2087986344079327	1.0	1.0	2.0
920000	0.7290119363671169	1.3960959287056116	1.0	1.0	2.0
921000	0.9176219432402971	1.8407110476160002	1.0	1.0	2.0
922000	0.5256074160317434	0.9038296385756734	1.0	1.0	2.0
923000	0.898937620620021	1.785112887349715	1.0	1.0	2.0
924000	0.7854776955469891	1.2578737754148934	1.0	1.0	2.0
925000	0.5850358097108764	1.3647472856631881	1.0	1.0	2.0
926000	0.5782988051814117	1.3120909171234783	1.0	1.0	2.0
927000	0.31270116114643604	0.6088522197584516	1.0	1.0	2.0
928000	0.33592772835765367	0.5549888882900403	1.0	1.0	2.0
929000	1.0580785513082263	2.286436709824001	1.0	1.0	2.0
930000	0.667450064795179	1.171696591229357	1.0	1.0	2.0
931000	1.101377869152374	1.5663086872074838	1.0	1.0	2.0
932000	0.468474117416725	1.025665710559018	1.0	1.0	2.0
933000	0.1449719545609693	0.26880036480719716	1.0	1.0	2.0
934000	0.23349693055423076	0.604198478904731	1.0	1.0	2.0
935000	0.1839249651941581	0.3854078964981149	1.0	1.0	2.0
936000	0.6646520706408601	1.4972505266323282	1.0	1.0	2.0
937000	0.833333912884824	1.7617795352241106	1.0	1.0	2.0
938000	2.3839882964499335	4.505426846673442	1.0	1.0	2.0
939000	1.2638298001083252	2.4193359357968474	1.0	1.0	2.0
940000	0.501824379084517	1.1957381009946155	1.0	1.0	2.0
941000	0.990128897103503	2.2837012857786707	1.0	1.0	2.0
942000	0.8047528077763945	1.5725858876378336	1.0	1.0	2.0
943000	1.1180766185817528	1.7976582415598379	1.0	1.0	2.0
944000	0.0621526090357647	0.14836971946214053	1.0	1.0	2.0
945000	0.3025451170685064	0.7384922706720222	1.0	1.0	2.0
946000	0.32966240666366486	0.7630763758566897	1.0	1.0	2.0
947000	0.8942986016522972	1.3914512526617715	1.0	1.0	2.0
948000	0.6160973186758956	1.1861397615633653	1.0	1.0	2.0
949000	0.3051458077211559	0.7460671519928488	1.0	1.0	2.0
950000	1.7857810968906678	3.2306167620725197	1.0	1.0	2.0
951000	0.6082859033500954	1.1922446381978982	1.0	1.0	2.0
952000	0.11826566637904888	0.20583418433657152	1.0	1.0	2.0
953000	0.849124864740281	1.8435665980388953	1.0	1.0	2.0
954000	0.40875538498553793	1.078483314091588	1.0	1.0	2.0
955000	0.6869434135237942	1.7239739945674786	1.0	1.0	2.0
956000	0.3769363833146622	0.785564684138436	1.0	1.0	2.0
957000	0.3440769038741453	0.77528108094042	1.0	1.0	2.0
958000	2.7487514513482867	5.214685140737062	1.0	1.0	2.0
959000	0.04451506763507458	0.08547227444435009	1.0	1.0	2.0
960000	0.45019078543279084	1.2918718649952412	1.0	1.0	2.0
961000	0.592100687294445	1.1312871905453816	1.0	1.0	2.0
962000	1.708546587505206	3.332447557641109	1.0	1.0	2.0
963000	1.3504238320109607	2.959901189017798	1.0	1.0	2.0
964000	0.2851383437962849	0.4491482179556665	1.0	1.0	2.0
965000	0.265273441923768	0.5590965087468437	1.0	1.0	2.0
966000	0.7672120691378209	1.3340504271713602	1.0	1.0	2.0
967000	0.2476429153698372	0.5544763481101701	1.0	1.0	2.0
968000	0.7028090602521411	1.2586342409135485	1.0	1.0	2.0
969000	0.7471542519806129	1.796253330562207	1.0	1.0	2.0
970000	0.026160454001799664	0.05499890994671813	1.0	1.0	2.0
971000	1.4724236117177008	3.5902814779934134	1.0	1.0	2.0
972000	1.1517896458729535	2.5178612481635723	1.0	1.0	2.0
973000	1.2691692142390494	2.3343399696424383	1.0	1.0	2.0
974000	0.4716790260569453	0.74594000792707	1.0	1.0	2.0
975000	0.7324868032404085	1.6290166410135591	1.0	1.0	2.0
976000	1.8262781612436931	3.0882778486574445	1.0	1.0	2.0
977000	0.21517133271093847	0.37763867571378595	1.0	1.0	2.0
978000	0.6434577020896833	2.0288593344069348	1.0	1.0	2.0
979000	1.1705230089785743	2.2573597160105745	1.0	1.0	2.0
980000	0.4178219073225394	1.0675243650132984	1.0	1.0	2.0
981000	0.4055647921243316	0.7873745162358933	1.0	1.0	2.0
982000	0.3740153566177795	0.8321435640667382	1.0	1.0	2.0
983000	0.8149457157110506	2.02679180465639	1.0	1.0	2.0
984000	1.1309393603518776	2.507227047097293	1.0	1.0	2.0
985000	1.2047026611344613	2.778668475687538	1.0	1.0	2.0
986000	0.6752049238860148	1.133923674142415	1.0	1.0	2.0
987000	0.746586016384974	1.445488123500301	1.0	1.0	2.0
988000	1.4287216350389662	2.8397813418656175	1.0	1.0	2.0
989000	0.24711213631033033	0.76984151142113	1.0	1.0	2.0
990000	0.6724663695312985	1.544488390412012	1.0	1.0	2.0
991000	1.3488991080229402	2.3171449002102684	1.0	1.0	2.0
992000	0.29419438910981616	0.6345157450795534	1.0	1.0	2.0
993000	0.2991080886722301	0.4929075711312154	1.0	1.0	2.0
994000	0.3719707076863616	0.8462272658833029	1.0	1.0	2.0
995000	0.5470467366673142	1.0093021947561955	1.0	1.0	2.0
996000	0.3720778184298754	0.8568598604579118	1.0	1.0	2.0
997000	0.5747038149154363	0.9655005167284127	1.0	1.0	2.0
998000	0.36906893214466524	1.049274709002783	1.0	1.0	2.0
999000	0.6226501349813851	1.5405673110918179	1.0	1.0	2.0
1000000	0.16461347790184133	0.3890902725200269	1.0	1.0	2.0
